<?xml version="1.0" encoding="UTF-8"?>
<!-- Generated by org.testng.reporters.JUnitXMLReporter -->
<testsuite hostname="DELC02X50JJJG5L" name="Command line test" tests="2023" failures="0" timestamp="23 Jun 2019 06:44:15 GMT" time="4.758" errors="0">
  <testcase name="testCreateBankAccount" time="0.433" classname="com.revolut.money.transfer.integration.BankAccountControllerTest"/>
  <testcase name="testGetAllBankAccounts" time="0.01" classname="com.revolut.money.transfer.integration.BankAccountControllerTest"/>
  <testcase name="testGetBankAccountById" time="0.006" classname="com.revolut.money.transfer.integration.BankAccountControllerTest"/>
  <testcase name="testGetNullBankAccount" time="0.011" classname="com.revolut.money.transfer.integration.BankAccountControllerTest"/>
  <testcase name="testIncorrectUpdateBankAccount" time="0.008" classname="com.revolut.money.transfer.integration.BankAccountControllerTest"/>
  <testcase name="testNonExistingBankAccountById" time="0.006" classname="com.revolut.money.transfer.integration.BankAccountControllerTest"/>
  <testcase name="testUpdateBankAccount" time="0.011" classname="com.revolut.money.transfer.integration.BankAccountControllerTest"/>
  <testcase name="testUpdateNonExistingBankAccount" time="0.006" classname="com.revolut.money.transfer.integration.BankAccountControllerTest"/>
  <testcase name="testConcurrentTransactionCreation" time="0.009" classname="com.revolut.money.transfer.integration.ConcurrentlyTransactionCreationAndExecutionTest"/>
  <testcase name="testConcurrentTransactionCreation" time="0.004" classname="com.revolut.money.transfer.integration.ConcurrentlyTransactionCreationAndExecutionTest"/>
  <testcase name="testConcurrentTransactionCreation" time="0.002" classname="com.revolut.money.transfer.integration.ConcurrentlyTransactionCreationAndExecutionTest"/>
  <testcase name="testConcurrentTransactionCreation" time="0.019" classname="com.revolut.money.transfer.integration.ConcurrentlyTransactionCreationAndExecutionTest"/>
  <testcase name="testConcurrentTransactionCreation" time="0.019" classname="com.revolut.money.transfer.integration.ConcurrentlyTransactionCreationAndExecutionTest"/>
  <testcase name="testConcurrentTransactionCreation" time="0.021" classname="com.revolut.money.transfer.integration.ConcurrentlyTransactionCreationAndExecutionTest"/>
  <testcase name="testConcurrentTransactionCreation" time="0.023" classname="com.revolut.money.transfer.integration.ConcurrentlyTransactionCreationAndExecutionTest"/>
  <testcase name="testConcurrentTransactionCreation" time="0.025" classname="com.revolut.money.transfer.integration.ConcurrentlyTransactionCreationAndExecutionTest"/>
  <testcase name="testConcurrentTransactionCreation" time="0.026" classname="com.revolut.money.transfer.integration.ConcurrentlyTransactionCreationAndExecutionTest"/>
  <testcase name="testConcurrentTransactionCreation" time="0.027" classname="com.revolut.money.transfer.integration.ConcurrentlyTransactionCreationAndExecutionTest"/>
  <testcase name="testConcurrentTransactionCreation" time="0.029" classname="com.revolut.money.transfer.integration.ConcurrentlyTransactionCreationAndExecutionTest"/>
  <testcase name="testConcurrentTransactionCreation" time="0.031" classname="com.revolut.money.transfer.integration.ConcurrentlyTransactionCreationAndExecutionTest"/>
  <testcase name="testConcurrentTransactionCreation" time="0.031" classname="com.revolut.money.transfer.integration.ConcurrentlyTransactionCreationAndExecutionTest"/>
  <testcase name="testConcurrentTransactionCreation" time="0.036" classname="com.revolut.money.transfer.integration.ConcurrentlyTransactionCreationAndExecutionTest"/>
  <testcase name="testConcurrentTransactionCreation" time="0.038" classname="com.revolut.money.transfer.integration.ConcurrentlyTransactionCreationAndExecutionTest"/>
  <testcase name="testConcurrentTransactionCreation" time="0.039" classname="com.revolut.money.transfer.integration.ConcurrentlyTransactionCreationAndExecutionTest"/>
  <testcase name="testConcurrentTransactionCreation" time="0.042" classname="com.revolut.money.transfer.integration.ConcurrentlyTransactionCreationAndExecutionTest"/>
  <testcase name="testConcurrentTransactionCreation" time="0.044" classname="com.revolut.money.transfer.integration.ConcurrentlyTransactionCreationAndExecutionTest"/>
  <testcase name="testConcurrentTransactionCreation" time="0.046" classname="com.revolut.money.transfer.integration.ConcurrentlyTransactionCreationAndExecutionTest"/>
  <testcase name="testConcurrentTransactionCreation" time="0.044" classname="com.revolut.money.transfer.integration.ConcurrentlyTransactionCreationAndExecutionTest"/>
  <testcase name="testConcurrentTransactionCreation" time="0.049" classname="com.revolut.money.transfer.integration.ConcurrentlyTransactionCreationAndExecutionTest"/>
  <testcase name="testConcurrentTransactionCreation" time="0.051" classname="com.revolut.money.transfer.integration.ConcurrentlyTransactionCreationAndExecutionTest"/>
  <testcase name="testConcurrentTransactionCreation" time="0.052" classname="com.revolut.money.transfer.integration.ConcurrentlyTransactionCreationAndExecutionTest"/>
  <testcase name="testConcurrentTransactionCreation" time="0.053" classname="com.revolut.money.transfer.integration.ConcurrentlyTransactionCreationAndExecutionTest"/>
  <testcase name="testConcurrentTransactionCreation" time="0.055" classname="com.revolut.money.transfer.integration.ConcurrentlyTransactionCreationAndExecutionTest"/>
  <testcase name="testConcurrentTransactionCreation" time="0.056" classname="com.revolut.money.transfer.integration.ConcurrentlyTransactionCreationAndExecutionTest"/>
  <testcase name="testConcurrentTransactionCreation" time="0.058" classname="com.revolut.money.transfer.integration.ConcurrentlyTransactionCreationAndExecutionTest"/>
  <testcase name="testConcurrentTransactionCreation" time="0.059" classname="com.revolut.money.transfer.integration.ConcurrentlyTransactionCreationAndExecutionTest"/>
  <testcase name="testConcurrentTransactionCreation" time="0.061" classname="com.revolut.money.transfer.integration.ConcurrentlyTransactionCreationAndExecutionTest"/>
  <testcase name="testConcurrentTransactionCreation" time="0.062" classname="com.revolut.money.transfer.integration.ConcurrentlyTransactionCreationAndExecutionTest"/>
  <testcase name="testConcurrentTransactionCreation" time="0.063" classname="com.revolut.money.transfer.integration.ConcurrentlyTransactionCreationAndExecutionTest"/>
  <testcase name="testConcurrentTransactionCreation" time="0.064" classname="com.revolut.money.transfer.integration.ConcurrentlyTransactionCreationAndExecutionTest"/>
  <testcase name="testConcurrentTransactionCreation" time="0.066" classname="com.revolut.money.transfer.integration.ConcurrentlyTransactionCreationAndExecutionTest"/>
  <testcase name="testConcurrentTransactionCreation" time="0.067" classname="com.revolut.money.transfer.integration.ConcurrentlyTransactionCreationAndExecutionTest"/>
  <testcase name="testConcurrentTransactionCreation" time="0.067" classname="com.revolut.money.transfer.integration.ConcurrentlyTransactionCreationAndExecutionTest"/>
  <testcase name="testConcurrentTransactionCreation" time="0.068" classname="com.revolut.money.transfer.integration.ConcurrentlyTransactionCreationAndExecutionTest"/>
  <testcase name="testConcurrentTransactionCreation" time="0.071" classname="com.revolut.money.transfer.integration.ConcurrentlyTransactionCreationAndExecutionTest"/>
  <testcase name="testConcurrentTransactionCreation" time="0.072" classname="com.revolut.money.transfer.integration.ConcurrentlyTransactionCreationAndExecutionTest"/>
  <testcase name="testConcurrentTransactionCreation" time="0.073" classname="com.revolut.money.transfer.integration.ConcurrentlyTransactionCreationAndExecutionTest"/>
  <testcase name="testConcurrentTransactionCreation" time="0.074" classname="com.revolut.money.transfer.integration.ConcurrentlyTransactionCreationAndExecutionTest"/>
  <testcase name="testConcurrentTransactionCreation" time="0.085" classname="com.revolut.money.transfer.integration.ConcurrentlyTransactionCreationAndExecutionTest"/>
  <testcase name="testConcurrentTransactionCreation" time="0.079" classname="com.revolut.money.transfer.integration.ConcurrentlyTransactionCreationAndExecutionTest"/>
  <testcase name="testConcurrentTransactionCreation" time="0.079" classname="com.revolut.money.transfer.integration.ConcurrentlyTransactionCreationAndExecutionTest"/>
  <testcase name="testConcurrentTransactionCreation" time="0.081" classname="com.revolut.money.transfer.integration.ConcurrentlyTransactionCreationAndExecutionTest"/>
  <testcase name="testConcurrentTransactionCreation" time="0.084" classname="com.revolut.money.transfer.integration.ConcurrentlyTransactionCreationAndExecutionTest"/>
  <testcase name="testConcurrentTransactionCreation" time="0.086" classname="com.revolut.money.transfer.integration.ConcurrentlyTransactionCreationAndExecutionTest"/>
  <testcase name="testConcurrentTransactionCreation" time="0.086" classname="com.revolut.money.transfer.integration.ConcurrentlyTransactionCreationAndExecutionTest"/>
  <testcase name="testConcurrentTransactionCreation" time="0.088" classname="com.revolut.money.transfer.integration.ConcurrentlyTransactionCreationAndExecutionTest"/>
  <testcase name="testConcurrentTransactionCreation" time="0.091" classname="com.revolut.money.transfer.integration.ConcurrentlyTransactionCreationAndExecutionTest"/>
  <testcase name="testConcurrentTransactionCreation" time="0.092" classname="com.revolut.money.transfer.integration.ConcurrentlyTransactionCreationAndExecutionTest"/>
  <testcase name="testConcurrentTransactionCreation" time="0.092" classname="com.revolut.money.transfer.integration.ConcurrentlyTransactionCreationAndExecutionTest"/>
  <testcase name="testConcurrentTransactionCreation" time="0.094" classname="com.revolut.money.transfer.integration.ConcurrentlyTransactionCreationAndExecutionTest"/>
  <testcase name="testConcurrentTransactionCreation" time="0.096" classname="com.revolut.money.transfer.integration.ConcurrentlyTransactionCreationAndExecutionTest"/>
  <testcase name="testConcurrentTransactionCreation" time="0.098" classname="com.revolut.money.transfer.integration.ConcurrentlyTransactionCreationAndExecutionTest"/>
  <testcase name="testConcurrentTransactionCreation" time="0.098" classname="com.revolut.money.transfer.integration.ConcurrentlyTransactionCreationAndExecutionTest"/>
  <testcase name="testConcurrentTransactionCreation" time="0.099" classname="com.revolut.money.transfer.integration.ConcurrentlyTransactionCreationAndExecutionTest"/>
  <testcase name="testConcurrentTransactionCreation" time="0.101" classname="com.revolut.money.transfer.integration.ConcurrentlyTransactionCreationAndExecutionTest"/>
  <testcase name="testConcurrentTransactionCreation" time="0.102" classname="com.revolut.money.transfer.integration.ConcurrentlyTransactionCreationAndExecutionTest"/>
  <testcase name="testConcurrentTransactionCreation" time="0.103" classname="com.revolut.money.transfer.integration.ConcurrentlyTransactionCreationAndExecutionTest"/>
  <testcase name="testConcurrentTransactionCreation" time="0.103" classname="com.revolut.money.transfer.integration.ConcurrentlyTransactionCreationAndExecutionTest"/>
  <testcase name="testConcurrentTransactionCreation" time="0.105" classname="com.revolut.money.transfer.integration.ConcurrentlyTransactionCreationAndExecutionTest"/>
  <testcase name="testConcurrentTransactionCreation" time="0.106" classname="com.revolut.money.transfer.integration.ConcurrentlyTransactionCreationAndExecutionTest"/>
  <testcase name="testConcurrentTransactionCreation" time="0.106" classname="com.revolut.money.transfer.integration.ConcurrentlyTransactionCreationAndExecutionTest"/>
  <testcase name="testConcurrentTransactionCreation" time="0.107" classname="com.revolut.money.transfer.integration.ConcurrentlyTransactionCreationAndExecutionTest"/>
  <testcase name="testConcurrentTransactionCreation" time="0.11" classname="com.revolut.money.transfer.integration.ConcurrentlyTransactionCreationAndExecutionTest"/>
  <testcase name="testConcurrentTransactionCreation" time="0.111" classname="com.revolut.money.transfer.integration.ConcurrentlyTransactionCreationAndExecutionTest"/>
  <testcase name="testConcurrentTransactionCreation" time="0.112" classname="com.revolut.money.transfer.integration.ConcurrentlyTransactionCreationAndExecutionTest"/>
  <testcase name="testConcurrentTransactionCreation" time="0.111" classname="com.revolut.money.transfer.integration.ConcurrentlyTransactionCreationAndExecutionTest"/>
  <testcase name="testConcurrentTransactionCreation" time="0.13" classname="com.revolut.money.transfer.integration.ConcurrentlyTransactionCreationAndExecutionTest"/>
  <testcase name="testConcurrentTransactionCreation" time="0.116" classname="com.revolut.money.transfer.integration.ConcurrentlyTransactionCreationAndExecutionTest"/>
  <testcase name="testConcurrentTransactionCreation" time="0.117" classname="com.revolut.money.transfer.integration.ConcurrentlyTransactionCreationAndExecutionTest"/>
  <testcase name="testConcurrentTransactionCreation" time="0.117" classname="com.revolut.money.transfer.integration.ConcurrentlyTransactionCreationAndExecutionTest"/>
  <testcase name="testConcurrentTransactionCreation" time="0.12" classname="com.revolut.money.transfer.integration.ConcurrentlyTransactionCreationAndExecutionTest"/>
  <testcase name="testConcurrentTransactionCreation" time="0.121" classname="com.revolut.money.transfer.integration.ConcurrentlyTransactionCreationAndExecutionTest"/>
  <testcase name="testConcurrentTransactionCreation" time="0.123" classname="com.revolut.money.transfer.integration.ConcurrentlyTransactionCreationAndExecutionTest"/>
  <testcase name="testConcurrentTransactionCreation" time="0.124" classname="com.revolut.money.transfer.integration.ConcurrentlyTransactionCreationAndExecutionTest"/>
  <testcase name="testConcurrentTransactionCreation" time="0.126" classname="com.revolut.money.transfer.integration.ConcurrentlyTransactionCreationAndExecutionTest"/>
  <testcase name="testConcurrentTransactionCreation" time="0.127" classname="com.revolut.money.transfer.integration.ConcurrentlyTransactionCreationAndExecutionTest"/>
  <testcase name="testConcurrentTransactionCreation" time="0.128" classname="com.revolut.money.transfer.integration.ConcurrentlyTransactionCreationAndExecutionTest"/>
  <testcase name="testConcurrentTransactionCreation" time="0.129" classname="com.revolut.money.transfer.integration.ConcurrentlyTransactionCreationAndExecutionTest"/>
  <testcase name="testConcurrentTransactionCreation" time="0.131" classname="com.revolut.money.transfer.integration.ConcurrentlyTransactionCreationAndExecutionTest"/>
  <testcase name="testConcurrentTransactionCreation" time="0.131" classname="com.revolut.money.transfer.integration.ConcurrentlyTransactionCreationAndExecutionTest"/>
  <testcase name="testConcurrentTransactionCreation" time="0.133" classname="com.revolut.money.transfer.integration.ConcurrentlyTransactionCreationAndExecutionTest"/>
  <testcase name="testConcurrentTransactionCreation" time="0.133" classname="com.revolut.money.transfer.integration.ConcurrentlyTransactionCreationAndExecutionTest"/>
  <testcase name="testConcurrentTransactionCreation" time="0.133" classname="com.revolut.money.transfer.integration.ConcurrentlyTransactionCreationAndExecutionTest"/>
  <testcase name="testConcurrentTransactionCreation" time="0.154" classname="com.revolut.money.transfer.integration.ConcurrentlyTransactionCreationAndExecutionTest"/>
  <testcase name="testConcurrentTransactionCreation" time="0.154" classname="com.revolut.money.transfer.integration.ConcurrentlyTransactionCreationAndExecutionTest"/>
  <testcase name="testConcurrentTransactionCreation" time="0.152" classname="com.revolut.money.transfer.integration.ConcurrentlyTransactionCreationAndExecutionTest"/>
  <testcase name="testConcurrentTransactionCreation" time="0.152" classname="com.revolut.money.transfer.integration.ConcurrentlyTransactionCreationAndExecutionTest"/>
  <testcase name="testConcurrentTransactionCreation" time="0.151" classname="com.revolut.money.transfer.integration.ConcurrentlyTransactionCreationAndExecutionTest"/>
  <testcase name="testConcurrentTransactionCreation" time="0.151" classname="com.revolut.money.transfer.integration.ConcurrentlyTransactionCreationAndExecutionTest"/>
  <testcase name="testConcurrentTransactionCreation" time="0.149" classname="com.revolut.money.transfer.integration.ConcurrentlyTransactionCreationAndExecutionTest"/>
  <testcase name="testConcurrentTransactionCreation" time="0.279" classname="com.revolut.money.transfer.integration.ConcurrentlyTransactionCreationAndExecutionTest"/>
  <testcase name="testConcurrentTransactionCreation" time="0.278" classname="com.revolut.money.transfer.integration.ConcurrentlyTransactionCreationAndExecutionTest"/>
  <testcase name="testConcurrentTransactionCreation" time="0.278" classname="com.revolut.money.transfer.integration.ConcurrentlyTransactionCreationAndExecutionTest"/>
  <testcase name="testConcurrentTransactionCreation" time="0.277" classname="com.revolut.money.transfer.integration.ConcurrentlyTransactionCreationAndExecutionTest"/>
  <testcase name="testConcurrentTransactionCreation" time="0.276" classname="com.revolut.money.transfer.integration.ConcurrentlyTransactionCreationAndExecutionTest"/>
  <testcase name="testConcurrentTransactionCreation" time="0.266" classname="com.revolut.money.transfer.integration.ConcurrentlyTransactionCreationAndExecutionTest"/>
  <testcase name="testConcurrentTransactionCreation" time="0.266" classname="com.revolut.money.transfer.integration.ConcurrentlyTransactionCreationAndExecutionTest"/>
  <testcase name="testConcurrentTransactionCreation" time="0.262" classname="com.revolut.money.transfer.integration.ConcurrentlyTransactionCreationAndExecutionTest"/>
  <testcase name="testConcurrentTransactionCreation" time="0.262" classname="com.revolut.money.transfer.integration.ConcurrentlyTransactionCreationAndExecutionTest"/>
  <testcase name="testConcurrentTransactionCreation" time="0.11" classname="com.revolut.money.transfer.integration.ConcurrentlyTransactionCreationAndExecutionTest"/>
  <testcase name="testConcurrentTransactionCreation" time="0.11" classname="com.revolut.money.transfer.integration.ConcurrentlyTransactionCreationAndExecutionTest"/>
  <testcase name="testConcurrentTransactionCreation" time="0.11" classname="com.revolut.money.transfer.integration.ConcurrentlyTransactionCreationAndExecutionTest"/>
  <testcase name="testConcurrentTransactionCreation" time="0.26" classname="com.revolut.money.transfer.integration.ConcurrentlyTransactionCreationAndExecutionTest"/>
  <testcase name="testConcurrentTransactionCreation" time="0.26" classname="com.revolut.money.transfer.integration.ConcurrentlyTransactionCreationAndExecutionTest"/>
  <testcase name="testConcurrentTransactionCreation" time="0.259" classname="com.revolut.money.transfer.integration.ConcurrentlyTransactionCreationAndExecutionTest"/>
  <testcase name="testConcurrentTransactionCreation" time="0.257" classname="com.revolut.money.transfer.integration.ConcurrentlyTransactionCreationAndExecutionTest"/>
  <testcase name="testConcurrentTransactionCreation" time="0.256" classname="com.revolut.money.transfer.integration.ConcurrentlyTransactionCreationAndExecutionTest"/>
  <testcase name="testConcurrentTransactionCreation" time="0.255" classname="com.revolut.money.transfer.integration.ConcurrentlyTransactionCreationAndExecutionTest"/>
  <testcase name="testConcurrentTransactionCreation" time="0.256" classname="com.revolut.money.transfer.integration.ConcurrentlyTransactionCreationAndExecutionTest"/>
  <testcase name="testConcurrentTransactionCreation" time="0.002" classname="com.revolut.money.transfer.integration.ConcurrentlyTransactionCreationAndExecutionTest"/>
  <testcase name="testConcurrentTransactionCreation" time="0.257" classname="com.revolut.money.transfer.integration.ConcurrentlyTransactionCreationAndExecutionTest"/>
  <testcase name="testConcurrentTransactionCreation" time="0.258" classname="com.revolut.money.transfer.integration.ConcurrentlyTransactionCreationAndExecutionTest"/>
  <testcase name="testConcurrentTransactionCreation" time="0.256" classname="com.revolut.money.transfer.integration.ConcurrentlyTransactionCreationAndExecutionTest"/>
  <testcase name="testConcurrentTransactionCreation" time="0.257" classname="com.revolut.money.transfer.integration.ConcurrentlyTransactionCreationAndExecutionTest"/>
  <testcase name="testConcurrentTransactionCreation" time="0.256" classname="com.revolut.money.transfer.integration.ConcurrentlyTransactionCreationAndExecutionTest"/>
  <testcase name="testConcurrentTransactionCreation" time="0.256" classname="com.revolut.money.transfer.integration.ConcurrentlyTransactionCreationAndExecutionTest"/>
  <testcase name="testConcurrentTransactionCreation" time="0.106" classname="com.revolut.money.transfer.integration.ConcurrentlyTransactionCreationAndExecutionTest"/>
  <testcase name="testConcurrentTransactionCreation" time="0.105" classname="com.revolut.money.transfer.integration.ConcurrentlyTransactionCreationAndExecutionTest"/>
  <testcase name="testConcurrentTransactionCreation" time="0.106" classname="com.revolut.money.transfer.integration.ConcurrentlyTransactionCreationAndExecutionTest"/>
  <testcase name="testConcurrentTransactionCreation" time="0.385" classname="com.revolut.money.transfer.integration.ConcurrentlyTransactionCreationAndExecutionTest"/>
  <testcase name="testConcurrentTransactionCreation" time="0.383" classname="com.revolut.money.transfer.integration.ConcurrentlyTransactionCreationAndExecutionTest"/>
  <testcase name="testConcurrentTransactionCreation" time="0.382" classname="com.revolut.money.transfer.integration.ConcurrentlyTransactionCreationAndExecutionTest"/>
  <testcase name="testConcurrentTransactionCreation" time="0.423" classname="com.revolut.money.transfer.integration.ConcurrentlyTransactionCreationAndExecutionTest"/>
  <testcase name="testConcurrentTransactionCreation" time="0.373" classname="com.revolut.money.transfer.integration.ConcurrentlyTransactionCreationAndExecutionTest"/>
  <testcase name="testConcurrentTransactionCreation" time="0.372" classname="com.revolut.money.transfer.integration.ConcurrentlyTransactionCreationAndExecutionTest"/>
  <testcase name="testConcurrentTransactionCreation" time="0.371" classname="com.revolut.money.transfer.integration.ConcurrentlyTransactionCreationAndExecutionTest"/>
  <testcase name="testConcurrentTransactionCreation" time="0.37" classname="com.revolut.money.transfer.integration.ConcurrentlyTransactionCreationAndExecutionTest"/>
  <testcase name="testConcurrentTransactionCreation" time="0.369" classname="com.revolut.money.transfer.integration.ConcurrentlyTransactionCreationAndExecutionTest"/>
  <testcase name="testConcurrentTransactionCreation" time="0.102" classname="com.revolut.money.transfer.integration.ConcurrentlyTransactionCreationAndExecutionTest"/>
  <testcase name="testConcurrentTransactionCreation" time="0.102" classname="com.revolut.money.transfer.integration.ConcurrentlyTransactionCreationAndExecutionTest"/>
  <testcase name="testConcurrentTransactionCreation" time="0.366" classname="com.revolut.money.transfer.integration.ConcurrentlyTransactionCreationAndExecutionTest"/>
  <testcase name="testConcurrentTransactionCreation" time="0.365" classname="com.revolut.money.transfer.integration.ConcurrentlyTransactionCreationAndExecutionTest"/>
  <testcase name="testConcurrentTransactionCreation" time="0.364" classname="com.revolut.money.transfer.integration.ConcurrentlyTransactionCreationAndExecutionTest"/>
  <testcase name="testConcurrentTransactionCreation" time="0.438" classname="com.revolut.money.transfer.integration.ConcurrentlyTransactionCreationAndExecutionTest"/>
  <testcase name="testConcurrentTransactionCreation" time="0.097" classname="com.revolut.money.transfer.integration.ConcurrentlyTransactionCreationAndExecutionTest"/>
  <testcase name="testConcurrentTransactionCreation" time="0.095" classname="com.revolut.money.transfer.integration.ConcurrentlyTransactionCreationAndExecutionTest"/>
  <testcase name="testConcurrentTransactionCreation" time="0.095" classname="com.revolut.money.transfer.integration.ConcurrentlyTransactionCreationAndExecutionTest"/>
  <testcase name="testConcurrentTransactionCreation" time="0.093" classname="com.revolut.money.transfer.integration.ConcurrentlyTransactionCreationAndExecutionTest"/>
  <testcase name="testConcurrentTransactionCreation" time="0.366" classname="com.revolut.money.transfer.integration.ConcurrentlyTransactionCreationAndExecutionTest"/>
  <testcase name="testConcurrentTransactionCreation" time="0.101" classname="com.revolut.money.transfer.integration.ConcurrentlyTransactionCreationAndExecutionTest"/>
  <testcase name="testConcurrentTransactionCreation" time="0.357" classname="com.revolut.money.transfer.integration.ConcurrentlyTransactionCreationAndExecutionTest"/>
  <testcase name="testConcurrentTransactionCreation" time="0.353" classname="com.revolut.money.transfer.integration.ConcurrentlyTransactionCreationAndExecutionTest"/>
  <testcase name="testConcurrentTransactionCreation" time="0.353" classname="com.revolut.money.transfer.integration.ConcurrentlyTransactionCreationAndExecutionTest"/>
  <testcase name="testConcurrentTransactionCreation" time="0.35" classname="com.revolut.money.transfer.integration.ConcurrentlyTransactionCreationAndExecutionTest"/>
  <testcase name="testConcurrentTransactionCreation" time="0.094" classname="com.revolut.money.transfer.integration.ConcurrentlyTransactionCreationAndExecutionTest"/>
  <testcase name="testConcurrentTransactionCreation" time="0.093" classname="com.revolut.money.transfer.integration.ConcurrentlyTransactionCreationAndExecutionTest"/>
  <testcase name="testConcurrentTransactionCreation" time="0.1" classname="com.revolut.money.transfer.integration.ConcurrentlyTransactionCreationAndExecutionTest"/>
  <testcase name="testConcurrentTransactionCreation" time="0.363" classname="com.revolut.money.transfer.integration.ConcurrentlyTransactionCreationAndExecutionTest"/>
  <testcase name="testConcurrentTransactionCreation" time="0.353" classname="com.revolut.money.transfer.integration.ConcurrentlyTransactionCreationAndExecutionTest"/>
  <testcase name="testConcurrentTransactionCreation" time="0.465" classname="com.revolut.money.transfer.integration.ConcurrentlyTransactionCreationAndExecutionTest"/>
  <testcase name="testConcurrentTransactionCreation" time="0.351" classname="com.revolut.money.transfer.integration.ConcurrentlyTransactionCreationAndExecutionTest"/>
  <testcase name="testConcurrentTransactionCreation" time="0.35" classname="com.revolut.money.transfer.integration.ConcurrentlyTransactionCreationAndExecutionTest"/>
  <testcase name="testConcurrentTransactionCreation" time="0.349" classname="com.revolut.money.transfer.integration.ConcurrentlyTransactionCreationAndExecutionTest"/>
  <testcase name="testConcurrentTransactionCreation" time="0.469" classname="com.revolut.money.transfer.integration.ConcurrentlyTransactionCreationAndExecutionTest"/>
  <testcase name="testConcurrentTransactionCreation" time="0.343" classname="com.revolut.money.transfer.integration.ConcurrentlyTransactionCreationAndExecutionTest"/>
  <testcase name="testConcurrentTransactionCreation" time="0.342" classname="com.revolut.money.transfer.integration.ConcurrentlyTransactionCreationAndExecutionTest"/>
  <testcase name="testConcurrentTransactionCreation" time="0.342" classname="com.revolut.money.transfer.integration.ConcurrentlyTransactionCreationAndExecutionTest"/>
  <testcase name="testConcurrentTransactionCreation" time="0.082" classname="com.revolut.money.transfer.integration.ConcurrentlyTransactionCreationAndExecutionTest"/>
  <testcase name="testConcurrentTransactionCreation" time="0.082" classname="com.revolut.money.transfer.integration.ConcurrentlyTransactionCreationAndExecutionTest"/>
  <testcase name="testConcurrentTransactionCreation" time="0.082" classname="com.revolut.money.transfer.integration.ConcurrentlyTransactionCreationAndExecutionTest"/>
  <testcase name="testConcurrentTransactionCreation" time="0.082" classname="com.revolut.money.transfer.integration.ConcurrentlyTransactionCreationAndExecutionTest"/>
  <testcase name="testConcurrentTransactionCreation" time="0.082" classname="com.revolut.money.transfer.integration.ConcurrentlyTransactionCreationAndExecutionTest"/>
  <testcase name="testConcurrentTransactionCreation" time="0.457" classname="com.revolut.money.transfer.integration.ConcurrentlyTransactionCreationAndExecutionTest"/>
  <testcase name="testConcurrentTransactionCreation" time="0.455" classname="com.revolut.money.transfer.integration.ConcurrentlyTransactionCreationAndExecutionTest"/>
  <testcase name="testConcurrentTransactionCreation" time="0.079" classname="com.revolut.money.transfer.integration.ConcurrentlyTransactionCreationAndExecutionTest"/>
  <testcase name="testConcurrentTransactionCreation" time="0.078" classname="com.revolut.money.transfer.integration.ConcurrentlyTransactionCreationAndExecutionTest"/>
  <testcase name="testConcurrentTransactionCreation" time="0.079" classname="com.revolut.money.transfer.integration.ConcurrentlyTransactionCreationAndExecutionTest"/>
  <testcase name="testConcurrentTransactionCreation" time="0.079" classname="com.revolut.money.transfer.integration.ConcurrentlyTransactionCreationAndExecutionTest"/>
  <testcase name="testConcurrentTransactionCreation" time="0.078" classname="com.revolut.money.transfer.integration.ConcurrentlyTransactionCreationAndExecutionTest"/>
  <testcase name="testConcurrentTransactionCreation" time="0.077" classname="com.revolut.money.transfer.integration.ConcurrentlyTransactionCreationAndExecutionTest"/>
  <testcase name="testConcurrentTransactionCreation" time="0.077" classname="com.revolut.money.transfer.integration.ConcurrentlyTransactionCreationAndExecutionTest"/>
  <testcase name="testConcurrentTransactionCreation" time="0.077" classname="com.revolut.money.transfer.integration.ConcurrentlyTransactionCreationAndExecutionTest"/>
  <testcase name="testConcurrentTransactionCreation" time="0.438" classname="com.revolut.money.transfer.integration.ConcurrentlyTransactionCreationAndExecutionTest"/>
  <testcase name="testConcurrentTransactionCreation" time="0.438" classname="com.revolut.money.transfer.integration.ConcurrentlyTransactionCreationAndExecutionTest"/>
  <testcase name="testConcurrentTransactionCreation" time="0.437" classname="com.revolut.money.transfer.integration.ConcurrentlyTransactionCreationAndExecutionTest"/>
  <testcase name="testConcurrentTransactionCreation" time="0.071" classname="com.revolut.money.transfer.integration.ConcurrentlyTransactionCreationAndExecutionTest"/>
  <testcase name="testConcurrentTransactionCreation" time="0.071" classname="com.revolut.money.transfer.integration.ConcurrentlyTransactionCreationAndExecutionTest"/>
  <testcase name="testConcurrentTransactionCreation" time="0.164" classname="com.revolut.money.transfer.integration.ConcurrentlyTransactionCreationAndExecutionTest"/>
  <testcase name="testConcurrentTransactionCreation" time="0.165" classname="com.revolut.money.transfer.integration.ConcurrentlyTransactionCreationAndExecutionTest"/>
  <testcase name="testConcurrentTransactionCreation" time="0.064" classname="com.revolut.money.transfer.integration.ConcurrentlyTransactionCreationAndExecutionTest"/>
  <testcase name="testConcurrentTransactionCreation" time="0.163" classname="com.revolut.money.transfer.integration.ConcurrentlyTransactionCreationAndExecutionTest"/>
  <testcase name="testConcurrentTransactionCreation" time="0.065" classname="com.revolut.money.transfer.integration.ConcurrentlyTransactionCreationAndExecutionTest"/>
  <testcase name="testConcurrentTransactionCreation" time="0.064" classname="com.revolut.money.transfer.integration.ConcurrentlyTransactionCreationAndExecutionTest"/>
  <testcase name="testConcurrentTransactionCreation" time="0.065" classname="com.revolut.money.transfer.integration.ConcurrentlyTransactionCreationAndExecutionTest"/>
  <testcase name="testConcurrentTransactionCreation" time="0.065" classname="com.revolut.money.transfer.integration.ConcurrentlyTransactionCreationAndExecutionTest"/>
  <testcase name="testConcurrentTransactionCreation" time="0.064" classname="com.revolut.money.transfer.integration.ConcurrentlyTransactionCreationAndExecutionTest"/>
  <testcase name="testConcurrentTransactionCreation" time="0.058" classname="com.revolut.money.transfer.integration.ConcurrentlyTransactionCreationAndExecutionTest"/>
  <testcase name="testConcurrentTransactionCreation" time="0.156" classname="com.revolut.money.transfer.integration.ConcurrentlyTransactionCreationAndExecutionTest"/>
  <testcase name="testConcurrentTransactionCreation" time="0.156" classname="com.revolut.money.transfer.integration.ConcurrentlyTransactionCreationAndExecutionTest"/>
  <testcase name="testConcurrentTransactionCreation" time="0.155" classname="com.revolut.money.transfer.integration.ConcurrentlyTransactionCreationAndExecutionTest"/>
  <testcase name="testConcurrentTransactionCreation" time="0.41" classname="com.revolut.money.transfer.integration.ConcurrentlyTransactionCreationAndExecutionTest"/>
  <testcase name="testConcurrentTransactionCreation" time="0.41" classname="com.revolut.money.transfer.integration.ConcurrentlyTransactionCreationAndExecutionTest"/>
  <testcase name="testConcurrentTransactionCreation" time="0.059" classname="com.revolut.money.transfer.integration.ConcurrentlyTransactionCreationAndExecutionTest"/>
  <testcase name="testConcurrentTransactionCreation" time="0.059" classname="com.revolut.money.transfer.integration.ConcurrentlyTransactionCreationAndExecutionTest"/>
  <testcase name="testConcurrentTransactionCreation" time="0.059" classname="com.revolut.money.transfer.integration.ConcurrentlyTransactionCreationAndExecutionTest"/>
  <testcase name="testConcurrentTransactionCreation" time="0.002" classname="com.revolut.money.transfer.integration.ConcurrentlyTransactionCreationAndExecutionTest"/>
  <testcase name="testConcurrentTransactionCreation" time="0.406" classname="com.revolut.money.transfer.integration.ConcurrentlyTransactionCreationAndExecutionTest"/>
  <testcase name="testConcurrentTransactionCreation" time="0.407" classname="com.revolut.money.transfer.integration.ConcurrentlyTransactionCreationAndExecutionTest"/>
  <testcase name="testConcurrentTransactionCreation" time="0.405" classname="com.revolut.money.transfer.integration.ConcurrentlyTransactionCreationAndExecutionTest"/>
  <testcase name="testConcurrentTransactionCreation" time="0.061" classname="com.revolut.money.transfer.integration.ConcurrentlyTransactionCreationAndExecutionTest"/>
  <testcase name="testConcurrentTransactionCreation" time="0.061" classname="com.revolut.money.transfer.integration.ConcurrentlyTransactionCreationAndExecutionTest"/>
  <testcase name="testConcurrentTransactionCreation" time="0.062" classname="com.revolut.money.transfer.integration.ConcurrentlyTransactionCreationAndExecutionTest"/>
  <testcase name="testConcurrentTransactionCreation" time="0.061" classname="com.revolut.money.transfer.integration.ConcurrentlyTransactionCreationAndExecutionTest"/>
  <testcase name="testConcurrentTransactionCreation" time="0.065" classname="com.revolut.money.transfer.integration.ConcurrentlyTransactionCreationAndExecutionTest"/>
  <testcase name="testConcurrentTransactionCreation" time="0.064" classname="com.revolut.money.transfer.integration.ConcurrentlyTransactionCreationAndExecutionTest"/>
  <testcase name="testConcurrentTransactionCreation" time="0.064" classname="com.revolut.money.transfer.integration.ConcurrentlyTransactionCreationAndExecutionTest"/>
  <testcase name="testConcurrentTransactionCreation" time="0.068" classname="com.revolut.money.transfer.integration.ConcurrentlyTransactionCreationAndExecutionTest"/>
  <testcase name="testConcurrentTransactionCreation" time="0.25" classname="com.revolut.money.transfer.integration.ConcurrentlyTransactionCreationAndExecutionTest"/>
  <testcase name="testConcurrentTransactionCreation" time="0.25" classname="com.revolut.money.transfer.integration.ConcurrentlyTransactionCreationAndExecutionTest"/>
  <testcase name="testConcurrentTransactionCreation" time="0.251" classname="com.revolut.money.transfer.integration.ConcurrentlyTransactionCreationAndExecutionTest"/>
  <testcase name="testConcurrentTransactionCreation" time="0.067" classname="com.revolut.money.transfer.integration.ConcurrentlyTransactionCreationAndExecutionTest"/>
  <testcase name="testConcurrentTransactionCreation" time="0.068" classname="com.revolut.money.transfer.integration.ConcurrentlyTransactionCreationAndExecutionTest"/>
  <testcase name="testConcurrentTransactionCreation" time="0.068" classname="com.revolut.money.transfer.integration.ConcurrentlyTransactionCreationAndExecutionTest"/>
  <testcase name="testConcurrentTransactionCreation" time="0.068" classname="com.revolut.money.transfer.integration.ConcurrentlyTransactionCreationAndExecutionTest"/>
  <testcase name="testConcurrentTransactionCreation" time="0.069" classname="com.revolut.money.transfer.integration.ConcurrentlyTransactionCreationAndExecutionTest"/>
  <testcase name="testConcurrentTransactionCreation" time="0.068" classname="com.revolut.money.transfer.integration.ConcurrentlyTransactionCreationAndExecutionTest"/>
  <testcase name="testConcurrentTransactionCreation" time="0.069" classname="com.revolut.money.transfer.integration.ConcurrentlyTransactionCreationAndExecutionTest"/>
  <testcase name="testConcurrentTransactionCreation" time="0.506" classname="com.revolut.money.transfer.integration.ConcurrentlyTransactionCreationAndExecutionTest"/>
  <testcase name="testConcurrentTransactionCreation" time="0.505" classname="com.revolut.money.transfer.integration.ConcurrentlyTransactionCreationAndExecutionTest"/>
  <testcase name="testConcurrentTransactionCreation" time="0.072" classname="com.revolut.money.transfer.integration.ConcurrentlyTransactionCreationAndExecutionTest"/>
  <testcase name="testConcurrentTransactionCreation" time="0.072" classname="com.revolut.money.transfer.integration.ConcurrentlyTransactionCreationAndExecutionTest"/>
  <testcase name="testConcurrentTransactionCreation" time="0.073" classname="com.revolut.money.transfer.integration.ConcurrentlyTransactionCreationAndExecutionTest"/>
  <testcase name="testConcurrentTransactionCreation" time="0.074" classname="com.revolut.money.transfer.integration.ConcurrentlyTransactionCreationAndExecutionTest"/>
  <testcase name="testConcurrentTransactionCreation" time="0.074" classname="com.revolut.money.transfer.integration.ConcurrentlyTransactionCreationAndExecutionTest"/>
  <testcase name="testConcurrentTransactionCreation" time="0.074" classname="com.revolut.money.transfer.integration.ConcurrentlyTransactionCreationAndExecutionTest"/>
  <testcase name="testConcurrentTransactionCreation" time="0.074" classname="com.revolut.money.transfer.integration.ConcurrentlyTransactionCreationAndExecutionTest"/>
  <testcase name="testConcurrentTransactionCreation" time="0.0" classname="com.revolut.money.transfer.integration.ConcurrentlyTransactionCreationAndExecutionTest"/>
  <testcase name="testConcurrentTransactionCreation" time="0.073" classname="com.revolut.money.transfer.integration.ConcurrentlyTransactionCreationAndExecutionTest"/>
  <testcase name="testConcurrentTransactionCreation" time="0.071" classname="com.revolut.money.transfer.integration.ConcurrentlyTransactionCreationAndExecutionTest"/>
  <testcase name="testConcurrentTransactionCreation" time="0.13" classname="com.revolut.money.transfer.integration.ConcurrentlyTransactionCreationAndExecutionTest"/>
  <testcase name="testConcurrentTransactionCreation" time="0.069" classname="com.revolut.money.transfer.integration.ConcurrentlyTransactionCreationAndExecutionTest"/>
  <testcase name="testConcurrentTransactionCreation" time="0.069" classname="com.revolut.money.transfer.integration.ConcurrentlyTransactionCreationAndExecutionTest"/>
  <testcase name="testConcurrentTransactionCreation" time="0.069" classname="com.revolut.money.transfer.integration.ConcurrentlyTransactionCreationAndExecutionTest"/>
  <testcase name="testConcurrentTransactionCreation" time="0.069" classname="com.revolut.money.transfer.integration.ConcurrentlyTransactionCreationAndExecutionTest"/>
  <testcase name="testConcurrentTransactionCreation" time="0.074" classname="com.revolut.money.transfer.integration.ConcurrentlyTransactionCreationAndExecutionTest"/>
  <testcase name="testConcurrentTransactionCreation" time="0.073" classname="com.revolut.money.transfer.integration.ConcurrentlyTransactionCreationAndExecutionTest"/>
  <testcase name="testConcurrentTransactionCreation" time="0.073" classname="com.revolut.money.transfer.integration.ConcurrentlyTransactionCreationAndExecutionTest"/>
  <testcase name="testConcurrentTransactionCreation" time="0.071" classname="com.revolut.money.transfer.integration.ConcurrentlyTransactionCreationAndExecutionTest"/>
  <testcase name="testConcurrentTransactionCreation" time="0.071" classname="com.revolut.money.transfer.integration.ConcurrentlyTransactionCreationAndExecutionTest"/>
  <testcase name="testConcurrentTransactionCreation" time="0.072" classname="com.revolut.money.transfer.integration.ConcurrentlyTransactionCreationAndExecutionTest"/>
  <testcase name="testConcurrentTransactionCreation" time="0.595" classname="com.revolut.money.transfer.integration.ConcurrentlyTransactionCreationAndExecutionTest"/>
  <testcase name="testConcurrentTransactionCreation" time="0.138" classname="com.revolut.money.transfer.integration.ConcurrentlyTransactionCreationAndExecutionTest"/>
  <testcase name="testConcurrentTransactionCreation" time="0.071" classname="com.revolut.money.transfer.integration.ConcurrentlyTransactionCreationAndExecutionTest"/>
  <testcase name="testConcurrentTransactionCreation" time="0.07" classname="com.revolut.money.transfer.integration.ConcurrentlyTransactionCreationAndExecutionTest"/>
  <testcase name="testConcurrentTransactionCreation" time="0.069" classname="com.revolut.money.transfer.integration.ConcurrentlyTransactionCreationAndExecutionTest"/>
  <testcase name="testConcurrentTransactionCreation" time="0.07" classname="com.revolut.money.transfer.integration.ConcurrentlyTransactionCreationAndExecutionTest"/>
  <testcase name="testConcurrentTransactionCreation" time="0.07" classname="com.revolut.money.transfer.integration.ConcurrentlyTransactionCreationAndExecutionTest"/>
  <testcase name="testConcurrentTransactionCreation" time="0.068" classname="com.revolut.money.transfer.integration.ConcurrentlyTransactionCreationAndExecutionTest"/>
  <testcase name="testConcurrentTransactionCreation" time="0.645" classname="com.revolut.money.transfer.integration.ConcurrentlyTransactionCreationAndExecutionTest"/>
  <testcase name="testConcurrentTransactionCreation" time="0.211" classname="com.revolut.money.transfer.integration.ConcurrentlyTransactionCreationAndExecutionTest"/>
  <testcase name="testConcurrentTransactionCreation" time="0.211" classname="com.revolut.money.transfer.integration.ConcurrentlyTransactionCreationAndExecutionTest"/>
  <testcase name="testConcurrentTransactionCreation" time="0.068" classname="com.revolut.money.transfer.integration.ConcurrentlyTransactionCreationAndExecutionTest"/>
  <testcase name="testConcurrentTransactionCreation" time="0.069" classname="com.revolut.money.transfer.integration.ConcurrentlyTransactionCreationAndExecutionTest"/>
  <testcase name="testConcurrentTransactionCreation" time="0.139" classname="com.revolut.money.transfer.integration.ConcurrentlyTransactionCreationAndExecutionTest"/>
  <testcase name="testConcurrentTransactionCreation" time="0.14" classname="com.revolut.money.transfer.integration.ConcurrentlyTransactionCreationAndExecutionTest"/>
  <testcase name="testConcurrentTransactionCreation" time="0.203" classname="com.revolut.money.transfer.integration.ConcurrentlyTransactionCreationAndExecutionTest"/>
  <testcase name="testConcurrentTransactionCreation" time="0.138" classname="com.revolut.money.transfer.integration.ConcurrentlyTransactionCreationAndExecutionTest"/>
  <testcase name="testConcurrentTransactionCreation" time="0.064" classname="com.revolut.money.transfer.integration.ConcurrentlyTransactionCreationAndExecutionTest"/>
  <testcase name="testConcurrentTransactionCreation" time="0.063" classname="com.revolut.money.transfer.integration.ConcurrentlyTransactionCreationAndExecutionTest"/>
  <testcase name="testConcurrentTransactionCreation" time="0.063" classname="com.revolut.money.transfer.integration.ConcurrentlyTransactionCreationAndExecutionTest"/>
  <testcase name="testConcurrentTransactionCreation" time="0.136" classname="com.revolut.money.transfer.integration.ConcurrentlyTransactionCreationAndExecutionTest"/>
  <testcase name="testConcurrentTransactionCreation" time="0.064" classname="com.revolut.money.transfer.integration.ConcurrentlyTransactionCreationAndExecutionTest"/>
  <testcase name="testConcurrentTransactionCreation" time="0.063" classname="com.revolut.money.transfer.integration.ConcurrentlyTransactionCreationAndExecutionTest"/>
  <testcase name="testConcurrentTransactionCreation" time="0.063" classname="com.revolut.money.transfer.integration.ConcurrentlyTransactionCreationAndExecutionTest"/>
  <testcase name="testConcurrentTransactionCreation" time="0.064" classname="com.revolut.money.transfer.integration.ConcurrentlyTransactionCreationAndExecutionTest"/>
  <testcase name="testConcurrentTransactionCreation" time="0.063" classname="com.revolut.money.transfer.integration.ConcurrentlyTransactionCreationAndExecutionTest"/>
  <testcase name="testConcurrentTransactionCreation" time="0.059" classname="com.revolut.money.transfer.integration.ConcurrentlyTransactionCreationAndExecutionTest"/>
  <testcase name="testConcurrentTransactionCreation" time="0.057" classname="com.revolut.money.transfer.integration.ConcurrentlyTransactionCreationAndExecutionTest"/>
  <testcase name="testConcurrentTransactionCreation" time="0.057" classname="com.revolut.money.transfer.integration.ConcurrentlyTransactionCreationAndExecutionTest"/>
  <testcase name="testConcurrentTransactionCreation" time="0.058" classname="com.revolut.money.transfer.integration.ConcurrentlyTransactionCreationAndExecutionTest"/>
  <testcase name="testConcurrentTransactionCreation" time="0.058" classname="com.revolut.money.transfer.integration.ConcurrentlyTransactionCreationAndExecutionTest"/>
  <testcase name="testConcurrentTransactionCreation" time="0.196" classname="com.revolut.money.transfer.integration.ConcurrentlyTransactionCreationAndExecutionTest"/>
  <testcase name="testConcurrentTransactionCreation" time="0.653" classname="com.revolut.money.transfer.integration.ConcurrentlyTransactionCreationAndExecutionTest"/>
  <testcase name="testConcurrentTransactionCreation" time="0.057" classname="com.revolut.money.transfer.integration.ConcurrentlyTransactionCreationAndExecutionTest"/>
  <testcase name="testConcurrentTransactionCreation" time="0.057" classname="com.revolut.money.transfer.integration.ConcurrentlyTransactionCreationAndExecutionTest"/>
  <testcase name="testConcurrentTransactionCreation" time="0.122" classname="com.revolut.money.transfer.integration.ConcurrentlyTransactionCreationAndExecutionTest"/>
  <testcase name="testConcurrentTransactionCreation" time="0.057" classname="com.revolut.money.transfer.integration.ConcurrentlyTransactionCreationAndExecutionTest"/>
  <testcase name="testConcurrentTransactionCreation" time="0.056" classname="com.revolut.money.transfer.integration.ConcurrentlyTransactionCreationAndExecutionTest"/>
  <testcase name="testConcurrentTransactionCreation" time="0.057" classname="com.revolut.money.transfer.integration.ConcurrentlyTransactionCreationAndExecutionTest"/>
  <testcase name="testConcurrentTransactionCreation" time="0.191" classname="com.revolut.money.transfer.integration.ConcurrentlyTransactionCreationAndExecutionTest"/>
  <testcase name="testConcurrentTransactionCreation" time="0.12" classname="com.revolut.money.transfer.integration.ConcurrentlyTransactionCreationAndExecutionTest"/>
  <testcase name="testConcurrentTransactionCreation" time="0.333" classname="com.revolut.money.transfer.integration.ConcurrentlyTransactionCreationAndExecutionTest"/>
  <testcase name="testConcurrentTransactionCreation" time="0.112" classname="com.revolut.money.transfer.integration.ConcurrentlyTransactionCreationAndExecutionTest"/>
  <testcase name="testConcurrentTransactionCreation" time="0.113" classname="com.revolut.money.transfer.integration.ConcurrentlyTransactionCreationAndExecutionTest"/>
  <testcase name="testConcurrentTransactionCreation" time="0.112" classname="com.revolut.money.transfer.integration.ConcurrentlyTransactionCreationAndExecutionTest"/>
  <testcase name="testConcurrentTransactionCreation" time="0.189" classname="com.revolut.money.transfer.integration.ConcurrentlyTransactionCreationAndExecutionTest"/>
  <testcase name="testConcurrentTransactionCreation" time="0.055" classname="com.revolut.money.transfer.integration.ConcurrentlyTransactionCreationAndExecutionTest"/>
  <testcase name="testConcurrentTransactionCreation" time="0.113" classname="com.revolut.money.transfer.integration.ConcurrentlyTransactionCreationAndExecutionTest"/>
  <testcase name="testConcurrentTransactionCreation" time="0.724" classname="com.revolut.money.transfer.integration.ConcurrentlyTransactionCreationAndExecutionTest"/>
  <testcase name="testConcurrentTransactionCreation" time="0.111" classname="com.revolut.money.transfer.integration.ConcurrentlyTransactionCreationAndExecutionTest"/>
  <testcase name="testConcurrentTransactionCreation" time="0.183" classname="com.revolut.money.transfer.integration.ConcurrentlyTransactionCreationAndExecutionTest"/>
  <testcase name="testConcurrentTransactionCreation" time="0.053" classname="com.revolut.money.transfer.integration.ConcurrentlyTransactionCreationAndExecutionTest"/>
  <testcase name="testConcurrentTransactionCreation" time="0.053" classname="com.revolut.money.transfer.integration.ConcurrentlyTransactionCreationAndExecutionTest"/>
  <testcase name="testConcurrentTransactionCreation" time="0.112" classname="com.revolut.money.transfer.integration.ConcurrentlyTransactionCreationAndExecutionTest"/>
  <testcase name="testConcurrentTransactionCreation" time="0.053" classname="com.revolut.money.transfer.integration.ConcurrentlyTransactionCreationAndExecutionTest"/>
  <testcase name="testConcurrentTransactionCreation" time="0.249" classname="com.revolut.money.transfer.integration.ConcurrentlyTransactionCreationAndExecutionTest"/>
  <testcase name="testConcurrentTransactionCreation" time="0.177" classname="com.revolut.money.transfer.integration.ConcurrentlyTransactionCreationAndExecutionTest"/>
  <testcase name="testConcurrentTransactionCreation" time="0.422" classname="com.revolut.money.transfer.integration.ConcurrentlyTransactionCreationAndExecutionTest"/>
  <testcase name="testConcurrentTransactionCreation" time="0.108" classname="com.revolut.money.transfer.integration.ConcurrentlyTransactionCreationAndExecutionTest"/>
  <testcase name="testConcurrentTransactionCreation" time="0.246" classname="com.revolut.money.transfer.integration.ConcurrentlyTransactionCreationAndExecutionTest"/>
  <testcase name="testConcurrentTransactionCreation" time="0.106" classname="com.revolut.money.transfer.integration.ConcurrentlyTransactionCreationAndExecutionTest"/>
  <testcase name="testConcurrentTransactionCreation" time="0.245" classname="com.revolut.money.transfer.integration.ConcurrentlyTransactionCreationAndExecutionTest"/>
  <testcase name="testConcurrentTransactionCreation" time="0.107" classname="com.revolut.money.transfer.integration.ConcurrentlyTransactionCreationAndExecutionTest"/>
  <testcase name="testConcurrentTransactionCreation" time="0.251" classname="com.revolut.money.transfer.integration.ConcurrentlyTransactionCreationAndExecutionTest"/>
  <testcase name="testConcurrentTransactionCreation" time="0.172" classname="com.revolut.money.transfer.integration.ConcurrentlyTransactionCreationAndExecutionTest"/>
  <testcase name="testConcurrentTransactionCreation" time="0.108" classname="com.revolut.money.transfer.integration.ConcurrentlyTransactionCreationAndExecutionTest"/>
  <testcase name="testConcurrentTransactionCreation" time="0.107" classname="com.revolut.money.transfer.integration.ConcurrentlyTransactionCreationAndExecutionTest"/>
  <testcase name="testConcurrentTransactionCreation" time="0.051" classname="com.revolut.money.transfer.integration.ConcurrentlyTransactionCreationAndExecutionTest"/>
  <testcase name="testConcurrentTransactionCreation" time="0.051" classname="com.revolut.money.transfer.integration.ConcurrentlyTransactionCreationAndExecutionTest"/>
  <testcase name="testConcurrentTransactionCreation" time="0.245" classname="com.revolut.money.transfer.integration.ConcurrentlyTransactionCreationAndExecutionTest"/>
  <testcase name="testConcurrentTransactionCreation" time="0.239" classname="com.revolut.money.transfer.integration.ConcurrentlyTransactionCreationAndExecutionTest"/>
  <testcase name="testConcurrentTransactionCreation" time="0.053" classname="com.revolut.money.transfer.integration.ConcurrentlyTransactionCreationAndExecutionTest"/>
  <testcase name="testConcurrentTransactionCreation" time="0.241" classname="com.revolut.money.transfer.integration.ConcurrentlyTransactionCreationAndExecutionTest"/>
  <testcase name="testConcurrentTransactionCreation" time="0.053" classname="com.revolut.money.transfer.integration.ConcurrentlyTransactionCreationAndExecutionTest"/>
  <testcase name="testConcurrentTransactionCreation" time="0.052" classname="com.revolut.money.transfer.integration.ConcurrentlyTransactionCreationAndExecutionTest"/>
  <testcase name="testConcurrentTransactionCreation" time="0.311" classname="com.revolut.money.transfer.integration.ConcurrentlyTransactionCreationAndExecutionTest"/>
  <testcase name="testConcurrentTransactionCreation" time="0.057" classname="com.revolut.money.transfer.integration.ConcurrentlyTransactionCreationAndExecutionTest"/>
  <testcase name="testConcurrentTransactionCreation" time="0.17" classname="com.revolut.money.transfer.integration.ConcurrentlyTransactionCreationAndExecutionTest"/>
  <testcase name="testConcurrentTransactionCreation" time="0.168" classname="com.revolut.money.transfer.integration.ConcurrentlyTransactionCreationAndExecutionTest"/>
  <testcase name="testConcurrentTransactionCreation" time="0.166" classname="com.revolut.money.transfer.integration.ConcurrentlyTransactionCreationAndExecutionTest"/>
  <testcase name="testConcurrentTransactionCreation" time="0.054" classname="com.revolut.money.transfer.integration.ConcurrentlyTransactionCreationAndExecutionTest"/>
  <testcase name="testConcurrentTransactionCreation" time="0.055" classname="com.revolut.money.transfer.integration.ConcurrentlyTransactionCreationAndExecutionTest"/>
  <testcase name="testConcurrentTransactionCreation" time="0.172" classname="com.revolut.money.transfer.integration.ConcurrentlyTransactionCreationAndExecutionTest"/>
  <testcase name="testConcurrentTransactionCreation" time="0.061" classname="com.revolut.money.transfer.integration.ConcurrentlyTransactionCreationAndExecutionTest"/>
  <testcase name="testConcurrentTransactionCreation" time="0.061" classname="com.revolut.money.transfer.integration.ConcurrentlyTransactionCreationAndExecutionTest"/>
  <testcase name="testConcurrentTransactionCreation" time="0.113" classname="com.revolut.money.transfer.integration.ConcurrentlyTransactionCreationAndExecutionTest"/>
  <testcase name="testConcurrentTransactionCreation" time="0.07" classname="com.revolut.money.transfer.integration.ConcurrentlyTransactionCreationAndExecutionTest"/>
  <testcase name="testConcurrentTransactionCreation" time="0.07" classname="com.revolut.money.transfer.integration.ConcurrentlyTransactionCreationAndExecutionTest"/>
  <testcase name="testConcurrentTransactionCreation" time="0.07" classname="com.revolut.money.transfer.integration.ConcurrentlyTransactionCreationAndExecutionTest"/>
  <testcase name="testConcurrentTransactionCreation" time="0.254" classname="com.revolut.money.transfer.integration.ConcurrentlyTransactionCreationAndExecutionTest"/>
  <testcase name="testConcurrentTransactionCreation" time="0.073" classname="com.revolut.money.transfer.integration.ConcurrentlyTransactionCreationAndExecutionTest"/>
  <testcase name="testConcurrentTransactionCreation" time="0.002" classname="com.revolut.money.transfer.integration.ConcurrentlyTransactionCreationAndExecutionTest"/>
  <testcase name="testConcurrentTransactionCreation" time="0.182" classname="com.revolut.money.transfer.integration.ConcurrentlyTransactionCreationAndExecutionTest"/>
  <testcase name="testConcurrentTransactionCreation" time="0.073" classname="com.revolut.money.transfer.integration.ConcurrentlyTransactionCreationAndExecutionTest"/>
  <testcase name="testConcurrentTransactionCreation" time="0.074" classname="com.revolut.money.transfer.integration.ConcurrentlyTransactionCreationAndExecutionTest"/>
  <testcase name="testConcurrentTransactionCreation" time="0.18" classname="com.revolut.money.transfer.integration.ConcurrentlyTransactionCreationAndExecutionTest"/>
  <testcase name="testConcurrentTransactionCreation" time="0.384" classname="com.revolut.money.transfer.integration.ConcurrentlyTransactionCreationAndExecutionTest"/>
  <testcase name="testConcurrentTransactionCreation" time="0.073" classname="com.revolut.money.transfer.integration.ConcurrentlyTransactionCreationAndExecutionTest"/>
  <testcase name="testConcurrentTransactionCreation" time="0.182" classname="com.revolut.money.transfer.integration.ConcurrentlyTransactionCreationAndExecutionTest"/>
  <testcase name="testConcurrentTransactionCreation" time="0.073" classname="com.revolut.money.transfer.integration.ConcurrentlyTransactionCreationAndExecutionTest"/>
  <testcase name="testConcurrentTransactionCreation" time="0.074" classname="com.revolut.money.transfer.integration.ConcurrentlyTransactionCreationAndExecutionTest"/>
  <testcase name="testConcurrentTransactionCreation" time="0.074" classname="com.revolut.money.transfer.integration.ConcurrentlyTransactionCreationAndExecutionTest"/>
  <testcase name="testConcurrentTransactionCreation" time="0.127" classname="com.revolut.money.transfer.integration.ConcurrentlyTransactionCreationAndExecutionTest"/>
  <testcase name="testConcurrentTransactionCreation" time="0.074" classname="com.revolut.money.transfer.integration.ConcurrentlyTransactionCreationAndExecutionTest"/>
  <testcase name="testConcurrentTransactionCreation" time="0.125" classname="com.revolut.money.transfer.integration.ConcurrentlyTransactionCreationAndExecutionTest"/>
  <testcase name="testConcurrentTransactionCreation" time="0.184" classname="com.revolut.money.transfer.integration.ConcurrentlyTransactionCreationAndExecutionTest"/>
  <testcase name="testConcurrentTransactionCreation" time="0.074" classname="com.revolut.money.transfer.integration.ConcurrentlyTransactionCreationAndExecutionTest"/>
  <testcase name="testConcurrentTransactionCreation" time="0.127" classname="com.revolut.money.transfer.integration.ConcurrentlyTransactionCreationAndExecutionTest"/>
  <testcase name="testConcurrentTransactionCreation" time="0.074" classname="com.revolut.money.transfer.integration.ConcurrentlyTransactionCreationAndExecutionTest"/>
  <testcase name="testConcurrentTransactionCreation" time="0.074" classname="com.revolut.money.transfer.integration.ConcurrentlyTransactionCreationAndExecutionTest"/>
  <testcase name="testConcurrentTransactionCreation" time="0.246" classname="com.revolut.money.transfer.integration.ConcurrentlyTransactionCreationAndExecutionTest"/>
  <testcase name="testConcurrentTransactionCreation" time="0.124" classname="com.revolut.money.transfer.integration.ConcurrentlyTransactionCreationAndExecutionTest"/>
  <testcase name="testConcurrentTransactionCreation" time="0.126" classname="com.revolut.money.transfer.integration.ConcurrentlyTransactionCreationAndExecutionTest"/>
  <testcase name="testConcurrentTransactionCreation" time="0.07" classname="com.revolut.money.transfer.integration.ConcurrentlyTransactionCreationAndExecutionTest"/>
  <testcase name="testConcurrentTransactionCreation" time="0.556" classname="com.revolut.money.transfer.integration.ConcurrentlyTransactionCreationAndExecutionTest"/>
  <testcase name="testConcurrentTransactionCreation" time="0.071" classname="com.revolut.money.transfer.integration.ConcurrentlyTransactionCreationAndExecutionTest"/>
  <testcase name="testConcurrentTransactionCreation" time="0.857" classname="com.revolut.money.transfer.integration.ConcurrentlyTransactionCreationAndExecutionTest"/>
  <testcase name="testConcurrentTransactionCreation" time="0.07" classname="com.revolut.money.transfer.integration.ConcurrentlyTransactionCreationAndExecutionTest"/>
  <testcase name="testConcurrentTransactionCreation" time="0.07" classname="com.revolut.money.transfer.integration.ConcurrentlyTransactionCreationAndExecutionTest"/>
  <testcase name="testConcurrentTransactionCreation" time="0.069" classname="com.revolut.money.transfer.integration.ConcurrentlyTransactionCreationAndExecutionTest"/>
  <testcase name="testConcurrentTransactionCreation" time="0.068" classname="com.revolut.money.transfer.integration.ConcurrentlyTransactionCreationAndExecutionTest"/>
  <testcase name="testConcurrentTransactionCreation" time="0.127" classname="com.revolut.money.transfer.integration.ConcurrentlyTransactionCreationAndExecutionTest"/>
  <testcase name="testConcurrentTransactionCreation" time="0.062" classname="com.revolut.money.transfer.integration.ConcurrentlyTransactionCreationAndExecutionTest"/>
  <testcase name="testConcurrentTransactionCreation" time="0.0" classname="com.revolut.money.transfer.integration.ConcurrentlyTransactionCreationAndExecutionTest"/>
  <testcase name="testConcurrentTransactionCreation" time="0.06" classname="com.revolut.money.transfer.integration.ConcurrentlyTransactionCreationAndExecutionTest"/>
  <testcase name="testConcurrentTransactionCreation" time="0.123" classname="com.revolut.money.transfer.integration.ConcurrentlyTransactionCreationAndExecutionTest"/>
  <testcase name="testConcurrentTransactionCreation" time="0.052" classname="com.revolut.money.transfer.integration.ConcurrentlyTransactionCreationAndExecutionTest"/>
  <testcase name="testConcurrentTransactionCreation" time="0.124" classname="com.revolut.money.transfer.integration.ConcurrentlyTransactionCreationAndExecutionTest"/>
  <testcase name="testConcurrentTransactionCreation" time="0.885" classname="com.revolut.money.transfer.integration.ConcurrentlyTransactionCreationAndExecutionTest"/>
  <testcase name="testConcurrentTransactionCreation" time="0.233" classname="com.revolut.money.transfer.integration.ConcurrentlyTransactionCreationAndExecutionTest"/>
  <testcase name="testConcurrentTransactionCreation" time="0.052" classname="com.revolut.money.transfer.integration.ConcurrentlyTransactionCreationAndExecutionTest"/>
  <testcase name="testConcurrentTransactionCreation" time="0.374" classname="com.revolut.money.transfer.integration.ConcurrentlyTransactionCreationAndExecutionTest"/>
  <testcase name="testConcurrentTransactionCreation" time="0.052" classname="com.revolut.money.transfer.integration.ConcurrentlyTransactionCreationAndExecutionTest"/>
  <testcase name="testConcurrentTransactionCreation" time="0.231" classname="com.revolut.money.transfer.integration.ConcurrentlyTransactionCreationAndExecutionTest"/>
  <testcase name="testConcurrentTransactionCreation" time="0.051" classname="com.revolut.money.transfer.integration.ConcurrentlyTransactionCreationAndExecutionTest"/>
  <testcase name="testConcurrentTransactionCreation" time="0.051" classname="com.revolut.money.transfer.integration.ConcurrentlyTransactionCreationAndExecutionTest"/>
  <testcase name="testConcurrentTransactionCreation" time="0.051" classname="com.revolut.money.transfer.integration.ConcurrentlyTransactionCreationAndExecutionTest"/>
  <testcase name="testConcurrentTransactionCreation" time="0.05" classname="com.revolut.money.transfer.integration.ConcurrentlyTransactionCreationAndExecutionTest"/>
  <testcase name="testConcurrentTransactionCreation" time="0.05" classname="com.revolut.money.transfer.integration.ConcurrentlyTransactionCreationAndExecutionTest"/>
  <testcase name="testConcurrentTransactionCreation" time="0.05" classname="com.revolut.money.transfer.integration.ConcurrentlyTransactionCreationAndExecutionTest"/>
  <testcase name="testConcurrentTransactionCreation" time="0.173" classname="com.revolut.money.transfer.integration.ConcurrentlyTransactionCreationAndExecutionTest"/>
  <testcase name="testConcurrentTransactionCreation" time="0.048" classname="com.revolut.money.transfer.integration.ConcurrentlyTransactionCreationAndExecutionTest"/>
  <testcase name="testConcurrentTransactionCreation" time="0.048" classname="com.revolut.money.transfer.integration.ConcurrentlyTransactionCreationAndExecutionTest"/>
  <testcase name="testConcurrentTransactionCreation" time="0.048" classname="com.revolut.money.transfer.integration.ConcurrentlyTransactionCreationAndExecutionTest"/>
  <testcase name="testConcurrentTransactionCreation" time="0.048" classname="com.revolut.money.transfer.integration.ConcurrentlyTransactionCreationAndExecutionTest"/>
  <testcase name="testConcurrentTransactionCreation" time="0.049" classname="com.revolut.money.transfer.integration.ConcurrentlyTransactionCreationAndExecutionTest"/>
  <testcase name="testConcurrentTransactionCreation" time="0.131" classname="com.revolut.money.transfer.integration.ConcurrentlyTransactionCreationAndExecutionTest"/>
  <testcase name="testConcurrentTransactionCreation" time="0.0" classname="com.revolut.money.transfer.integration.ConcurrentlyTransactionCreationAndExecutionTest"/>
  <testcase name="testConcurrentTransactionCreation" time="0.045" classname="com.revolut.money.transfer.integration.ConcurrentlyTransactionCreationAndExecutionTest"/>
  <testcase name="testConcurrentTransactionCreation" time="0.166" classname="com.revolut.money.transfer.integration.ConcurrentlyTransactionCreationAndExecutionTest"/>
  <testcase name="testConcurrentTransactionCreation" time="0.046" classname="com.revolut.money.transfer.integration.ConcurrentlyTransactionCreationAndExecutionTest"/>
  <testcase name="testConcurrentTransactionCreation" time="0.904" classname="com.revolut.money.transfer.integration.ConcurrentlyTransactionCreationAndExecutionTest"/>
  <testcase name="testConcurrentTransactionCreation" time="0.167" classname="com.revolut.money.transfer.integration.ConcurrentlyTransactionCreationAndExecutionTest"/>
  <testcase name="testConcurrentTransactionCreation" time="0.001" classname="com.revolut.money.transfer.integration.ConcurrentlyTransactionCreationAndExecutionTest"/>
  <testcase name="testConcurrentTransactionCreation" time="0.224" classname="com.revolut.money.transfer.integration.ConcurrentlyTransactionCreationAndExecutionTest"/>
  <testcase name="testConcurrentTransactionCreation" time="0.046" classname="com.revolut.money.transfer.integration.ConcurrentlyTransactionCreationAndExecutionTest"/>
  <testcase name="testConcurrentTransactionCreation" time="0.098" classname="com.revolut.money.transfer.integration.ConcurrentlyTransactionCreationAndExecutionTest"/>
  <testcase name="testConcurrentTransactionCreation" time="0.275" classname="com.revolut.money.transfer.integration.ConcurrentlyTransactionCreationAndExecutionTest"/>
  <testcase name="testConcurrentTransactionCreation" time="0.045" classname="com.revolut.money.transfer.integration.ConcurrentlyTransactionCreationAndExecutionTest"/>
  <testcase name="testConcurrentTransactionCreation" time="0.042" classname="com.revolut.money.transfer.integration.ConcurrentlyTransactionCreationAndExecutionTest"/>
  <testcase name="testConcurrentTransactionCreation" time="0.168" classname="com.revolut.money.transfer.integration.ConcurrentlyTransactionCreationAndExecutionTest"/>
  <testcase name="testConcurrentTransactionCreation" time="0.093" classname="com.revolut.money.transfer.integration.ConcurrentlyTransactionCreationAndExecutionTest"/>
  <testcase name="testConcurrentTransactionCreation" time="0.041" classname="com.revolut.money.transfer.integration.ConcurrentlyTransactionCreationAndExecutionTest"/>
  <testcase name="testConcurrentTransactionCreation" time="0.929" classname="com.revolut.money.transfer.integration.ConcurrentlyTransactionCreationAndExecutionTest"/>
  <testcase name="testConcurrentTransactionCreation" time="0.166" classname="com.revolut.money.transfer.integration.ConcurrentlyTransactionCreationAndExecutionTest"/>
  <testcase name="testConcurrentTransactionCreation" time="0.093" classname="com.revolut.money.transfer.integration.ConcurrentlyTransactionCreationAndExecutionTest"/>
  <testcase name="testConcurrentTransactionCreation" time="0.093" classname="com.revolut.money.transfer.integration.ConcurrentlyTransactionCreationAndExecutionTest"/>
  <testcase name="testConcurrentTransactionCreation" time="0.17" classname="com.revolut.money.transfer.integration.ConcurrentlyTransactionCreationAndExecutionTest"/>
  <testcase name="testConcurrentTransactionCreation" time="0.041" classname="com.revolut.money.transfer.integration.ConcurrentlyTransactionCreationAndExecutionTest"/>
  <testcase name="testConcurrentTransactionCreation" time="0.093" classname="com.revolut.money.transfer.integration.ConcurrentlyTransactionCreationAndExecutionTest"/>
  <testcase name="testConcurrentTransactionCreation" time="0.042" classname="com.revolut.money.transfer.integration.ConcurrentlyTransactionCreationAndExecutionTest"/>
  <testcase name="testConcurrentTransactionCreation" time="0.042" classname="com.revolut.money.transfer.integration.ConcurrentlyTransactionCreationAndExecutionTest"/>
  <testcase name="testConcurrentTransactionCreation" time="0.042" classname="com.revolut.money.transfer.integration.ConcurrentlyTransactionCreationAndExecutionTest"/>
  <testcase name="testConcurrentTransactionCreation" time="0.167" classname="com.revolut.money.transfer.integration.ConcurrentlyTransactionCreationAndExecutionTest"/>
  <testcase name="testConcurrentTransactionCreation" time="0.041" classname="com.revolut.money.transfer.integration.ConcurrentlyTransactionCreationAndExecutionTest"/>
  <testcase name="testConcurrentTransactionCreation" time="0.042" classname="com.revolut.money.transfer.integration.ConcurrentlyTransactionCreationAndExecutionTest"/>
  <testcase name="testConcurrentTransactionCreation" time="0.041" classname="com.revolut.money.transfer.integration.ConcurrentlyTransactionCreationAndExecutionTest"/>
  <testcase name="testConcurrentTransactionCreation" time="0.09" classname="com.revolut.money.transfer.integration.ConcurrentlyTransactionCreationAndExecutionTest"/>
  <testcase name="testConcurrentTransactionCreation" time="0.162" classname="com.revolut.money.transfer.integration.ConcurrentlyTransactionCreationAndExecutionTest"/>
  <testcase name="testConcurrentTransactionCreation" time="0.089" classname="com.revolut.money.transfer.integration.ConcurrentlyTransactionCreationAndExecutionTest"/>
  <testcase name="testConcurrentTransactionCreation" time="0.088" classname="com.revolut.money.transfer.integration.ConcurrentlyTransactionCreationAndExecutionTest"/>
  <testcase name="testConcurrentTransactionCreation" time="0.214" classname="com.revolut.money.transfer.integration.ConcurrentlyTransactionCreationAndExecutionTest"/>
  <testcase name="testConcurrentTransactionCreation" time="0.0" classname="com.revolut.money.transfer.integration.ConcurrentlyTransactionCreationAndExecutionTest"/>
  <testcase name="testConcurrentTransactionCreation" time="0.086" classname="com.revolut.money.transfer.integration.ConcurrentlyTransactionCreationAndExecutionTest"/>
  <testcase name="testConcurrentTransactionCreation" time="0.157" classname="com.revolut.money.transfer.integration.ConcurrentlyTransactionCreationAndExecutionTest"/>
  <testcase name="testConcurrentTransactionCreation" time="0.086" classname="com.revolut.money.transfer.integration.ConcurrentlyTransactionCreationAndExecutionTest"/>
  <testcase name="testConcurrentTransactionCreation" time="0.039" classname="com.revolut.money.transfer.integration.ConcurrentlyTransactionCreationAndExecutionTest"/>
  <testcase name="testConcurrentTransactionCreation" time="0.039" classname="com.revolut.money.transfer.integration.ConcurrentlyTransactionCreationAndExecutionTest"/>
  <testcase name="testConcurrentTransactionCreation" time="0.039" classname="com.revolut.money.transfer.integration.ConcurrentlyTransactionCreationAndExecutionTest"/>
  <testcase name="testConcurrentTransactionCreation" time="0.659" classname="com.revolut.money.transfer.integration.ConcurrentlyTransactionCreationAndExecutionTest"/>
  <testcase name="testConcurrentTransactionCreation" time="0.038" classname="com.revolut.money.transfer.integration.ConcurrentlyTransactionCreationAndExecutionTest"/>
  <testcase name="testConcurrentTransactionCreation" time="0.148" classname="com.revolut.money.transfer.integration.ConcurrentlyTransactionCreationAndExecutionTest"/>
  <testcase name="testConcurrentTransactionCreation" time="0.085" classname="com.revolut.money.transfer.integration.ConcurrentlyTransactionCreationAndExecutionTest"/>
  <testcase name="testConcurrentTransactionCreation" time="0.135" classname="com.revolut.money.transfer.integration.ConcurrentlyTransactionCreationAndExecutionTest"/>
  <testcase name="testConcurrentTransactionCreation" time="0.038" classname="com.revolut.money.transfer.integration.ConcurrentlyTransactionCreationAndExecutionTest"/>
  <testcase name="testConcurrentTransactionCreation" time="0.083" classname="com.revolut.money.transfer.integration.ConcurrentlyTransactionCreationAndExecutionTest"/>
  <testcase name="testConcurrentTransactionCreation" time="0.039" classname="com.revolut.money.transfer.integration.ConcurrentlyTransactionCreationAndExecutionTest"/>
  <testcase name="testConcurrentTransactionCreation" time="0.039" classname="com.revolut.money.transfer.integration.ConcurrentlyTransactionCreationAndExecutionTest"/>
  <testcase name="testConcurrentTransactionCreation" time="0.081" classname="com.revolut.money.transfer.integration.ConcurrentlyTransactionCreationAndExecutionTest"/>
  <testcase name="testConcurrentTransactionCreation" time="0.038" classname="com.revolut.money.transfer.integration.ConcurrentlyTransactionCreationAndExecutionTest"/>
  <testcase name="testConcurrentTransactionCreation" time="0.039" classname="com.revolut.money.transfer.integration.ConcurrentlyTransactionCreationAndExecutionTest"/>
  <testcase name="testConcurrentTransactionCreation" time="0.038" classname="com.revolut.money.transfer.integration.ConcurrentlyTransactionCreationAndExecutionTest"/>
  <testcase name="testConcurrentTransactionCreation" time="0.039" classname="com.revolut.money.transfer.integration.ConcurrentlyTransactionCreationAndExecutionTest"/>
  <testcase name="testConcurrentTransactionCreation" time="0.038" classname="com.revolut.money.transfer.integration.ConcurrentlyTransactionCreationAndExecutionTest"/>
  <testcase name="testConcurrentTransactionCreation" time="0.137" classname="com.revolut.money.transfer.integration.ConcurrentlyTransactionCreationAndExecutionTest"/>
  <testcase name="testConcurrentTransactionCreation" time="0.039" classname="com.revolut.money.transfer.integration.ConcurrentlyTransactionCreationAndExecutionTest"/>
  <testcase name="testConcurrentTransactionCreation" time="0.038" classname="com.revolut.money.transfer.integration.ConcurrentlyTransactionCreationAndExecutionTest"/>
  <testcase name="testConcurrentTransactionCreation" time="0.038" classname="com.revolut.money.transfer.integration.ConcurrentlyTransactionCreationAndExecutionTest"/>
  <testcase name="testConcurrentTransactionCreation" time="0.081" classname="com.revolut.money.transfer.integration.ConcurrentlyTransactionCreationAndExecutionTest"/>
  <testcase name="testConcurrentTransactionCreation" time="0.129" classname="com.revolut.money.transfer.integration.ConcurrentlyTransactionCreationAndExecutionTest"/>
  <testcase name="testConcurrentTransactionCreation" time="0.079" classname="com.revolut.money.transfer.integration.ConcurrentlyTransactionCreationAndExecutionTest"/>
  <testcase name="testConcurrentTransactionCreation" time="0.037" classname="com.revolut.money.transfer.integration.ConcurrentlyTransactionCreationAndExecutionTest"/>
  <testcase name="testConcurrentTransactionCreation" time="0.038" classname="com.revolut.money.transfer.integration.ConcurrentlyTransactionCreationAndExecutionTest"/>
  <testcase name="testConcurrentTransactionCreation" time="0.037" classname="com.revolut.money.transfer.integration.ConcurrentlyTransactionCreationAndExecutionTest"/>
  <testcase name="testConcurrentTransactionCreation" time="0.081" classname="com.revolut.money.transfer.integration.ConcurrentlyTransactionCreationAndExecutionTest"/>
  <testcase name="testConcurrentTransactionCreation" time="0.079" classname="com.revolut.money.transfer.integration.ConcurrentlyTransactionCreationAndExecutionTest"/>
  <testcase name="testConcurrentTransactionCreation" time="0.199" classname="com.revolut.money.transfer.integration.ConcurrentlyTransactionCreationAndExecutionTest"/>
  <testcase name="testConcurrentTransactionCreation" time="0.038" classname="com.revolut.money.transfer.integration.ConcurrentlyTransactionCreationAndExecutionTest"/>
  <testcase name="testConcurrentTransactionCreation" time="0.038" classname="com.revolut.money.transfer.integration.ConcurrentlyTransactionCreationAndExecutionTest"/>
  <testcase name="testConcurrentTransactionCreation" time="0.038" classname="com.revolut.money.transfer.integration.ConcurrentlyTransactionCreationAndExecutionTest"/>
  <testcase name="testConcurrentTransactionCreation" time="0.123" classname="com.revolut.money.transfer.integration.ConcurrentlyTransactionCreationAndExecutionTest"/>
  <testcase name="testConcurrentTransactionCreation" time="0.123" classname="com.revolut.money.transfer.integration.ConcurrentlyTransactionCreationAndExecutionTest"/>
  <testcase name="testConcurrentTransactionCreation" time="0.123" classname="com.revolut.money.transfer.integration.ConcurrentlyTransactionCreationAndExecutionTest"/>
  <testcase name="testConcurrentTransactionCreation" time="0.038" classname="com.revolut.money.transfer.integration.ConcurrentlyTransactionCreationAndExecutionTest"/>
  <testcase name="testConcurrentTransactionCreation" time="0.123" classname="com.revolut.money.transfer.integration.ConcurrentlyTransactionCreationAndExecutionTest"/>
  <testcase name="testConcurrentTransactionCreation" time="0.038" classname="com.revolut.money.transfer.integration.ConcurrentlyTransactionCreationAndExecutionTest"/>
  <testcase name="testConcurrentTransactionCreation" time="0.039" classname="com.revolut.money.transfer.integration.ConcurrentlyTransactionCreationAndExecutionTest"/>
  <testcase name="testConcurrentTransactionCreation" time="0.085" classname="com.revolut.money.transfer.integration.ConcurrentlyTransactionCreationAndExecutionTest"/>
  <testcase name="testConcurrentTransactionCreation" time="0.039" classname="com.revolut.money.transfer.integration.ConcurrentlyTransactionCreationAndExecutionTest"/>
[...]
  <testcase name="testConcurrentTransactionCreationForAccount1And2" time="0.03" classname="com.revolut.money.transfer.integration.ConcurrentlyTransactionCreationTest"/>
  <testcase name="testConcurrentTransactionCreationForAccount1And2" time="0.03" classname="com.revolut.money.transfer.integration.ConcurrentlyTransactionCreationTest"/>
  <testcase name="testConcurrentTransactionCreationForAccount1And2" time="0.03" classname="com.revolut.money.transfer.integration.ConcurrentlyTransactionCreationTest"/>
  <testcase name="testConcurrentTransactionCreationForAccount1And2" time="0.031" classname="com.revolut.money.transfer.integration.ConcurrentlyTransactionCreationTest"/>
  <testcase name="testConcurrentTransactionCreationForAccount1And2" time="0.031" classname="com.revolut.money.transfer.integration.ConcurrentlyTransactionCreationTest"/>
  <testcase name="testConcurrentTransactionCreationForAccount1And2" time="0.03" classname="com.revolut.money.transfer.integration.ConcurrentlyTransactionCreationTest"/>
  <testcase name="testConcurrentTransactionCreationForAccount1And2" time="0.031" classname="com.revolut.money.transfer.integration.ConcurrentlyTransactionCreationTest"/>
  <testcase name="testConcurrentTransactionCreationForAccount1And2" time="0.031" classname="com.revolut.money.transfer.integration.ConcurrentlyTransactionCreationTest"/>
  <testcase name="testConcurrentTransactionCreationForAccount1And2" time="0.03" classname="com.revolut.money.transfer.integration.ConcurrentlyTransactionCreationTest"/>
  <testcase name="testConcurrentTransactionCreationForAccount1And2" time="0.031" classname="com.revolut.money.transfer.integration.ConcurrentlyTransactionCreationTest"/>
  <testcase name="testConcurrentTransactionCreationForAccount1And2" time="0.031" classname="com.revolut.money.transfer.integration.ConcurrentlyTransactionCreationTest"/>
  <testcase name="testConcurrentTransactionCreationForAccount1And2" time="0.032" classname="com.revolut.money.transfer.integration.ConcurrentlyTransactionCreationTest"/>
  <testcase name="testConcurrentTransactionCreationForAccount1And2" time="0.033" classname="com.revolut.money.transfer.integration.ConcurrentlyTransactionCreationTest"/>
  <testcase name="testConcurrentTransactionCreationForAccount1And2" time="0.032" classname="com.revolut.money.transfer.integration.ConcurrentlyTransactionCreationTest"/>
  <testcase name="testConcurrentTransactionCreationForAccount1And2" time="0.032" classname="com.revolut.money.transfer.integration.ConcurrentlyTransactionCreationTest"/>
  <testcase name="testConcurrentTransactionCreationForAccount1And2" time="0.032" classname="com.revolut.money.transfer.integration.ConcurrentlyTransactionCreationTest"/>
  <testcase name="testConcurrentTransactionCreationForAccount1And2" time="0.033" classname="com.revolut.money.transfer.integration.ConcurrentlyTransactionCreationTest"/>
  <testcase name="testConcurrentTransactionCreationForAccount1And2" time="0.032" classname="com.revolut.money.transfer.integration.ConcurrentlyTransactionCreationTest"/>
  <testcase name="testConcurrentTransactionCreationForAccount1And2" time="0.032" classname="com.revolut.money.transfer.integration.ConcurrentlyTransactionCreationTest"/>
  <testcase name="testConcurrentTransactionCreationForAccount1And2" time="0.032" classname="com.revolut.money.transfer.integration.ConcurrentlyTransactionCreationTest"/>
  <testcase name="testConcurrentTransactionCreationForAccount1And2" time="0.033" classname="com.revolut.money.transfer.integration.ConcurrentlyTransactionCreationTest"/>
  <testcase name="testConcurrentTransactionCreationForAccount1And2" time="0.033" classname="com.revolut.money.transfer.integration.ConcurrentlyTransactionCreationTest"/>
  <testcase name="testConcurrentTransactionCreationForAccount1And2" time="0.032" classname="com.revolut.money.transfer.integration.ConcurrentlyTransactionCreationTest"/>
  <testcase name="testConcurrentTransactionCreationForAccount1And2" time="0.032" classname="com.revolut.money.transfer.integration.ConcurrentlyTransactionCreationTest"/>
  <testcase name="testConcurrentTransactionCreationForAccount1And2" time="0.033" classname="com.revolut.money.transfer.integration.ConcurrentlyTransactionCreationTest"/>
  <testcase name="testConcurrentTransactionCreationForAccount1And2" time="0.033" classname="com.revolut.money.transfer.integration.ConcurrentlyTransactionCreationTest"/>
  <testcase name="testConcurrentTransactionCreationForAccount1And2" time="0.033" classname="com.revolut.money.transfer.integration.ConcurrentlyTransactionCreationTest"/>
  <testcase name="testConcurrentTransactionCreationForAccount1And2" time="0.033" classname="com.revolut.money.transfer.integration.ConcurrentlyTransactionCreationTest"/>
  <testcase name="testConcurrentTransactionCreationForAccount1And2" time="0.033" classname="com.revolut.money.transfer.integration.ConcurrentlyTransactionCreationTest"/>
  <testcase name="testConcurrentTransactionCreationForAccount1And2" time="0.033" classname="com.revolut.money.transfer.integration.ConcurrentlyTransactionCreationTest"/>
  <testcase name="testConcurrentTransactionCreationForAccount1And2" time="0.033" classname="com.revolut.money.transfer.integration.ConcurrentlyTransactionCreationTest"/>
  <testcase name="testConcurrentTransactionCreationForAccount1And2" time="0.032" classname="com.revolut.money.transfer.integration.ConcurrentlyTransactionCreationTest"/>
  <testcase name="testConcurrentTransactionCreationForAccount1And2" time="0.033" classname="com.revolut.money.transfer.integration.ConcurrentlyTransactionCreationTest"/>
  <testcase name="testConcurrentTransactionCreationForAccount1And2" time="0.033" classname="com.revolut.money.transfer.integration.ConcurrentlyTransactionCreationTest"/>
  <testcase name="testConcurrentTransactionCreationForAccount1And2" time="0.033" classname="com.revolut.money.transfer.integration.ConcurrentlyTransactionCreationTest"/>
  <testcase name="testConcurrentTransactionCreationForAccount1And2" time="0.033" classname="com.revolut.money.transfer.integration.ConcurrentlyTransactionCreationTest"/>
  <testcase name="testConcurrentTransactionCreationForAccount1And2" time="0.033" classname="com.revolut.money.transfer.integration.ConcurrentlyTransactionCreationTest"/>
  <testcase name="testConcurrentTransactionCreationForAccount1And2" time="0.033" classname="com.revolut.money.transfer.integration.ConcurrentlyTransactionCreationTest"/>
  <testcase name="testConcurrentTransactionCreationForAccount1And2" time="0.033" classname="com.revolut.money.transfer.integration.ConcurrentlyTransactionCreationTest"/>
  <testcase name="testConcurrentTransactionCreationForAccount1And2" time="0.033" classname="com.revolut.money.transfer.integration.ConcurrentlyTransactionCreationTest"/>
  <testcase name="testConcurrentTransactionCreationForAccount1And2" time="0.034" classname="com.revolut.money.transfer.integration.ConcurrentlyTransactionCreationTest"/>
  <testcase name="testConcurrentTransactionCreationForAccount1And2" time="0.033" classname="com.revolut.money.transfer.integration.ConcurrentlyTransactionCreationTest"/>
  <testcase name="testConcurrentTransactionCreationForAccount1And2" time="0.033" classname="com.revolut.money.transfer.integration.ConcurrentlyTransactionCreationTest"/>
  <testcase name="testConcurrentTransactionCreationForAccount1And2" time="0.033" classname="com.revolut.money.transfer.integration.ConcurrentlyTransactionCreationTest"/>
  <testcase name="testConcurrentTransactionCreationForAccount1And2" time="0.034" classname="com.revolut.money.transfer.integration.ConcurrentlyTransactionCreationTest"/>
  <testcase name="testConcurrentTransactionCreationForAccount1And2" time="0.034" classname="com.revolut.money.transfer.integration.ConcurrentlyTransactionCreationTest"/>
  <testcase name="testConcurrentTransactionCreationForAccount1And2" time="0.032" classname="com.revolut.money.transfer.integration.ConcurrentlyTransactionCreationTest"/>
  <testcase name="testConcurrentTransactionCreationForAccount1And2" time="0.033" classname="com.revolut.money.transfer.integration.ConcurrentlyTransactionCreationTest"/>
  <testcase name="testConcurrentTransactionCreationForAccount1And2" time="0.033" classname="com.revolut.money.transfer.integration.ConcurrentlyTransactionCreationTest"/>
  <testcase name="testConcurrentTransactionCreationForAccount1And2" time="0.033" classname="com.revolut.money.transfer.integration.ConcurrentlyTransactionCreationTest"/>
  <testcase name="testConcurrentTransactionCreationForAccount1And2" time="0.033" classname="com.revolut.money.transfer.integration.ConcurrentlyTransactionCreationTest"/>
  <testcase name="testConcurrentTransactionCreationForAccount1And2" time="0.033" classname="com.revolut.money.transfer.integration.ConcurrentlyTransactionCreationTest"/>
  <testcase name="testConcurrentTransactionCreationForAccount1And2" time="0.033" classname="com.revolut.money.transfer.integration.ConcurrentlyTransactionCreationTest"/>
  <testcase name="testConcurrentTransactionCreationForAccount1And2" time="0.033" classname="com.revolut.money.transfer.integration.ConcurrentlyTransactionCreationTest"/>
  <testcase name="testConcurrentTransactionCreationForAccount1And2" time="0.033" classname="com.revolut.money.transfer.integration.ConcurrentlyTransactionCreationTest"/>
  <testcase name="testConcurrentTransactionCreationForAccount1And2" time="0.033" classname="com.revolut.money.transfer.integration.ConcurrentlyTransactionCreationTest"/>
  <testcase name="testConcurrentTransactionCreationForAccount1And2" time="0.033" classname="com.revolut.money.transfer.integration.ConcurrentlyTransactionCreationTest"/>
  <testcase name="testConcurrentTransactionCreationForAccount1And2" time="0.033" classname="com.revolut.money.transfer.integration.ConcurrentlyTransactionCreationTest"/>
  <testcase name="testConcurrentTransactionCreationForAccount1And2" time="0.033" classname="com.revolut.money.transfer.integration.ConcurrentlyTransactionCreationTest"/>
  <testcase name="testConcurrentTransactionCreationForAccount1And2" time="0.033" classname="com.revolut.money.transfer.integration.ConcurrentlyTransactionCreationTest"/>
  <testcase name="testConcurrentTransactionCreationForAccount1And2" time="0.033" classname="com.revolut.money.transfer.integration.ConcurrentlyTransactionCreationTest"/>
  <testcase name="testConcurrentTransactionCreationForAccount1And2" time="0.032" classname="com.revolut.money.transfer.integration.ConcurrentlyTransactionCreationTest"/>
  <testcase name="testConcurrentTransactionCreationForAccount1And2" time="0.032" classname="com.revolut.money.transfer.integration.ConcurrentlyTransactionCreationTest"/>
  <testcase name="testConcurrentTransactionCreationForAccount1And2" time="0.032" classname="com.revolut.money.transfer.integration.ConcurrentlyTransactionCreationTest"/>
  <testcase name="testConcurrentTransactionCreationForAccount1And2" time="0.032" classname="com.revolut.money.transfer.integration.ConcurrentlyTransactionCreationTest"/>
  <testcase name="testConcurrentTransactionCreationForAccount1And2" time="0.031" classname="com.revolut.money.transfer.integration.ConcurrentlyTransactionCreationTest"/>
  <testcase name="testConcurrentTransactionCreationForAccount1And2" time="0.031" classname="com.revolut.money.transfer.integration.ConcurrentlyTransactionCreationTest"/>
  <testcase name="testConcurrentTransactionCreationForAccount1And2" time="0.03" classname="com.revolut.money.transfer.integration.ConcurrentlyTransactionCreationTest"/>
  <testcase name="testConcurrentTransactionCreationForAccount1And2" time="0.031" classname="com.revolut.money.transfer.integration.ConcurrentlyTransactionCreationTest"/>
  <testcase name="testConcurrentTransactionCreationForAccount1And2" time="0.032" classname="com.revolut.money.transfer.integration.ConcurrentlyTransactionCreationTest"/>
  <testcase name="testConcurrentTransactionCreationForAccount1And2" time="0.031" classname="com.revolut.money.transfer.integration.ConcurrentlyTransactionCreationTest"/>
  <testcase name="testConcurrentTransactionCreationForAccount1And2" time="0.031" classname="com.revolut.money.transfer.integration.ConcurrentlyTransactionCreationTest"/>
  <testcase name="testConcurrentTransactionCreationForAccount1And2" time="0.031" classname="com.revolut.money.transfer.integration.ConcurrentlyTransactionCreationTest"/>
  <testcase name="testConcurrentTransactionCreationForAccount1And2" time="0.03" classname="com.revolut.money.transfer.integration.ConcurrentlyTransactionCreationTest"/>
  <testcase name="testConcurrentTransactionCreationForAccount1And2" time="0.029" classname="com.revolut.money.transfer.integration.ConcurrentlyTransactionCreationTest"/>
  <testcase name="testConcurrentTransactionCreationForAccount1And2" time="0.029" classname="com.revolut.money.transfer.integration.ConcurrentlyTransactionCreationTest"/>
  <testcase name="testConcurrentTransactionCreationForAccount1And2" time="0.029" classname="com.revolut.money.transfer.integration.ConcurrentlyTransactionCreationTest"/>
  <testcase name="testConcurrentTransactionCreationForAccount1And2" time="0.029" classname="com.revolut.money.transfer.integration.ConcurrentlyTransactionCreationTest"/>
  <testcase name="testConcurrentTransactionCreationForAccount1And2" time="0.029" classname="com.revolut.money.transfer.integration.ConcurrentlyTransactionCreationTest"/>
  <testcase name="testConcurrentTransactionCreationForAccount1And2" time="0.029" classname="com.revolut.money.transfer.integration.ConcurrentlyTransactionCreationTest"/>
  <testcase name="testConcurrentTransactionCreationForAccount1And2" time="0.028" classname="com.revolut.money.transfer.integration.ConcurrentlyTransactionCreationTest"/>
  <testcase name="testConcurrentTransactionCreationForAccount1And2" time="0.029" classname="com.revolut.money.transfer.integration.ConcurrentlyTransactionCreationTest"/>
  <testcase name="testConcurrentTransactionCreationForAccount1And2" time="0.029" classname="com.revolut.money.transfer.integration.ConcurrentlyTransactionCreationTest"/>
  <testcase name="testConcurrentTransactionCreationForAccount1And2" time="0.028" classname="com.revolut.money.transfer.integration.ConcurrentlyTransactionCreationTest"/>
  <testcase name="testConcurrentTransactionCreationForAccount1And2" time="0.028" classname="com.revolut.money.transfer.integration.ConcurrentlyTransactionCreationTest"/>
  <testcase name="testConcurrentTransactionCreationForAccount1And2" time="0.029" classname="com.revolut.money.transfer.integration.ConcurrentlyTransactionCreationTest"/>
  <testcase name="testConcurrentTransactionCreationForAccount1And2" time="0.029" classname="com.revolut.money.transfer.integration.ConcurrentlyTransactionCreationTest"/>
  <testcase name="testConcurrentTransactionCreationForAccount1And2" time="0.028" classname="com.revolut.money.transfer.integration.ConcurrentlyTransactionCreationTest"/>
  <testcase name="testConcurrentTransactionCreationForAccount1And2" time="0.028" classname="com.revolut.money.transfer.integration.ConcurrentlyTransactionCreationTest"/>
  <testcase name="testConcurrentTransactionCreationForAccount1And2" time="0.029" classname="com.revolut.money.transfer.integration.ConcurrentlyTransactionCreationTest"/>
  <testcase name="testConcurrentTransactionCreationForAccount1And2" time="0.029" classname="com.revolut.money.transfer.integration.ConcurrentlyTransactionCreationTest"/>
  <testcase name="testConcurrentTransactionCreationForAccount1And2" time="0.029" classname="com.revolut.money.transfer.integration.ConcurrentlyTransactionCreationTest"/>
  <testcase name="testConcurrentTransactionCreationForAccount1And2" time="0.028" classname="com.revolut.money.transfer.integration.ConcurrentlyTransactionCreationTest"/>
  <testcase name="testConcurrentTransactionCreationForAccount1And2" time="0.029" classname="com.revolut.money.transfer.integration.ConcurrentlyTransactionCreationTest"/>
  <testcase name="testConcurrentTransactionCreationForAccount1And2" time="0.029" classname="com.revolut.money.transfer.integration.ConcurrentlyTransactionCreationTest"/>
  <testcase name="testConcurrentTransactionCreationForAccount1And2" time="0.028" classname="com.revolut.money.transfer.integration.ConcurrentlyTransactionCreationTest"/>
  <testcase name="testConcurrentTransactionCreationForAccount1And2" time="0.028" classname="com.revolut.money.transfer.integration.ConcurrentlyTransactionCreationTest"/>
  <testcase name="testConcurrentTransactionCreationForAccount1And2" time="0.029" classname="com.revolut.money.transfer.integration.ConcurrentlyTransactionCreationTest"/>
  <testcase name="testConcurrentTransactionCreationForAccount1And2" time="0.029" classname="com.revolut.money.transfer.integration.ConcurrentlyTransactionCreationTest"/>
  <testcase name="testConcurrentTransactionCreationForAccount1And2" time="0.028" classname="com.revolut.money.transfer.integration.ConcurrentlyTransactionCreationTest"/>
  <testcase name="testConcurrentTransactionCreationForAccount1And2" time="0.028" classname="com.revolut.money.transfer.integration.ConcurrentlyTransactionCreationTest"/>
  <testcase name="testConcurrentTransactionCreationForAccount1And2" time="0.028" classname="com.revolut.money.transfer.integration.ConcurrentlyTransactionCreationTest"/>
  <testcase name="testConcurrentTransactionCreationForAccount1And2" time="0.029" classname="com.revolut.money.transfer.integration.ConcurrentlyTransactionCreationTest"/>
  <testcase name="testConcurrentTransactionCreationForAccount1And2" time="0.028" classname="com.revolut.money.transfer.integration.ConcurrentlyTransactionCreationTest"/>
  <testcase name="testConcurrentTransactionCreationForAccount3And4" time="0.002" classname="com.revolut.money.transfer.integration.ConcurrentlyTransactionCreationTest"/>
  <testcase name="testConcurrentTransactionCreationForAccount3And4" time="0.001" classname="com.revolut.money.transfer.integration.ConcurrentlyTransactionCreationTest"/>
  <testcase name="testConcurrentTransactionCreationForAccount3And4" time="0.0" classname="com.revolut.money.transfer.integration.ConcurrentlyTransactionCreationTest"/>
  <testcase name="testConcurrentTransactionCreationForAccount3And4" time="0.001" classname="com.revolut.money.transfer.integration.ConcurrentlyTransactionCreationTest"/>
  <testcase name="testGetAllTransactionIdsByStatus" time="0.002" classname="com.revolut.money.transfer.dao.TransactionDaoTest"/>
  <testcase name="testGetAllTransactions" time="0.002" classname="com.revolut.money.transfer.dao.TransactionDaoTest"/>
  <testcase name="testTransactionCreation" time="0.008" classname="com.revolut.money.transfer.dao.TransactionDaoTest"/>
  <testcase name="testTransactionExecution" time="0.012" classname="com.revolut.money.transfer.dao.TransactionDaoTest"/>
  <testcase name="testWrongTransactionCreation" time="0.001" classname="com.revolut.money.transfer.dao.TransactionDaoTest"/>
  <testcase name="testAllTransactionsRetrieval" time="0.07" classname="com.revolut.money.transfer.service.TransactionsServiceImplTest"/>
  <testcase name="testCreateTransaction" time="0.004" classname="com.revolut.money.transfer.service.TransactionsServiceImplTest"/>
  <testcase name="testCreateTransactionWithNullFrom" time="0.0" classname="com.revolut.money.transfer.service.TransactionsServiceImplTest"/>
  <testcase name="testCreateTransactionWithNullTo" time="0.0" classname="com.revolut.money.transfer.service.TransactionsServiceImplTest"/>
  <testcase name="testCreateTransactionWithSameAccounts" time="0.0" classname="com.revolut.money.transfer.service.TransactionsServiceImplTest"/>
  <testcase name="testCreateTransactionWithZeroAmount" time="0.0" classname="com.revolut.money.transfer.service.TransactionsServiceImplTest"/>
</testsuite> <!-- Command line test -->
