<?xml version="1.0" encoding="UTF-8" ?>
<testsuite tests="2023" failures="0" name="TestSuite" time="26.793" errors="0" skipped="0">
  <properties>
[...]
</properties>
  <testcase classname="com.revolut.money.transfer.integration.BankAccountControllerTest" name="testCreateBankAccount" time="0.433"/>
  <testcase classname="com.revolut.money.transfer.integration.BankAccountControllerTest" name="testGetAllBankAccounts" time="0.009"/>
  <testcase classname="com.revolut.money.transfer.integration.BankAccountControllerTest" name="testGetBankAccountById" time="0.006"/>
  <testcase classname="com.revolut.money.transfer.integration.BankAccountControllerTest" name="testGetNullBankAccount" time="0.011"/>
  <testcase classname="com.revolut.money.transfer.integration.BankAccountControllerTest" name="testIncorrectUpdateBankAccount" time="0.008"/>
  <testcase classname="com.revolut.money.transfer.integration.BankAccountControllerTest" name="testNonExistingBankAccountById" time="0.005"/>
  <testcase classname="com.revolut.money.transfer.integration.BankAccountControllerTest" name="testUpdateBankAccount" time="0.011"/>
  <testcase classname="com.revolut.money.transfer.integration.BankAccountControllerTest" name="testUpdateNonExistingBankAccount" time="0.007"/>
  <testcase classname="com.revolut.money.transfer.integration.ConcurrentlyTransactionCreationAndExecutionTest" name="testConcurrentTransactionCreation" time="0.001"/>
  <testcase classname="com.revolut.money.transfer.integration.ConcurrentlyTransactionCreationAndExecutionTest" name="testConcurrentTransactionCreation" time="0"/>
  <testcase classname="com.revolut.money.transfer.integration.ConcurrentlyTransactionCreationAndExecutionTest" name="testConcurrentTransactionCreation" time="0"/>
  <testcase classname="com.revolut.money.transfer.integration.ConcurrentlyTransactionCreationAndExecutionTest" name="testConcurrentTransactionCreation" time="0.001"/>
  <testcase classname="com.revolut.money.transfer.integration.ConcurrentlyTransactionCreationAndExecutionTest" name="testConcurrentTransactionCreation" time="0.001"/>
  <testcase classname="com.revolut.money.transfer.integration.ConcurrentlyTransactionCreationAndExecutionTest" name="testConcurrentTransactionCreation" time="0.001"/>
  <testcase classname="com.revolut.money.transfer.integration.ConcurrentlyTransactionCreationAndExecutionTest" name="testConcurrentTransactionCreation" time="0.002"/>
  <testcase classname="com.revolut.money.transfer.integration.ConcurrentlyTransactionCreationAndExecutionTest" name="testConcurrentTransactionCreation" time="0.001"/>
  <testcase classname="com.revolut.money.transfer.integration.ConcurrentlyTransactionCreationAndExecutionTest" name="testConcurrentTransactionCreation" time="0.001"/>
  <testcase classname="com.revolut.money.transfer.integration.ConcurrentlyTransactionCreationAndExecutionTest" name="testConcurrentTransactionCreation" time="0.001"/>
  <testcase classname="com.revolut.money.transfer.integration.ConcurrentlyTransactionCreationAndExecutionTest" name="testConcurrentTransactionCreation" time="0.003"/>
  <testcase classname="com.revolut.money.transfer.integration.ConcurrentlyTransactionCreationAndExecutionTest" name="testConcurrentTransactionCreation" time="0.001"/>
  <testcase classname="com.revolut.money.transfer.integration.ConcurrentlyTransactionCreationAndExecutionTest" name="testConcurrentTransactionCreation" time="0.001"/>
  <testcase classname="com.revolut.money.transfer.integration.ConcurrentlyTransactionCreationAndExecutionTest" name="testConcurrentTransactionCreation" time="0.001"/>
  <testcase classname="com.revolut.money.transfer.integration.ConcurrentlyTransactionCreationAndExecutionTest" name="testConcurrentTransactionCreation" time="0.001"/>
  <testcase classname="com.revolut.money.transfer.integration.ConcurrentlyTransactionCreationAndExecutionTest" name="testConcurrentTransactionCreation" time="0.001"/>
  <testcase classname="com.revolut.money.transfer.integration.ConcurrentlyTransactionCreationAndExecutionTest" name="testConcurrentTransactionCreation" time="0.004"/>
  <testcase classname="com.revolut.money.transfer.integration.ConcurrentlyTransactionCreationAndExecutionTest" name="testConcurrentTransactionCreation" time="0.001"/>
  <testcase classname="com.revolut.money.transfer.integration.ConcurrentlyTransactionCreationAndExecutionTest" name="testConcurrentTransactionCreation" time="0.002"/>
  <testcase classname="com.revolut.money.transfer.integration.ConcurrentlyTransactionCreationAndExecutionTest" name="testConcurrentTransactionCreation" time="0.003"/>
  <testcase classname="com.revolut.money.transfer.integration.ConcurrentlyTransactionCreationAndExecutionTest" name="testConcurrentTransactionCreation" time="0.004"/>
  <testcase classname="com.revolut.money.transfer.integration.ConcurrentlyTransactionCreationAndExecutionTest" name="testConcurrentTransactionCreation" time="0.002"/>
  <testcase classname="com.revolut.money.transfer.integration.ConcurrentlyTransactionCreationAndExecutionTest" name="testConcurrentTransactionCreation" time="0.001"/>
  <testcase classname="com.revolut.money.transfer.integration.ConcurrentlyTransactionCreationAndExecutionTest" name="testConcurrentTransactionCreation" time="0.002"/>
  <testcase classname="com.revolut.money.transfer.integration.ConcurrentlyTransactionCreationAndExecutionTest" name="testConcurrentTransactionCreation" time="0.002"/>
  <testcase classname="com.revolut.money.transfer.integration.ConcurrentlyTransactionCreationAndExecutionTest" name="testConcurrentTransactionCreation" time="0.001"/>
  <testcase classname="com.revolut.money.transfer.integration.ConcurrentlyTransactionCreationAndExecutionTest" name="testConcurrentTransactionCreation" time="0.001"/>
  <testcase classname="com.revolut.money.transfer.integration.ConcurrentlyTransactionCreationAndExecutionTest" name="testConcurrentTransactionCreation" time="0.001"/>
  <testcase classname="com.revolut.money.transfer.integration.ConcurrentlyTransactionCreationAndExecutionTest" name="testConcurrentTransactionCreation" time="0.003"/>
  <testcase classname="com.revolut.money.transfer.integration.ConcurrentlyTransactionCreationAndExecutionTest" name="testConcurrentTransactionCreation" time="0.001"/>
  <testcase classname="com.revolut.money.transfer.integration.ConcurrentlyTransactionCreationAndExecutionTest" name="testConcurrentTransactionCreation" time="0.001"/>
  <testcase classname="com.revolut.money.transfer.integration.ConcurrentlyTransactionCreationAndExecutionTest" name="testConcurrentTransactionCreation" time="0.002"/>
  <testcase classname="com.revolut.money.transfer.integration.ConcurrentlyTransactionCreationAndExecutionTest" name="testConcurrentTransactionCreation" time="0.002"/>
  <testcase classname="com.revolut.money.transfer.integration.ConcurrentlyTransactionCreationAndExecutionTest" name="testConcurrentTransactionCreation" time="0.001"/>
  <testcase classname="com.revolut.money.transfer.integration.ConcurrentlyTransactionCreationAndExecutionTest" name="testConcurrentTransactionCreation" time="0.001"/>
  <testcase classname="com.revolut.money.transfer.integration.ConcurrentlyTransactionCreationAndExecutionTest" name="testConcurrentTransactionCreation" time="0.001"/>
  <testcase classname="com.revolut.money.transfer.integration.ConcurrentlyTransactionCreationAndExecutionTest" name="testConcurrentTransactionCreation" time="0.002"/>
  <testcase classname="com.revolut.money.transfer.integration.ConcurrentlyTransactionCreationAndExecutionTest" name="testConcurrentTransactionCreation" time="0.001"/>
  <testcase classname="com.revolut.money.transfer.integration.ConcurrentlyTransactionCreationAndExecutionTest" name="testConcurrentTransactionCreation" time="0.002"/>
  <testcase classname="com.revolut.money.transfer.integration.ConcurrentlyTransactionCreationAndExecutionTest" name="testConcurrentTransactionCreation" time="0.001"/>
  <testcase classname="com.revolut.money.transfer.integration.ConcurrentlyTransactionCreationAndExecutionTest" name="testConcurrentTransactionCreation" time="0.002"/>
  <testcase classname="com.revolut.money.transfer.integration.ConcurrentlyTransactionCreationAndExecutionTest" name="testConcurrentTransactionCreation" time="0.001"/>
  <testcase classname="com.revolut.money.transfer.integration.ConcurrentlyTransactionCreationAndExecutionTest" name="testConcurrentTransactionCreation" time="0.001"/>
  <testcase classname="com.revolut.money.transfer.integration.ConcurrentlyTransactionCreationAndExecutionTest" name="testConcurrentTransactionCreation" time="0.001"/>
  <testcase classname="com.revolut.money.transfer.integration.ConcurrentlyTransactionCreationAndExecutionTest" name="testConcurrentTransactionCreation" time="0.003"/>
  <testcase classname="com.revolut.money.transfer.integration.ConcurrentlyTransactionCreationAndExecutionTest" name="testConcurrentTransactionCreation" time="0.002"/>
  <testcase classname="com.revolut.money.transfer.integration.ConcurrentlyTransactionCreationAndExecutionTest" name="testConcurrentTransactionCreation" time="0.001"/>
  <testcase classname="com.revolut.money.transfer.integration.ConcurrentlyTransactionCreationAndExecutionTest" name="testConcurrentTransactionCreation" time="0.002"/>
  <testcase classname="com.revolut.money.transfer.integration.ConcurrentlyTransactionCreationAndExecutionTest" name="testConcurrentTransactionCreation" time="0.003"/>
  <testcase classname="com.revolut.money.transfer.integration.ConcurrentlyTransactionCreationAndExecutionTest" name="testConcurrentTransactionCreation" time="0.001"/>
  <testcase classname="com.revolut.money.transfer.integration.ConcurrentlyTransactionCreationAndExecutionTest" name="testConcurrentTransactionCreation" time="0.001"/>
  <testcase classname="com.revolut.money.transfer.integration.ConcurrentlyTransactionCreationAndExecutionTest" name="testConcurrentTransactionCreation" time="0.001"/>
  <testcase classname="com.revolut.money.transfer.integration.ConcurrentlyTransactionCreationAndExecutionTest" name="testConcurrentTransactionCreation" time="0.002"/>
  <testcase classname="com.revolut.money.transfer.integration.ConcurrentlyTransactionCreationAndExecutionTest" name="testConcurrentTransactionCreation" time="0.001"/>
  <testcase classname="com.revolut.money.transfer.integration.ConcurrentlyTransactionCreationAndExecutionTest" name="testConcurrentTransactionCreation" time="0.001"/>
  <testcase classname="com.revolut.money.transfer.integration.ConcurrentlyTransactionCreationAndExecutionTest" name="testConcurrentTransactionCreation" time="0.001"/>
  <testcase classname="com.revolut.money.transfer.integration.ConcurrentlyTransactionCreationAndExecutionTest" name="testConcurrentTransactionCreation" time="0.002"/>
  <testcase classname="com.revolut.money.transfer.integration.ConcurrentlyTransactionCreationAndExecutionTest" name="testConcurrentTransactionCreation" time="0.001"/>
  <testcase classname="com.revolut.money.transfer.integration.ConcurrentlyTransactionCreationAndExecutionTest" name="testConcurrentTransactionCreation" time="0.001"/>
  <testcase classname="com.revolut.money.transfer.integration.ConcurrentlyTransactionCreationAndExecutionTest" name="testConcurrentTransactionCreation" time="0.001"/>
  <testcase classname="com.revolut.money.transfer.integration.ConcurrentlyTransactionCreationAndExecutionTest" name="testConcurrentTransactionCreation" time="0.002"/>
  <testcase classname="com.revolut.money.transfer.integration.ConcurrentlyTransactionCreationAndExecutionTest" name="testConcurrentTransactionCreation" time="0"/>
  <testcase classname="com.revolut.money.transfer.integration.ConcurrentlyTransactionCreationAndExecutionTest" name="testConcurrentTransactionCreation" time="0"/>
  <testcase classname="com.revolut.money.transfer.integration.ConcurrentlyTransactionCreationAndExecutionTest" name="testConcurrentTransactionCreation" time="0.001"/>
  <testcase classname="com.revolut.money.transfer.integration.ConcurrentlyTransactionCreationAndExecutionTest" name="testConcurrentTransactionCreation" time="0.003"/>
  <testcase classname="com.revolut.money.transfer.integration.ConcurrentlyTransactionCreationAndExecutionTest" name="testConcurrentTransactionCreation" time="0.001"/>
  <testcase classname="com.revolut.money.transfer.integration.ConcurrentlyTransactionCreationAndExecutionTest" name="testConcurrentTransactionCreation" time="0.001"/>
  <testcase classname="com.revolut.money.transfer.integration.ConcurrentlyTransactionCreationAndExecutionTest" name="testConcurrentTransactionCreation" time="0"/>
  <testcase classname="com.revolut.money.transfer.integration.ConcurrentlyTransactionCreationAndExecutionTest" name="testConcurrentTransactionCreation" time="0.003"/>
  <testcase classname="com.revolut.money.transfer.integration.ConcurrentlyTransactionCreationAndExecutionTest" name="testConcurrentTransactionCreation" time="0.001"/>
  <testcase classname="com.revolut.money.transfer.integration.ConcurrentlyTransactionCreationAndExecutionTest" name="testConcurrentTransactionCreation" time="0.001"/>
  <testcase classname="com.revolut.money.transfer.integration.ConcurrentlyTransactionCreationAndExecutionTest" name="testConcurrentTransactionCreation" time="0.001"/>
  <testcase classname="com.revolut.money.transfer.integration.ConcurrentlyTransactionCreationAndExecutionTest" name="testConcurrentTransactionCreation" time="0.002"/>
  <testcase classname="com.revolut.money.transfer.integration.ConcurrentlyTransactionCreationAndExecutionTest" name="testConcurrentTransactionCreation" time="0.001"/>
  <testcase classname="com.revolut.money.transfer.integration.ConcurrentlyTransactionCreationAndExecutionTest" name="testConcurrentTransactionCreation" time="0.001"/>
  <testcase classname="com.revolut.money.transfer.integration.ConcurrentlyTransactionCreationAndExecutionTest" name="testConcurrentTransactionCreation" time="0.001"/>
  <testcase classname="com.revolut.money.transfer.integration.ConcurrentlyTransactionCreationAndExecutionTest" name="testConcurrentTransactionCreation" time="0.002"/>
  <testcase classname="com.revolut.money.transfer.integration.ConcurrentlyTransactionCreationAndExecutionTest" name="testConcurrentTransactionCreation" time="0.001"/>
  <testcase classname="com.revolut.money.transfer.integration.ConcurrentlyTransactionCreationAndExecutionTest" name="testConcurrentTransactionCreation" time="0.001"/>
  <testcase classname="com.revolut.money.transfer.integration.ConcurrentlyTransactionCreationAndExecutionTest" name="testConcurrentTransactionCreation" time="0.001"/>
  <testcase classname="com.revolut.money.transfer.integration.ConcurrentlyTransactionCreationAndExecutionTest" name="testConcurrentTransactionCreation" time="0.002"/>
  <testcase classname="com.revolut.money.transfer.integration.ConcurrentlyTransactionCreationAndExecutionTest" name="testConcurrentTransactionCreation" time="0.001"/>
  <testcase classname="com.revolut.money.transfer.integration.ConcurrentlyTransactionCreationAndExecutionTest" name="testConcurrentTransactionCreation" time="0.001"/>
  <testcase classname="com.revolut.money.transfer.integration.ConcurrentlyTransactionCreationAndExecutionTest" name="testConcurrentTransactionCreation" time="0.001"/>
  <testcase classname="com.revolut.money.transfer.integration.ConcurrentlyTransactionCreationAndExecutionTest" name="testConcurrentTransactionCreation" time="0.002"/>
  <testcase classname="com.revolut.money.transfer.integration.ConcurrentlyTransactionCreationAndExecutionTest" name="testConcurrentTransactionCreation" time="0.085"/>
  <testcase classname="com.revolut.money.transfer.integration.ConcurrentlyTransactionCreationAndExecutionTest" name="testConcurrentTransactionCreation" time="0.001"/>
  <testcase classname="com.revolut.money.transfer.integration.ConcurrentlyTransactionCreationAndExecutionTest" name="testConcurrentTransactionCreation" time="0.001"/>
  <testcase classname="com.revolut.money.transfer.integration.ConcurrentlyTransactionCreationAndExecutionTest" name="testConcurrentTransactionCreation" time="0.057"/>
  <testcase classname="com.revolut.money.transfer.integration.ConcurrentlyTransactionCreationAndExecutionTest" name="testConcurrentTransactionCreation" time="0"/>
  <testcase classname="com.revolut.money.transfer.integration.ConcurrentlyTransactionCreationAndExecutionTest" name="testConcurrentTransactionCreation" time="0.001"/>
  <testcase classname="com.revolut.money.transfer.integration.ConcurrentlyTransactionCreationAndExecutionTest" name="testConcurrentTransactionCreation" time="0"/>
  <testcase classname="com.revolut.money.transfer.integration.ConcurrentlyTransactionCreationAndExecutionTest" name="testConcurrentTransactionCreation" time="0.008"/>
  <testcase classname="com.revolut.money.transfer.integration.ConcurrentlyTransactionCreationAndExecutionTest" name="testConcurrentTransactionCreation" time="0.001"/>
  <testcase classname="com.revolut.money.transfer.integration.ConcurrentlyTransactionCreationAndExecutionTest" name="testConcurrentTransactionCreation" time="0"/>
  <testcase classname="com.revolut.money.transfer.integration.ConcurrentlyTransactionCreationAndExecutionTest" name="testConcurrentTransactionCreation" time="0.001"/>
  <testcase classname="com.revolut.money.transfer.integration.ConcurrentlyTransactionCreationAndExecutionTest" name="testConcurrentTransactionCreation" time="0.001"/>
  <testcase classname="com.revolut.money.transfer.integration.ConcurrentlyTransactionCreationAndExecutionTest" name="testConcurrentTransactionCreation" time="0.014"/>
  <testcase classname="com.revolut.money.transfer.integration.ConcurrentlyTransactionCreationAndExecutionTest" name="testConcurrentTransactionCreation" time="0.001"/>
  <testcase classname="com.revolut.money.transfer.integration.ConcurrentlyTransactionCreationAndExecutionTest" name="testConcurrentTransactionCreation" time="0.014"/>
  <testcase classname="com.revolut.money.transfer.integration.ConcurrentlyTransactionCreationAndExecutionTest" name="testConcurrentTransactionCreation" time="0.005"/>
  <testcase classname="com.revolut.money.transfer.integration.ConcurrentlyTransactionCreationAndExecutionTest" name="testConcurrentTransactionCreation" time="0.003"/>
  <testcase classname="com.revolut.money.transfer.integration.ConcurrentlyTransactionCreationAndExecutionTest" name="testConcurrentTransactionCreation" time="0.001"/>
  <testcase classname="com.revolut.money.transfer.integration.ConcurrentlyTransactionCreationAndExecutionTest" name="testConcurrentTransactionCreation" time="0"/>
  <testcase classname="com.revolut.money.transfer.integration.ConcurrentlyTransactionCreationAndExecutionTest" name="testConcurrentTransactionCreation" time="0.001"/>
  <testcase classname="com.revolut.money.transfer.integration.ConcurrentlyTransactionCreationAndExecutionTest" name="testConcurrentTransactionCreation" time="0.001"/>
  <testcase classname="com.revolut.money.transfer.integration.ConcurrentlyTransactionCreationAndExecutionTest" name="testConcurrentTransactionCreation" time="0.001"/>
  <testcase classname="com.revolut.money.transfer.integration.ConcurrentlyTransactionCreationAndExecutionTest" name="testConcurrentTransactionCreation" time="0.001"/>
  <testcase classname="com.revolut.money.transfer.integration.ConcurrentlyTransactionCreationAndExecutionTest" name="testConcurrentTransactionCreation" time="0.002"/>
  <testcase classname="com.revolut.money.transfer.integration.ConcurrentlyTransactionCreationAndExecutionTest" name="testConcurrentTransactionCreation" time="0.001"/>
  <testcase classname="com.revolut.money.transfer.integration.ConcurrentlyTransactionCreationAndExecutionTest" name="testConcurrentTransactionCreation" time="0.006"/>
  <testcase classname="com.revolut.money.transfer.integration.ConcurrentlyTransactionCreationAndExecutionTest" name="testConcurrentTransactionCreation" time="0.002"/>
  <testcase classname="com.revolut.money.transfer.integration.ConcurrentlyTransactionCreationAndExecutionTest" name="testConcurrentTransactionCreation" time="0.001"/>
  <testcase classname="com.revolut.money.transfer.integration.ConcurrentlyTransactionCreationAndExecutionTest" name="testConcurrentTransactionCreation" time="0.001"/>
  <testcase classname="com.revolut.money.transfer.integration.ConcurrentlyTransactionCreationAndExecutionTest" name="testConcurrentTransactionCreation" time="0.002"/>
  <testcase classname="com.revolut.money.transfer.integration.ConcurrentlyTransactionCreationAndExecutionTest" name="testConcurrentTransactionCreation" time="0.001"/>
  <testcase classname="com.revolut.money.transfer.integration.ConcurrentlyTransactionCreationAndExecutionTest" name="testConcurrentTransactionCreation" time="0.001"/>
  <testcase classname="com.revolut.money.transfer.integration.ConcurrentlyTransactionCreationAndExecutionTest" name="testConcurrentTransactionCreation" time="0"/>
  <testcase classname="com.revolut.money.transfer.integration.ConcurrentlyTransactionCreationAndExecutionTest" name="testConcurrentTransactionCreation" time="0.028"/>
  <testcase classname="com.revolut.money.transfer.integration.ConcurrentlyTransactionCreationAndExecutionTest" name="testConcurrentTransactionCreation" time="0.001"/>
  <testcase classname="com.revolut.money.transfer.integration.ConcurrentlyTransactionCreationAndExecutionTest" name="testConcurrentTransactionCreation" time="0.001"/>
  <testcase classname="com.revolut.money.transfer.integration.ConcurrentlyTransactionCreationAndExecutionTest" name="testConcurrentTransactionCreation" time="0.001"/>
  <testcase classname="com.revolut.money.transfer.integration.ConcurrentlyTransactionCreationAndExecutionTest" name="testConcurrentTransactionCreation" time="0"/>
  <testcase classname="com.revolut.money.transfer.integration.ConcurrentlyTransactionCreationAndExecutionTest" name="testConcurrentTransactionCreation" time="0.001"/>
  <testcase classname="com.revolut.money.transfer.integration.ConcurrentlyTransactionCreationAndExecutionTest" name="testConcurrentTransactionCreation" time="0.015"/>
  <testcase classname="com.revolut.money.transfer.integration.ConcurrentlyTransactionCreationAndExecutionTest" name="testConcurrentTransactionCreation" time="0"/>
  <testcase classname="com.revolut.money.transfer.integration.ConcurrentlyTransactionCreationAndExecutionTest" name="testConcurrentTransactionCreation" time="0.001"/>
  <testcase classname="com.revolut.money.transfer.integration.ConcurrentlyTransactionCreationAndExecutionTest" name="testConcurrentTransactionCreation" time="0"/>
  <testcase classname="com.revolut.money.transfer.integration.ConcurrentlyTransactionCreationAndExecutionTest" name="testConcurrentTransactionCreation" time="0.001"/>
  <testcase classname="com.revolut.money.transfer.integration.ConcurrentlyTransactionCreationAndExecutionTest" name="testConcurrentTransactionCreation" time="0.002"/>
  <testcase classname="com.revolut.money.transfer.integration.ConcurrentlyTransactionCreationAndExecutionTest" name="testConcurrentTransactionCreation" time="0.001"/>
  <testcase classname="com.revolut.money.transfer.integration.ConcurrentlyTransactionCreationAndExecutionTest" name="testConcurrentTransactionCreation" time="0.001"/>
  <testcase classname="com.revolut.money.transfer.integration.ConcurrentlyTransactionCreationAndExecutionTest" name="testConcurrentTransactionCreation" time="0.001"/>
  <testcase classname="com.revolut.money.transfer.integration.ConcurrentlyTransactionCreationAndExecutionTest" name="testConcurrentTransactionCreation" time="0.001"/>
  <testcase classname="com.revolut.money.transfer.integration.ConcurrentlyTransactionCreationAndExecutionTest" name="testConcurrentTransactionCreation" time="0"/>
  <testcase classname="com.revolut.money.transfer.integration.ConcurrentlyTransactionCreationAndExecutionTest" name="testConcurrentTransactionCreation" time="0.01"/>
  <testcase classname="com.revolut.money.transfer.integration.ConcurrentlyTransactionCreationAndExecutionTest" name="testConcurrentTransactionCreation" time="0.001"/>
  <testcase classname="com.revolut.money.transfer.integration.ConcurrentlyTransactionCreationAndExecutionTest" name="testConcurrentTransactionCreation" time="0.001"/>
  <testcase classname="com.revolut.money.transfer.integration.ConcurrentlyTransactionCreationAndExecutionTest" name="testConcurrentTransactionCreation" time="0.001"/>
  <testcase classname="com.revolut.money.transfer.integration.ConcurrentlyTransactionCreationAndExecutionTest" name="testConcurrentTransactionCreation" time="0.001"/>
  <testcase classname="com.revolut.money.transfer.integration.ConcurrentlyTransactionCreationAndExecutionTest" name="testConcurrentTransactionCreation" time="0.011"/>
  <testcase classname="com.revolut.money.transfer.integration.ConcurrentlyTransactionCreationAndExecutionTest" name="testConcurrentTransactionCreation" time="0"/>
  <testcase classname="com.revolut.money.transfer.integration.ConcurrentlyTransactionCreationAndExecutionTest" name="testConcurrentTransactionCreation" time="0.001"/>
  <testcase classname="com.revolut.money.transfer.integration.ConcurrentlyTransactionCreationAndExecutionTest" name="testConcurrentTransactionCreation" time="0.001"/>
  <testcase classname="com.revolut.money.transfer.integration.ConcurrentlyTransactionCreationAndExecutionTest" name="testConcurrentTransactionCreation" time="0.001"/>
  <testcase classname="com.revolut.money.transfer.integration.ConcurrentlyTransactionCreationAndExecutionTest" name="testConcurrentTransactionCreation" time="0.001"/>
  <testcase classname="com.revolut.money.transfer.integration.ConcurrentlyTransactionCreationAndExecutionTest" name="testConcurrentTransactionCreation" time="0.001"/>
  <testcase classname="com.revolut.money.transfer.integration.ConcurrentlyTransactionCreationAndExecutionTest" name="testConcurrentTransactionCreation" time="0.001"/>
  <testcase classname="com.revolut.money.transfer.integration.ConcurrentlyTransactionCreationAndExecutionTest" name="testConcurrentTransactionCreation" time="0.008"/>
  <testcase classname="com.revolut.money.transfer.integration.ConcurrentlyTransactionCreationAndExecutionTest" name="testConcurrentTransactionCreation" time="0.006"/>
  <testcase classname="com.revolut.money.transfer.integration.ConcurrentlyTransactionCreationAndExecutionTest" name="testConcurrentTransactionCreation" time="0"/>
  <testcase classname="com.revolut.money.transfer.integration.ConcurrentlyTransactionCreationAndExecutionTest" name="testConcurrentTransactionCreation" time="0"/>
  <testcase classname="com.revolut.money.transfer.integration.ConcurrentlyTransactionCreationAndExecutionTest" name="testConcurrentTransactionCreation" time="0.001"/>
  <testcase classname="com.revolut.money.transfer.integration.ConcurrentlyTransactionCreationAndExecutionTest" name="testConcurrentTransactionCreation" time="0.001"/>
  <testcase classname="com.revolut.money.transfer.integration.ConcurrentlyTransactionCreationAndExecutionTest" name="testConcurrentTransactionCreation" time="0"/>
  <testcase classname="com.revolut.money.transfer.integration.ConcurrentlyTransactionCreationAndExecutionTest" name="testConcurrentTransactionCreation" time="0.003"/>
  <testcase classname="com.revolut.money.transfer.integration.ConcurrentlyTransactionCreationAndExecutionTest" name="testConcurrentTransactionCreation" time="0.001"/>
  <testcase classname="com.revolut.money.transfer.integration.ConcurrentlyTransactionCreationAndExecutionTest" name="testConcurrentTransactionCreation" time="0"/>
  <testcase classname="com.revolut.money.transfer.integration.ConcurrentlyTransactionCreationAndExecutionTest" name="testConcurrentTransactionCreation" time="0.001"/>
  <testcase classname="com.revolut.money.transfer.integration.ConcurrentlyTransactionCreationAndExecutionTest" name="testConcurrentTransactionCreation" time="0.001"/>
  <testcase classname="com.revolut.money.transfer.integration.ConcurrentlyTransactionCreationAndExecutionTest" name="testConcurrentTransactionCreation" time="0.002"/>
  <testcase classname="com.revolut.money.transfer.integration.ConcurrentlyTransactionCreationAndExecutionTest" name="testConcurrentTransactionCreation" time="0"/>
  <testcase classname="com.revolut.money.transfer.integration.ConcurrentlyTransactionCreationAndExecutionTest" name="testConcurrentTransactionCreation" time="0.001"/>
  <testcase classname="com.revolut.money.transfer.integration.ConcurrentlyTransactionCreationAndExecutionTest" name="testConcurrentTransactionCreation" time="0"/>
  <testcase classname="com.revolut.money.transfer.integration.ConcurrentlyTransactionCreationAndExecutionTest" name="testConcurrentTransactionCreation" time="0.008"/>
  <testcase classname="com.revolut.money.transfer.integration.ConcurrentlyTransactionCreationAndExecutionTest" name="testConcurrentTransactionCreation" time="0.001"/>
  <testcase classname="com.revolut.money.transfer.integration.ConcurrentlyTransactionCreationAndExecutionTest" name="testConcurrentTransactionCreation" time="0.003"/>
  <testcase classname="com.revolut.money.transfer.integration.ConcurrentlyTransactionCreationAndExecutionTest" name="testConcurrentTransactionCreation" time="0"/>
  <testcase classname="com.revolut.money.transfer.integration.ConcurrentlyTransactionCreationAndExecutionTest" name="testConcurrentTransactionCreation" time="0"/>
  <testcase classname="com.revolut.money.transfer.integration.ConcurrentlyTransactionCreationAndExecutionTest" name="testConcurrentTransactionCreation" time="0.001"/>
  <testcase classname="com.revolut.money.transfer.integration.ConcurrentlyTransactionCreationAndExecutionTest" name="testConcurrentTransactionCreation" time="0.002"/>
  <testcase classname="com.revolut.money.transfer.integration.ConcurrentlyTransactionCreationAndExecutionTest" name="testConcurrentTransactionCreation" time="0"/>
  <testcase classname="com.revolut.money.transfer.integration.ConcurrentlyTransactionCreationAndExecutionTest" name="testConcurrentTransactionCreation" time="0.001"/>
  <testcase classname="com.revolut.money.transfer.integration.ConcurrentlyTransactionCreationAndExecutionTest" name="testConcurrentTransactionCreation" time="0.001"/>
  <testcase classname="com.revolut.money.transfer.integration.ConcurrentlyTransactionCreationAndExecutionTest" name="testConcurrentTransactionCreation" time="0"/>
  <testcase classname="com.revolut.money.transfer.integration.ConcurrentlyTransactionCreationAndExecutionTest" name="testConcurrentTransactionCreation" time="0.001"/>
  <testcase classname="com.revolut.money.transfer.integration.ConcurrentlyTransactionCreationAndExecutionTest" name="testConcurrentTransactionCreation" time="0.001"/>
  <testcase classname="com.revolut.money.transfer.integration.ConcurrentlyTransactionCreationAndExecutionTest" name="testConcurrentTransactionCreation" time="0.006"/>
  <testcase classname="com.revolut.money.transfer.integration.ConcurrentlyTransactionCreationAndExecutionTest" name="testConcurrentTransactionCreation" time="0"/>
  <testcase classname="com.revolut.money.transfer.integration.ConcurrentlyTransactionCreationAndExecutionTest" name="testConcurrentTransactionCreation" time="0.003"/>
  <testcase classname="com.revolut.money.transfer.integration.ConcurrentlyTransactionCreationAndExecutionTest" name="testConcurrentTransactionCreation" time="0.001"/>
  <testcase classname="com.revolut.money.transfer.integration.ConcurrentlyTransactionCreationAndExecutionTest" name="testConcurrentTransactionCreation" time="0.001"/>
  <testcase classname="com.revolut.money.transfer.integration.ConcurrentlyTransactionCreationAndExecutionTest" name="testConcurrentTransactionCreation" time="0"/>
  <testcase classname="com.revolut.money.transfer.integration.ConcurrentlyTransactionCreationAndExecutionTest" name="testConcurrentTransactionCreation" time="0"/>
  <testcase classname="com.revolut.money.transfer.integration.ConcurrentlyTransactionCreationAndExecutionTest" name="testConcurrentTransactionCreation" time="0"/>
  <testcase classname="com.revolut.money.transfer.integration.ConcurrentlyTransactionCreationAndExecutionTest" name="testConcurrentTransactionCreation" time="0.004"/>
  <testcase classname="com.revolut.money.transfer.integration.ConcurrentlyTransactionCreationAndExecutionTest" name="testConcurrentTransactionCreation" time="0.001"/>
  <testcase classname="com.revolut.money.transfer.integration.ConcurrentlyTransactionCreationAndExecutionTest" name="testConcurrentTransactionCreation" time="0"/>
  <testcase classname="com.revolut.money.transfer.integration.ConcurrentlyTransactionCreationAndExecutionTest" name="testConcurrentTransactionCreation" time="0.001"/>
  <testcase classname="com.revolut.money.transfer.integration.ConcurrentlyTransactionCreationAndExecutionTest" name="testConcurrentTransactionCreation" time="0.001"/>
  <testcase classname="com.revolut.money.transfer.integration.ConcurrentlyTransactionCreationAndExecutionTest" name="testConcurrentTransactionCreation" time="0"/>
  <testcase classname="com.revolut.money.transfer.integration.ConcurrentlyTransactionCreationAndExecutionTest" name="testConcurrentTransactionCreation" time="0.001"/>
  <testcase classname="com.revolut.money.transfer.integration.ConcurrentlyTransactionCreationAndExecutionTest" name="testConcurrentTransactionCreation" time="0.001"/>
  <testcase classname="com.revolut.money.transfer.integration.ConcurrentlyTransactionCreationAndExecutionTest" name="testConcurrentTransactionCreation" time="0.001"/>
  <testcase classname="com.revolut.money.transfer.integration.ConcurrentlyTransactionCreationAndExecutionTest" name="testConcurrentTransactionCreation" time="0.002"/>
  <testcase classname="com.revolut.money.transfer.integration.ConcurrentlyTransactionCreationAndExecutionTest" name="testConcurrentTransactionCreation" time="0.001"/>
  <testcase classname="com.revolut.money.transfer.integration.ConcurrentlyTransactionCreationAndExecutionTest" name="testConcurrentTransactionCreation" time="0"/>
  <testcase classname="com.revolut.money.transfer.integration.ConcurrentlyTransactionCreationAndExecutionTest" name="testConcurrentTransactionCreation" time="0.002"/>
  <testcase classname="com.revolut.money.transfer.integration.ConcurrentlyTransactionCreationAndExecutionTest" name="testConcurrentTransactionCreation" time="0.001"/>
  <testcase classname="com.revolut.money.transfer.integration.ConcurrentlyTransactionCreationAndExecutionTest" name="testConcurrentTransactionCreation" time="0.001"/>
  <testcase classname="com.revolut.money.transfer.integration.ConcurrentlyTransactionCreationAndExecutionTest" name="testConcurrentTransactionCreation" time="0.001"/>
  <testcase classname="com.revolut.money.transfer.integration.ConcurrentlyTransactionCreationAndExecutionTest" name="testConcurrentTransactionCreation" time="0"/>
  <testcase classname="com.revolut.money.transfer.integration.ConcurrentlyTransactionCreationAndExecutionTest" name="testConcurrentTransactionCreation" time="0.001"/>
  <testcase classname="com.revolut.money.transfer.integration.ConcurrentlyTransactionCreationAndExecutionTest" name="testConcurrentTransactionCreation" time="0.001"/>
  <testcase classname="com.revolut.money.transfer.integration.ConcurrentlyTransactionCreationAndExecutionTest" name="testConcurrentTransactionCreation" time="0"/>
  <testcase classname="com.revolut.money.transfer.integration.ConcurrentlyTransactionCreationAndExecutionTest" name="testConcurrentTransactionCreation" time="0.007"/>
  <testcase classname="com.revolut.money.transfer.integration.ConcurrentlyTransactionCreationAndExecutionTest" name="testConcurrentTransactionCreation" time="0.001"/>
  <testcase classname="com.revolut.money.transfer.integration.ConcurrentlyTransactionCreationAndExecutionTest" name="testConcurrentTransactionCreation" time="0.001"/>
  <testcase classname="com.revolut.money.transfer.integration.ConcurrentlyTransactionCreationAndExecutionTest" name="testConcurrentTransactionCreation" time="0.003"/>
  <testcase classname="com.revolut.money.transfer.integration.ConcurrentlyTransactionCreationAndExecutionTest" name="testConcurrentTransactionCreation" time="0.001"/>
  <testcase classname="com.revolut.money.transfer.integration.ConcurrentlyTransactionCreationAndExecutionTest" name="testConcurrentTransactionCreation" time="0"/>
  <testcase classname="com.revolut.money.transfer.integration.ConcurrentlyTransactionCreationAndExecutionTest" name="testConcurrentTransactionCreation" time="0.002"/>
  <testcase classname="com.revolut.money.transfer.integration.ConcurrentlyTransactionCreationAndExecutionTest" name="testConcurrentTransactionCreation" time="0.007"/>
  <testcase classname="com.revolut.money.transfer.integration.ConcurrentlyTransactionCreationAndExecutionTest" name="testConcurrentTransactionCreation" time="0.001"/>
  <testcase classname="com.revolut.money.transfer.integration.ConcurrentlyTransactionCreationAndExecutionTest" name="testConcurrentTransactionCreation" time="0.001"/>
  <testcase classname="com.revolut.money.transfer.integration.ConcurrentlyTransactionCreationAndExecutionTest" name="testConcurrentTransactionCreation" time="0.003"/>
  <testcase classname="com.revolut.money.transfer.integration.ConcurrentlyTransactionCreationAndExecutionTest" name="testConcurrentTransactionCreation" time="0"/>
  <testcase classname="com.revolut.money.transfer.integration.ConcurrentlyTransactionCreationAndExecutionTest" name="testConcurrentTransactionCreation" time="0"/>
  <testcase classname="com.revolut.money.transfer.integration.ConcurrentlyTransactionCreationAndExecutionTest" name="testConcurrentTransactionCreation" time="0.002"/>
  <testcase classname="com.revolut.money.transfer.integration.ConcurrentlyTransactionCreationAndExecutionTest" name="testConcurrentTransactionCreation" time="0.004"/>
  <testcase classname="com.revolut.money.transfer.integration.ConcurrentlyTransactionCreationAndExecutionTest" name="testConcurrentTransactionCreation" time="0"/>
  <testcase classname="com.revolut.money.transfer.integration.ConcurrentlyTransactionCreationAndExecutionTest" name="testConcurrentTransactionCreation" time="0.005"/>
  <testcase classname="com.revolut.money.transfer.integration.ConcurrentlyTransactionCreationAndExecutionTest" name="testConcurrentTransactionCreation" time="0"/>
  <testcase classname="com.revolut.money.transfer.integration.ConcurrentlyTransactionCreationAndExecutionTest" name="testConcurrentTransactionCreation" time="0.012"/>
  <testcase classname="com.revolut.money.transfer.integration.ConcurrentlyTransactionCreationAndExecutionTest" name="testConcurrentTransactionCreation" time="0"/>
  <testcase classname="com.revolut.money.transfer.integration.ConcurrentlyTransactionCreationAndExecutionTest" name="testConcurrentTransactionCreation" time="0.002"/>
  <testcase classname="com.revolut.money.transfer.integration.ConcurrentlyTransactionCreationAndExecutionTest" name="testConcurrentTransactionCreation" time="0.001"/>
  <testcase classname="com.revolut.money.transfer.integration.ConcurrentlyTransactionCreationAndExecutionTest" name="testConcurrentTransactionCreation" time="0.001"/>
  <testcase classname="com.revolut.money.transfer.integration.ConcurrentlyTransactionCreationAndExecutionTest" name="testConcurrentTransactionCreation" time="0"/>
  <testcase classname="com.revolut.money.transfer.integration.ConcurrentlyTransactionCreationAndExecutionTest" name="testConcurrentTransactionCreation" time="0.001"/>
  <testcase classname="com.revolut.money.transfer.integration.ConcurrentlyTransactionCreationAndExecutionTest" name="testConcurrentTransactionCreation" time="0.002"/>
  <testcase classname="com.revolut.money.transfer.integration.ConcurrentlyTransactionCreationAndExecutionTest" name="testConcurrentTransactionCreation" time="0.001"/>
  <testcase classname="com.revolut.money.transfer.integration.ConcurrentlyTransactionCreationAndExecutionTest" name="testConcurrentTransactionCreation" time="0"/>
  <testcase classname="com.revolut.money.transfer.integration.ConcurrentlyTransactionCreationAndExecutionTest" name="testConcurrentTransactionCreation" time="0"/>
  <testcase classname="com.revolut.money.transfer.integration.ConcurrentlyTransactionCreationAndExecutionTest" name="testConcurrentTransactionCreation" time="0.004"/>
  <testcase classname="com.revolut.money.transfer.integration.ConcurrentlyTransactionCreationAndExecutionTest" name="testConcurrentTransactionCreation" time="0"/>
  <testcase classname="com.revolut.money.transfer.integration.ConcurrentlyTransactionCreationAndExecutionTest" name="testConcurrentTransactionCreation" time="0.002"/>
  <testcase classname="com.revolut.money.transfer.integration.ConcurrentlyTransactionCreationAndExecutionTest" name="testConcurrentTransactionCreation" time="0"/>
  <testcase classname="com.revolut.money.transfer.integration.ConcurrentlyTransactionCreationAndExecutionTest" name="testConcurrentTransactionCreation" time="0"/>
  <testcase classname="com.revolut.money.transfer.integration.ConcurrentlyTransactionCreationAndExecutionTest" name="testConcurrentTransactionCreation" time="0"/>
  <testcase classname="com.revolut.money.transfer.integration.ConcurrentlyTransactionCreationAndExecutionTest" name="testConcurrentTransactionCreation" time="0.001"/>
  <testcase classname="com.revolut.money.transfer.integration.ConcurrentlyTransactionCreationAndExecutionTest" name="testConcurrentTransactionCreation" time="0.002"/>
  <testcase classname="com.revolut.money.transfer.integration.ConcurrentlyTransactionCreationAndExecutionTest" name="testConcurrentTransactionCreation" time="0.001"/>
  <testcase classname="com.revolut.money.transfer.integration.ConcurrentlyTransactionCreationAndExecutionTest" name="testConcurrentTransactionCreation" time="0.002"/>
  <testcase classname="com.revolut.money.transfer.integration.ConcurrentlyTransactionCreationAndExecutionTest" name="testConcurrentTransactionCreation" time="0.003"/>
  <testcase classname="com.revolut.money.transfer.integration.ConcurrentlyTransactionCreationAndExecutionTest" name="testConcurrentTransactionCreation" time="0"/>
  <testcase classname="com.revolut.money.transfer.integration.ConcurrentlyTransactionCreationAndExecutionTest" name="testConcurrentTransactionCreation" time="0.003"/>
  <testcase classname="com.revolut.money.transfer.integration.ConcurrentlyTransactionCreationAndExecutionTest" name="testConcurrentTransactionCreation" time="0"/>
  <testcase classname="com.revolut.money.transfer.integration.ConcurrentlyTransactionCreationAndExecutionTest" name="testConcurrentTransactionCreation" time="0"/>
  <testcase classname="com.revolut.money.transfer.integration.ConcurrentlyTransactionCreationAndExecutionTest" name="testConcurrentTransactionCreation" time="0"/>
  <testcase classname="com.revolut.money.transfer.integration.ConcurrentlyTransactionCreationAndExecutionTest" name="testConcurrentTransactionCreation" time="0"/>
  <testcase classname="com.revolut.money.transfer.integration.ConcurrentlyTransactionCreationAndExecutionTest" name="testConcurrentTransactionCreation" time="0.006"/>
  <testcase classname="com.revolut.money.transfer.integration.ConcurrentlyTransactionCreationAndExecutionTest" name="testConcurrentTransactionCreation" time="0.001"/>
  <testcase classname="com.revolut.money.transfer.integration.ConcurrentlyTransactionCreationAndExecutionTest" name="testConcurrentTransactionCreation" time="0.002"/>
  <testcase classname="com.revolut.money.transfer.integration.ConcurrentlyTransactionCreationAndExecutionTest" name="testConcurrentTransactionCreation" time="0.001"/>
  <testcase classname="com.revolut.money.transfer.integration.ConcurrentlyTransactionCreationAndExecutionTest" name="testConcurrentTransactionCreation" time="0.003"/>
  <testcase classname="com.revolut.money.transfer.integration.ConcurrentlyTransactionCreationAndExecutionTest" name="testConcurrentTransactionCreation" time="0"/>
  <testcase classname="com.revolut.money.transfer.integration.ConcurrentlyTransactionCreationAndExecutionTest" name="testConcurrentTransactionCreation" time="0.001"/>
  <testcase classname="com.revolut.money.transfer.integration.ConcurrentlyTransactionCreationAndExecutionTest" name="testConcurrentTransactionCreation" time="0.002"/>
  <testcase classname="com.revolut.money.transfer.integration.ConcurrentlyTransactionCreationAndExecutionTest" name="testConcurrentTransactionCreation" time="0.001"/>
  <testcase classname="com.revolut.money.transfer.integration.ConcurrentlyTransactionCreationAndExecutionTest" name="testConcurrentTransactionCreation" time="0.002"/>
  <testcase classname="com.revolut.money.transfer.integration.ConcurrentlyTransactionCreationAndExecutionTest" name="testConcurrentTransactionCreation" time="0.002"/>
  <testcase classname="com.revolut.money.transfer.integration.ConcurrentlyTransactionCreationAndExecutionTest" name="testConcurrentTransactionCreation" time="0"/>
  <testcase classname="com.revolut.money.transfer.integration.ConcurrentlyTransactionCreationAndExecutionTest" name="testConcurrentTransactionCreation" time="0.001"/>
  <testcase classname="com.revolut.money.transfer.integration.ConcurrentlyTransactionCreationAndExecutionTest" name="testConcurrentTransactionCreation" time="0.002"/>
  <testcase classname="com.revolut.money.transfer.integration.ConcurrentlyTransactionCreationAndExecutionTest" name="testConcurrentTransactionCreation" time="0.001"/>
  <testcase classname="com.revolut.money.transfer.integration.ConcurrentlyTransactionCreationAndExecutionTest" name="testConcurrentTransactionCreation" time="0.001"/>
  <testcase classname="com.revolut.money.transfer.integration.ConcurrentlyTransactionCreationAndExecutionTest" name="testConcurrentTransactionCreation" time="0"/>
  <testcase classname="com.revolut.money.transfer.integration.ConcurrentlyTransactionCreationAndExecutionTest" name="testConcurrentTransactionCreation" time="0.02"/>
  <testcase classname="com.revolut.money.transfer.integration.ConcurrentlyTransactionCreationAndExecutionTest" name="testConcurrentTransactionCreation" time="0.006"/>
  <testcase classname="com.revolut.money.transfer.integration.ConcurrentlyTransactionCreationAndExecutionTest" name="testConcurrentTransactionCreation" time="0.001"/>
  <testcase classname="com.revolut.money.transfer.integration.ConcurrentlyTransactionCreationAndExecutionTest" name="testConcurrentTransactionCreation" time="0"/>
  <testcase classname="com.revolut.money.transfer.integration.ConcurrentlyTransactionCreationAndExecutionTest" name="testConcurrentTransactionCreation" time="0.002"/>
  <testcase classname="com.revolut.money.transfer.integration.ConcurrentlyTransactionCreationAndExecutionTest" name="testConcurrentTransactionCreation" time="0"/>
  <testcase classname="com.revolut.money.transfer.integration.ConcurrentlyTransactionCreationAndExecutionTest" name="testConcurrentTransactionCreation" time="0.02"/>
  <testcase classname="com.revolut.money.transfer.integration.ConcurrentlyTransactionCreationAndExecutionTest" name="testConcurrentTransactionCreation" time="0"/>
  <testcase classname="com.revolut.money.transfer.integration.ConcurrentlyTransactionCreationAndExecutionTest" name="testConcurrentTransactionCreation" time="0.001"/>
  <testcase classname="com.revolut.money.transfer.integration.ConcurrentlyTransactionCreationAndExecutionTest" name="testConcurrentTransactionCreation" time="0.002"/>
  <testcase classname="com.revolut.money.transfer.integration.ConcurrentlyTransactionCreationAndExecutionTest" name="testConcurrentTransactionCreation" time="0.001"/>
  <testcase classname="com.revolut.money.transfer.integration.ConcurrentlyTransactionCreationAndExecutionTest" name="testConcurrentTransactionCreation" time="0"/>
  <testcase classname="com.revolut.money.transfer.integration.ConcurrentlyTransactionCreationAndExecutionTest" name="testConcurrentTransactionCreation" time="0.001"/>
  <testcase classname="com.revolut.money.transfer.integration.ConcurrentlyTransactionCreationAndExecutionTest" name="testConcurrentTransactionCreation" time="0.003"/>
  <testcase classname="com.revolut.money.transfer.integration.ConcurrentlyTransactionCreationAndExecutionTest" name="testConcurrentTransactionCreation" time="0.001"/>
  <testcase classname="com.revolut.money.transfer.integration.ConcurrentlyTransactionCreationAndExecutionTest" name="testConcurrentTransactionCreation" time="0.004"/>
  <testcase classname="com.revolut.money.transfer.integration.ConcurrentlyTransactionCreationAndExecutionTest" name="testConcurrentTransactionCreation" time="0"/>
  <testcase classname="com.revolut.money.transfer.integration.ConcurrentlyTransactionCreationAndExecutionTest" name="testConcurrentTransactionCreation" time="0"/>
  <testcase classname="com.revolut.money.transfer.integration.ConcurrentlyTransactionCreationAndExecutionTest" name="testConcurrentTransactionCreation" time="0"/>
  <testcase classname="com.revolut.money.transfer.integration.ConcurrentlyTransactionCreationAndExecutionTest" name="testConcurrentTransactionCreation" time="0.008"/>
  <testcase classname="com.revolut.money.transfer.integration.ConcurrentlyTransactionCreationAndExecutionTest" name="testConcurrentTransactionCreation" time="0.001"/>
  <testcase classname="com.revolut.money.transfer.integration.ConcurrentlyTransactionCreationAndExecutionTest" name="testConcurrentTransactionCreation" time="0.001"/>
  <testcase classname="com.revolut.money.transfer.integration.ConcurrentlyTransactionCreationAndExecutionTest" name="testConcurrentTransactionCreation" time="0.001"/>
  <testcase classname="com.revolut.money.transfer.integration.ConcurrentlyTransactionCreationAndExecutionTest" name="testConcurrentTransactionCreation" time="0.001"/>
  <testcase classname="com.revolut.money.transfer.integration.ConcurrentlyTransactionCreationAndExecutionTest" name="testConcurrentTransactionCreation" time="0.003"/>
  <testcase classname="com.revolut.money.transfer.integration.ConcurrentlyTransactionCreationAndExecutionTest" name="testConcurrentTransactionCreation" time="0"/>
  <testcase classname="com.revolut.money.transfer.integration.ConcurrentlyTransactionCreationAndExecutionTest" name="testConcurrentTransactionCreation" time="0"/>
  <testcase classname="com.revolut.money.transfer.integration.ConcurrentlyTransactionCreationAndExecutionTest" name="testConcurrentTransactionCreation" time="0.001"/>
  <testcase classname="com.revolut.money.transfer.integration.ConcurrentlyTransactionCreationAndExecutionTest" name="testConcurrentTransactionCreation" time="0"/>
  <testcase classname="com.revolut.money.transfer.integration.ConcurrentlyTransactionCreationAndExecutionTest" name="testConcurrentTransactionCreation" time="0"/>
  <testcase classname="com.revolut.money.transfer.integration.ConcurrentlyTransactionCreationAndExecutionTest" name="testConcurrentTransactionCreation" time="0.001"/>
  <testcase classname="com.revolut.money.transfer.integration.ConcurrentlyTransactionCreationAndExecutionTest" name="testConcurrentTransactionCreation" time="0.002"/>
  <testcase classname="com.revolut.money.transfer.integration.ConcurrentlyTransactionCreationAndExecutionTest" name="testConcurrentTransactionCreation" time="0.001"/>
  <testcase classname="com.revolut.money.transfer.integration.ConcurrentlyTransactionCreationAndExecutionTest" name="testConcurrentTransactionCreation" time="0.002"/>
  <testcase classname="com.revolut.money.transfer.integration.ConcurrentlyTransactionCreationAndExecutionTest" name="testConcurrentTransactionCreation" time="0.001"/>
  <testcase classname="com.revolut.money.transfer.integration.ConcurrentlyTransactionCreationAndExecutionTest" name="testConcurrentTransactionCreation" time="0"/>
  <testcase classname="com.revolut.money.transfer.integration.ConcurrentlyTransactionCreationAndExecutionTest" name="testConcurrentTransactionCreation" time="0.001"/>
  <testcase classname="com.revolut.money.transfer.integration.ConcurrentlyTransactionCreationAndExecutionTest" name="testConcurrentTransactionCreation" time="0.005"/>
  <testcase classname="com.revolut.money.transfer.integration.ConcurrentlyTransactionCreationAndExecutionTest" name="testConcurrentTransactionCreation" time="0.001"/>
  <testcase classname="com.revolut.money.transfer.integration.ConcurrentlyTransactionCreationAndExecutionTest" name="testConcurrentTransactionCreation" time="0.001"/>
  <testcase classname="com.revolut.money.transfer.integration.ConcurrentlyTransactionCreationAndExecutionTest" name="testConcurrentTransactionCreation" time="0.001"/>
  <testcase classname="com.revolut.money.transfer.integration.ConcurrentlyTransactionCreationAndExecutionTest" name="testConcurrentTransactionCreation" time="0"/>
  <testcase classname="com.revolut.money.transfer.integration.ConcurrentlyTransactionCreationAndExecutionTest" name="testConcurrentTransactionCreation" time="0.001"/>
  <testcase classname="com.revolut.money.transfer.integration.ConcurrentlyTransactionCreationAndExecutionTest" name="testConcurrentTransactionCreation" time="0.004"/>
  <testcase classname="com.revolut.money.transfer.integration.ConcurrentlyTransactionCreationAndExecutionTest" name="testConcurrentTransactionCreation" time="0.001"/>
  <testcase classname="com.revolut.money.transfer.integration.ConcurrentlyTransactionCreationAndExecutionTest" name="testConcurrentTransactionCreation" time="0"/>
  <testcase classname="com.revolut.money.transfer.integration.ConcurrentlyTransactionCreationAndExecutionTest" name="testConcurrentTransactionCreation" time="0.001"/>
  <testcase classname="com.revolut.money.transfer.integration.ConcurrentlyTransactionCreationAndExecutionTest" name="testConcurrentTransactionCreation" time="0.002"/>
  <testcase classname="com.revolut.money.transfer.integration.ConcurrentlyTransactionCreationAndExecutionTest" name="testConcurrentTransactionCreation" time="0.001"/>
  <testcase classname="com.revolut.money.transfer.integration.ConcurrentlyTransactionCreationAndExecutionTest" name="testConcurrentTransactionCreation" time="0.009"/>
  <testcase classname="com.revolut.money.transfer.integration.ConcurrentlyTransactionCreationAndExecutionTest" name="testConcurrentTransactionCreation" time="0"/>
  <testcase classname="com.revolut.money.transfer.integration.ConcurrentlyTransactionCreationAndExecutionTest" name="testConcurrentTransactionCreation" time="0.002"/>
  <testcase classname="com.revolut.money.transfer.integration.ConcurrentlyTransactionCreationAndExecutionTest" name="testConcurrentTransactionCreation" time="0.001"/>
  <testcase classname="com.revolut.money.transfer.integration.ConcurrentlyTransactionCreationAndExecutionTest" name="testConcurrentTransactionCreation" time="0"/>
  <testcase classname="com.revolut.money.transfer.integration.ConcurrentlyTransactionCreationAndExecutionTest" name="testConcurrentTransactionCreation" time="0.001"/>
  <testcase classname="com.revolut.money.transfer.integration.ConcurrentlyTransactionCreationAndExecutionTest" name="testConcurrentTransactionCreation" time="0.001"/>
  <testcase classname="com.revolut.money.transfer.integration.ConcurrentlyTransactionCreationAndExecutionTest" name="testConcurrentTransactionCreation" time="0.008"/>
  <testcase classname="com.revolut.money.transfer.integration.ConcurrentlyTransactionCreationAndExecutionTest" name="testConcurrentTransactionCreation" time="0.002"/>
  <testcase classname="com.revolut.money.transfer.integration.ConcurrentlyTransactionCreationAndExecutionTest" name="testConcurrentTransactionCreation" time="0.001"/>
  <testcase classname="com.revolut.money.transfer.integration.ConcurrentlyTransactionCreationAndExecutionTest" name="testConcurrentTransactionCreation" time="0.001"/>
  <testcase classname="com.revolut.money.transfer.integration.ConcurrentlyTransactionCreationAndExecutionTest" name="testConcurrentTransactionCreation" time="0.011"/>
  <testcase classname="com.revolut.money.transfer.integration.ConcurrentlyTransactionCreationAndExecutionTest" name="testConcurrentTransactionCreation" time="0"/>
  <testcase classname="com.revolut.money.transfer.integration.ConcurrentlyTransactionCreationAndExecutionTest" name="testConcurrentTransactionCreation" time="0.001"/>
  <testcase classname="com.revolut.money.transfer.integration.ConcurrentlyTransactionCreationAndExecutionTest" name="testConcurrentTransactionCreation" time="0.006"/>
  <testcase classname="com.revolut.money.transfer.integration.ConcurrentlyTransactionCreationAndExecutionTest" name="testConcurrentTransactionCreation" time="0"/>
  <testcase classname="com.revolut.money.transfer.integration.ConcurrentlyTransactionCreationAndExecutionTest" name="testConcurrentTransactionCreation" time="0.001"/>
  <testcase classname="com.revolut.money.transfer.integration.ConcurrentlyTransactionCreationAndExecutionTest" name="testConcurrentTransactionCreation" time="0.001"/>
  <testcase classname="com.revolut.money.transfer.integration.ConcurrentlyTransactionCreationAndExecutionTest" name="testConcurrentTransactionCreation" time="0"/>
  <testcase classname="com.revolut.money.transfer.integration.ConcurrentlyTransactionCreationAndExecutionTest" name="testConcurrentTransactionCreation" time="0.001"/>
  <testcase classname="com.revolut.money.transfer.integration.ConcurrentlyTransactionCreationAndExecutionTest" name="testConcurrentTransactionCreation" time="0.001"/>
  <testcase classname="com.revolut.money.transfer.integration.ConcurrentlyTransactionCreationAndExecutionTest" name="testConcurrentTransactionCreation" time="0.003"/>
  <testcase classname="com.revolut.money.transfer.integration.ConcurrentlyTransactionCreationAndExecutionTest" name="testConcurrentTransactionCreation" time="0.001"/>
  <testcase classname="com.revolut.money.transfer.integration.ConcurrentlyTransactionCreationAndExecutionTest" name="testConcurrentTransactionCreation" time="0.001"/>
  <testcase classname="com.revolut.money.transfer.integration.ConcurrentlyTransactionCreationAndExecutionTest" name="testConcurrentTransactionCreation" time="0"/>
  <testcase classname="com.revolut.money.transfer.integration.ConcurrentlyTransactionCreationAndExecutionTest" name="testConcurrentTransactionCreation" time="0.001"/>
  <testcase classname="com.revolut.money.transfer.integration.ConcurrentlyTransactionCreationAndExecutionTest" name="testConcurrentTransactionCreation" time="0.001"/>
  <testcase classname="com.revolut.money.transfer.integration.ConcurrentlyTransactionCreationAndExecutionTest" name="testConcurrentTransactionCreation" time="0.002"/>
  <testcase classname="com.revolut.money.transfer.integration.ConcurrentlyTransactionCreationAndExecutionTest" name="testConcurrentTransactionCreation" time="0"/>
  <testcase classname="com.revolut.money.transfer.integration.ConcurrentlyTransactionCreationAndExecutionTest" name="testConcurrentTransactionCreation" time="0.002"/>
  <testcase classname="com.revolut.money.transfer.integration.ConcurrentlyTransactionCreationAndExecutionTest" name="testConcurrentTransactionCreation" time="0.001"/>
  <testcase classname="com.revolut.money.transfer.integration.ConcurrentlyTransactionCreationAndExecutionTest" name="testConcurrentTransactionCreation" time="0.001"/>
  <testcase classname="com.revolut.money.transfer.integration.ConcurrentlyTransactionCreationAndExecutionTest" name="testConcurrentTransactionCreation" time="0.001"/>
  <testcase classname="com.revolut.money.transfer.integration.ConcurrentlyTransactionCreationAndExecutionTest" name="testConcurrentTransactionCreation" time="0"/>
  <testcase classname="com.revolut.money.transfer.integration.ConcurrentlyTransactionCreationAndExecutionTest" name="testConcurrentTransactionCreation" time="0"/>
  <testcase classname="com.revolut.money.transfer.integration.ConcurrentlyTransactionCreationAndExecutionTest" name="testConcurrentTransactionCreation" time="0.003"/>
  <testcase classname="com.revolut.money.transfer.integration.ConcurrentlyTransactionCreationAndExecutionTest" name="testConcurrentTransactionCreation" time="0.002"/>
  <testcase classname="com.revolut.money.transfer.integration.ConcurrentlyTransactionCreationAndExecutionTest" name="testConcurrentTransactionCreation" time="0.003"/>
  <testcase classname="com.revolut.money.transfer.integration.ConcurrentlyTransactionCreationAndExecutionTest" name="testConcurrentTransactionCreation" time="0"/>
  <testcase classname="com.revolut.money.transfer.integration.ConcurrentlyTransactionCreationAndExecutionTest" name="testConcurrentTransactionCreation" time="0.001"/>
  <testcase classname="com.revolut.money.transfer.integration.ConcurrentlyTransactionCreationAndExecutionTest" name="testConcurrentTransactionCreation" time="0"/>
  <testcase classname="com.revolut.money.transfer.integration.ConcurrentlyTransactionCreationAndExecutionTest" name="testConcurrentTransactionCreation" time="0"/>
  <testcase classname="com.revolut.money.transfer.integration.ConcurrentlyTransactionCreationAndExecutionTest" name="testConcurrentTransactionCreation" time="0.001"/>
  <testcase classname="com.revolut.money.transfer.integration.ConcurrentlyTransactionCreationAndExecutionTest" name="testConcurrentTransactionCreation" time="0"/>
  <testcase classname="com.revolut.money.transfer.integration.ConcurrentlyTransactionCreationAndExecutionTest" name="testConcurrentTransactionCreation" time="0"/>
  <testcase classname="com.revolut.money.transfer.integration.ConcurrentlyTransactionCreationAndExecutionTest" name="testConcurrentTransactionCreation" time="0"/>
  <testcase classname="com.revolut.money.transfer.integration.ConcurrentlyTransactionCreationAndExecutionTest" name="testConcurrentTransactionCreation" time="0.005"/>
  <testcase classname="com.revolut.money.transfer.integration.ConcurrentlyTransactionCreationAndExecutionTest" name="testConcurrentTransactionCreation" time="0"/>
  <testcase classname="com.revolut.money.transfer.integration.ConcurrentlyTransactionCreationAndExecutionTest" name="testConcurrentTransactionCreation" time="0"/>
  <testcase classname="com.revolut.money.transfer.integration.ConcurrentlyTransactionCreationAndExecutionTest" name="testConcurrentTransactionCreation" time="0"/>
  <testcase classname="com.revolut.money.transfer.integration.ConcurrentlyTransactionCreationAndExecutionTest" name="testConcurrentTransactionCreation" time="0.002"/>
  <testcase classname="com.revolut.money.transfer.integration.ConcurrentlyTransactionCreationAndExecutionTest" name="testConcurrentTransactionCreation" time="0.002"/>
  <testcase classname="com.revolut.money.transfer.integration.ConcurrentlyTransactionCreationAndExecutionTest" name="testConcurrentTransactionCreation" time="0.002"/>
  <testcase classname="com.revolut.money.transfer.integration.ConcurrentlyTransactionCreationAndExecutionTest" name="testConcurrentTransactionCreation" time="0.002"/>
  <testcase classname="com.revolut.money.transfer.integration.ConcurrentlyTransactionCreationAndExecutionTest" name="testConcurrentTransactionCreation" time="0.003"/>
  <testcase classname="com.revolut.money.transfer.integration.ConcurrentlyTransactionCreationAndExecutionTest" name="testConcurrentTransactionCreation" time="0.002"/>
  <testcase classname="com.revolut.money.transfer.integration.ConcurrentlyTransactionCreationAndExecutionTest" name="testConcurrentTransactionCreation" time="0.003"/>
  <testcase classname="com.revolut.money.transfer.integration.ConcurrentlyTransactionCreationAndExecutionTest" name="testConcurrentTransactionCreation" time="0.001"/>
  <testcase classname="com.revolut.money.transfer.integration.ConcurrentlyTransactionCreationAndExecutionTest" name="testConcurrentTransactionCreation" time="0.001"/>
  <testcase classname="com.revolut.money.transfer.integration.ConcurrentlyTransactionCreationAndExecutionTest" name="testConcurrentTransactionCreation" time="0.001"/>
  <testcase classname="com.revolut.money.transfer.integration.ConcurrentlyTransactionCreationAndExecutionTest" name="testConcurrentTransactionCreation" time="0.001"/>
  <testcase classname="com.revolut.money.transfer.integration.ConcurrentlyTransactionCreationAndExecutionTest" name="testConcurrentTransactionCreation" time="0"/>
  <testcase classname="com.revolut.money.transfer.integration.ConcurrentlyTransactionCreationAndExecutionTest" name="testConcurrentTransactionCreation" time="0"/>
  <testcase classname="com.revolut.money.transfer.integration.ConcurrentlyTransactionCreationAndExecutionTest" name="testConcurrentTransactionCreation" time="0"/>
  <testcase classname="com.revolut.money.transfer.integration.ConcurrentlyTransactionCreationAndExecutionTest" name="testConcurrentTransactionCreation" time="0.002"/>
  <testcase classname="com.revolut.money.transfer.integration.ConcurrentlyTransactionCreationAndExecutionTest" name="testConcurrentTransactionCreation" time="0.001"/>
  <testcase classname="com.revolut.money.transfer.integration.ConcurrentlyTransactionCreationAndExecutionTest" name="testConcurrentTransactionCreation" time="0"/>
  <testcase classname="com.revolut.money.transfer.integration.ConcurrentlyTransactionCreationAndExecutionTest" name="testConcurrentTransactionCreation" time="0.001"/>
  <testcase classname="com.revolut.money.transfer.integration.ConcurrentlyTransactionCreationAndExecutionTest" name="testConcurrentTransactionCreation" time="0.001"/>
  <testcase classname="com.revolut.money.transfer.integration.ConcurrentlyTransactionCreationAndExecutionTest" name="testConcurrentTransactionCreation" time="0.001"/>
  <testcase classname="com.revolut.money.transfer.integration.ConcurrentlyTransactionCreationAndExecutionTest" name="testConcurrentTransactionCreation" time="0"/>
  <testcase classname="com.revolut.money.transfer.integration.ConcurrentlyTransactionCreationAndExecutionTest" name="testConcurrentTransactionCreation" time="0.009"/>
  <testcase classname="com.revolut.money.transfer.integration.ConcurrentlyTransactionCreationAndExecutionTest" name="testConcurrentTransactionCreation" time="0"/>
  <testcase classname="com.revolut.money.transfer.integration.ConcurrentlyTransactionCreationAndExecutionTest" name="testConcurrentTransactionCreation" time="0"/>
  <testcase classname="com.revolut.money.transfer.integration.ConcurrentlyTransactionCreationAndExecutionTest" name="testConcurrentTransactionCreation" time="0.001"/>
  <testcase classname="com.revolut.money.transfer.integration.ConcurrentlyTransactionCreationAndExecutionTest" name="testConcurrentTransactionCreation" time="0"/>
  <testcase classname="com.revolut.money.transfer.integration.ConcurrentlyTransactionCreationAndExecutionTest" name="testConcurrentTransactionCreation" time="0.001"/>
  <testcase classname="com.revolut.money.transfer.integration.ConcurrentlyTransactionCreationAndExecutionTest" name="testConcurrentTransactionCreation" time="0"/>
  <testcase classname="com.revolut.money.transfer.integration.ConcurrentlyTransactionCreationAndExecutionTest" name="testConcurrentTransactionCreation" time="0"/>
  <testcase classname="com.revolut.money.transfer.integration.ConcurrentlyTransactionCreationAndExecutionTest" name="testConcurrentTransactionCreation" time="0.006"/>
  <testcase classname="com.revolut.money.transfer.integration.ConcurrentlyTransactionCreationAndExecutionTest" name="testConcurrentTransactionCreation" time="0"/>
  <testcase classname="com.revolut.money.transfer.integration.ConcurrentlyTransactionCreationAndExecutionTest" name="testConcurrentTransactionCreation" time="0.001"/>
  <testcase classname="com.revolut.money.transfer.integration.ConcurrentlyTransactionCreationAndExecutionTest" name="testConcurrentTransactionCreation" time="0.001"/>
  <testcase classname="com.revolut.money.transfer.integration.ConcurrentlyTransactionCreationAndExecutionTest" name="testConcurrentTransactionCreation" time="0.001"/>
  <testcase classname="com.revolut.money.transfer.integration.ConcurrentlyTransactionCreationAndExecutionTest" name="testConcurrentTransactionCreation" time="0"/>
  <testcase classname="com.revolut.money.transfer.integration.ConcurrentlyTransactionCreationAndExecutionTest" name="testConcurrentTransactionCreation" time="0.002"/>
  <testcase classname="com.revolut.money.transfer.integration.ConcurrentlyTransactionCreationAndExecutionTest" name="testConcurrentTransactionCreation" time="0.002"/>
  <testcase classname="com.revolut.money.transfer.integration.ConcurrentlyTransactionCreationAndExecutionTest" name="testConcurrentTransactionCreation" time="0"/>
  <testcase classname="com.revolut.money.transfer.integration.ConcurrentlyTransactionCreationAndExecutionTest" name="testConcurrentTransactionCreation" time="0"/>
  <testcase classname="com.revolut.money.transfer.integration.ConcurrentlyTransactionCreationAndExecutionTest" name="testConcurrentTransactionCreation" time="0"/>
  <testcase classname="com.revolut.money.transfer.integration.ConcurrentlyTransactionCreationAndExecutionTest" name="testConcurrentTransactionCreation" time="0.001"/>
  <testcase classname="com.revolut.money.transfer.integration.ConcurrentlyTransactionCreationAndExecutionTest" name="testConcurrentTransactionCreation" time="0.001"/>
  <testcase classname="com.revolut.money.transfer.integration.ConcurrentlyTransactionCreationAndExecutionTest" name="testConcurrentTransactionCreation" time="0.004"/>
  <testcase classname="com.revolut.money.transfer.integration.ConcurrentlyTransactionCreationAndExecutionTest" name="testConcurrentTransactionCreation" time="0"/>
  <testcase classname="com.revolut.money.transfer.integration.ConcurrentlyTransactionCreationAndExecutionTest" name="testConcurrentTransactionCreation" time="0.001"/>
  <testcase classname="com.revolut.money.transfer.integration.ConcurrentlyTransactionCreationAndExecutionTest" name="testConcurrentTransactionCreation" time="0"/>
  <testcase classname="com.revolut.money.transfer.integration.ConcurrentlyTransactionCreationAndExecutionTest" name="testConcurrentTransactionCreation" time="0.001"/>
  <testcase classname="com.revolut.money.transfer.integration.ConcurrentlyTransactionCreationAndExecutionTest" name="testConcurrentTransactionCreation" time="0.001"/>
  <testcase classname="com.revolut.money.transfer.integration.ConcurrentlyTransactionCreationAndExecutionTest" name="testConcurrentTransactionCreation" time="0.002"/>
  <testcase classname="com.revolut.money.transfer.integration.ConcurrentlyTransactionCreationAndExecutionTest" name="testConcurrentTransactionCreation" time="0"/>
  <testcase classname="com.revolut.money.transfer.integration.ConcurrentlyTransactionCreationAndExecutionTest" name="testConcurrentTransactionCreation" time="0.001"/>
  <testcase classname="com.revolut.money.transfer.integration.ConcurrentlyTransactionCreationAndExecutionTest" name="testConcurrentTransactionCreation" time="0.001"/>
  <testcase classname="com.revolut.money.transfer.integration.ConcurrentlyTransactionCreationAndExecutionTest" name="testConcurrentTransactionCreation" time="0.002"/>
  <testcase classname="com.revolut.money.transfer.integration.ConcurrentlyTransactionCreationAndExecutionTest" name="testConcurrentTransactionCreation" time="0.001"/>
  <testcase classname="com.revolut.money.transfer.integration.ConcurrentlyTransactionCreationAndExecutionTest" name="testConcurrentTransactionCreation" time="0"/>
  <testcase classname="com.revolut.money.transfer.integration.ConcurrentlyTransactionCreationAndExecutionTest" name="testConcurrentTransactionCreation" time="0.001"/>
  <testcase classname="com.revolut.money.transfer.integration.ConcurrentlyTransactionCreationAndExecutionTest" name="testConcurrentTransactionCreation" time="0.003"/>
  <testcase classname="com.revolut.money.transfer.integration.ConcurrentlyTransactionCreationAndExecutionTest" name="testConcurrentTransactionCreation" time="0"/>
  <testcase classname="com.revolut.money.transfer.integration.ConcurrentlyTransactionCreationAndExecutionTest" name="testConcurrentTransactionCreation" time="0"/>
  <testcase classname="com.revolut.money.transfer.integration.ConcurrentlyTransactionCreationAndExecutionTest" name="testConcurrentTransactionCreation" time="0.001"/>
  <testcase classname="com.revolut.money.transfer.integration.ConcurrentlyTransactionCreationAndExecutionTest" name="testConcurrentTransactionCreation" time="0.001"/>
  <testcase classname="com.revolut.money.transfer.integration.ConcurrentlyTransactionCreationAndExecutionTest" name="testConcurrentTransactionCreation" time="0"/>
  <testcase classname="com.revolut.money.transfer.integration.ConcurrentlyTransactionCreationAndExecutionTest" name="testConcurrentTransactionCreation" time="0"/>
  <testcase classname="com.revolut.money.transfer.integration.ConcurrentlyTransactionCreationAndExecutionTest" name="testConcurrentTransactionCreation" time="0"/>
  <testcase classname="com.revolut.money.transfer.integration.ConcurrentlyTransactionCreationAndExecutionTest" name="testConcurrentTransactionCreation" time="0"/>
  <testcase classname="com.revolut.money.transfer.integration.ConcurrentlyTransactionCreationAndExecutionTest" name="testConcurrentTransactionCreation" time="0"/>
  <testcase classname="com.revolut.money.transfer.integration.ConcurrentlyTransactionCreationAndExecutionTest" name="testConcurrentTransactionCreation" time="0.004"/>
  <testcase classname="com.revolut.money.transfer.integration.ConcurrentlyTransactionCreationAndExecutionTest" name="testConcurrentTransactionCreation" time="0"/>
  <testcase classname="com.revolut.money.transfer.integration.ConcurrentlyTransactionCreationAndExecutionTest" name="testConcurrentTransactionCreation" time="0"/>
  <testcase classname="com.revolut.money.transfer.integration.ConcurrentlyTransactionCreationAndExecutionTest" name="testConcurrentTransactionCreation" time="0.001"/>
  <testcase classname="com.revolut.money.transfer.integration.ConcurrentlyTransactionCreationAndExecutionTest" name="testConcurrentTransactionCreation" time="0"/>
  <testcase classname="com.revolut.money.transfer.integration.ConcurrentlyTransactionCreationAndExecutionTest" name="testConcurrentTransactionCreation" time="0"/>
  <testcase classname="com.revolut.money.transfer.integration.ConcurrentlyTransactionCreationAndExecutionTest" name="testConcurrentTransactionCreation" time="0.001"/>
  <testcase classname="com.revolut.money.transfer.integration.ConcurrentlyTransactionCreationAndExecutionTest" name="testConcurrentTransactionCreation" time="0.001"/>
  <testcase classname="com.revolut.money.transfer.integration.ConcurrentlyTransactionCreationAndExecutionTest" name="testConcurrentTransactionCreation" time="0"/>
  <testcase classname="com.revolut.money.transfer.integration.ConcurrentlyTransactionCreationAndExecutionTest" name="testConcurrentTransactionCreation" time="0.001"/>
  <testcase classname="com.revolut.money.transfer.integration.ConcurrentlyTransactionCreationAndExecutionTest" name="testConcurrentTransactionCreation" time="0.001"/>
  <testcase classname="com.revolut.money.transfer.integration.ConcurrentlyTransactionCreationAndExecutionTest" name="testConcurrentTransactionCreation" time="0"/>
  <testcase classname="com.revolut.money.transfer.integration.ConcurrentlyTransactionCreationAndExecutionTest" name="testConcurrentTransactionCreation" time="0"/>
  <testcase classname="com.revolut.money.transfer.integration.ConcurrentlyTransactionCreationAndExecutionTest" name="testConcurrentTransactionCreation" time="0.006"/>
  <testcase classname="com.revolut.money.transfer.integration.ConcurrentlyTransactionCreationAndExecutionTest" name="testConcurrentTransactionCreation" time="0"/>
  <testcase classname="com.revolut.money.transfer.integration.ConcurrentlyTransactionCreationAndExecutionTest" name="testConcurrentTransactionCreation" time="0"/>
  <testcase classname="com.revolut.money.transfer.integration.ConcurrentlyTransactionCreationAndExecutionTest" name="testConcurrentTransactionCreation" time="0.001"/>
  <testcase classname="com.revolut.money.transfer.integration.ConcurrentlyTransactionCreationAndExecutionTest" name="testConcurrentTransactionCreation" time="0.001"/>
  <testcase classname="com.revolut.money.transfer.integration.ConcurrentlyTransactionCreationAndExecutionTest" name="testConcurrentTransactionCreation" time="0.002"/>
  <testcase classname="com.revolut.money.transfer.integration.ConcurrentlyTransactionCreationAndExecutionTest" name="testConcurrentTransactionCreation" time="0"/>
  <testcase classname="com.revolut.money.transfer.integration.ConcurrentlyTransactionCreationAndExecutionTest" name="testConcurrentTransactionCreation" time="0.001"/>
  <testcase classname="com.revolut.money.transfer.integration.ConcurrentlyTransactionCreationAndExecutionTest" name="testConcurrentTransactionCreation" time="0"/>
  <testcase classname="com.revolut.money.transfer.integration.ConcurrentlyTransactionCreationAndExecutionTest" name="testConcurrentTransactionCreation" time="0"/>
  <testcase classname="com.revolut.money.transfer.integration.ConcurrentlyTransactionCreationAndExecutionTest" name="testConcurrentTransactionCreation" time="0.002"/>
  <testcase classname="com.revolut.money.transfer.integration.ConcurrentlyTransactionCreationAndExecutionTest" name="testConcurrentTransactionCreation" time="0.001"/>
  <testcase classname="com.revolut.money.transfer.integration.ConcurrentlyTransactionCreationAndExecutionTest" name="testConcurrentTransactionCreation" time="0"/>
  <testcase classname="com.revolut.money.transfer.integration.ConcurrentlyTransactionCreationAndExecutionTest" name="testConcurrentTransactionCreation" time="0.001"/>
  <testcase classname="com.revolut.money.transfer.integration.ConcurrentlyTransactionCreationAndExecutionTest" name="testConcurrentTransactionCreation" time="0"/>
  <testcase classname="com.revolut.money.transfer.integration.ConcurrentlyTransactionCreationAndExecutionTest" name="testConcurrentTransactionCreation" time="0.001"/>
  <testcase classname="com.revolut.money.transfer.integration.ConcurrentlyTransactionCreationAndExecutionTest" name="testConcurrentTransactionCreation" time="0.001"/>
  <testcase classname="com.revolut.money.transfer.integration.ConcurrentlyTransactionCreationAndExecutionTest" name="testConcurrentTransactionCreation" time="0"/>
  <testcase classname="com.revolut.money.transfer.integration.ConcurrentlyTransactionCreationAndExecutionTest" name="testConcurrentTransactionCreation" time="0.001"/>
  <testcase classname="com.revolut.money.transfer.integration.ConcurrentlyTransactionCreationAndExecutionTest" name="testConcurrentTransactionCreation" time="0"/>
  <testcase classname="com.revolut.money.transfer.integration.ConcurrentlyTransactionCreationAndExecutionTest" name="testConcurrentTransactionCreation" time="0.001"/>
  <testcase classname="com.revolut.money.transfer.integration.ConcurrentlyTransactionCreationAndExecutionTest" name="testConcurrentTransactionCreation" time="0"/>
  <testcase classname="com.revolut.money.transfer.integration.ConcurrentlyTransactionCreationAndExecutionTest" name="testConcurrentTransactionCreation" time="0"/>
  <testcase classname="com.revolut.money.transfer.integration.ConcurrentlyTransactionCreationAndExecutionTest" name="testConcurrentTransactionCreation" time="0.007"/>
  <testcase classname="com.revolut.money.transfer.integration.ConcurrentlyTransactionCreationAndExecutionTest" name="testConcurrentTransactionCreation" time="0"/>
  <testcase classname="com.revolut.money.transfer.integration.ConcurrentlyTransactionCreationAndExecutionTest" name="testConcurrentTransactionCreation" time="0.002"/>
  <testcase classname="com.revolut.money.transfer.integration.ConcurrentlyTransactionCreationAndExecutionTest" name="testConcurrentTransactionCreation" time="0"/>
  <testcase classname="com.revolut.money.transfer.integration.ConcurrentlyTransactionCreationAndExecutionTest" name="testConcurrentTransactionCreation" time="0"/>
[...]
  <testcase classname="com.revolut.money.transfer.integration.ConcurrentlyTransactionCreationTest" name="testConcurrentTransactionCreationForAccount1And2" time="0.001"/>
  <testcase classname="com.revolut.money.transfer.integration.ConcurrentlyTransactionCreationTest" name="testConcurrentTransactionCreationForAccount1And2" time="0"/>
  <testcase classname="com.revolut.money.transfer.integration.ConcurrentlyTransactionCreationTest" name="testConcurrentTransactionCreationForAccount1And2" time="0"/>
  <testcase classname="com.revolut.money.transfer.integration.ConcurrentlyTransactionCreationTest" name="testConcurrentTransactionCreationForAccount1And2" time="0"/>
  <testcase classname="com.revolut.money.transfer.integration.ConcurrentlyTransactionCreationTest" name="testConcurrentTransactionCreationForAccount1And2" time="0"/>
  <testcase classname="com.revolut.money.transfer.integration.ConcurrentlyTransactionCreationTest" name="testConcurrentTransactionCreationForAccount1And2" time="0"/>
  <testcase classname="com.revolut.money.transfer.integration.ConcurrentlyTransactionCreationTest" name="testConcurrentTransactionCreationForAccount1And2" time="0"/>
  <testcase classname="com.revolut.money.transfer.integration.ConcurrentlyTransactionCreationTest" name="testConcurrentTransactionCreationForAccount1And2" time="0.001"/>
  <testcase classname="com.revolut.money.transfer.integration.ConcurrentlyTransactionCreationTest" name="testConcurrentTransactionCreationForAccount1And2" time="0.001"/>
  <testcase classname="com.revolut.money.transfer.integration.ConcurrentlyTransactionCreationTest" name="testConcurrentTransactionCreationForAccount1And2" time="0.001"/>
  <testcase classname="com.revolut.money.transfer.integration.ConcurrentlyTransactionCreationTest" name="testConcurrentTransactionCreationForAccount1And2" time="0.002"/>
  <testcase classname="com.revolut.money.transfer.integration.ConcurrentlyTransactionCreationTest" name="testConcurrentTransactionCreationForAccount1And2" time="0.002"/>
  <testcase classname="com.revolut.money.transfer.integration.ConcurrentlyTransactionCreationTest" name="testConcurrentTransactionCreationForAccount1And2" time="0.003"/>
  <testcase classname="com.revolut.money.transfer.integration.ConcurrentlyTransactionCreationTest" name="testConcurrentTransactionCreationForAccount1And2" time="0.004"/>
  <testcase classname="com.revolut.money.transfer.integration.ConcurrentlyTransactionCreationTest" name="testConcurrentTransactionCreationForAccount1And2" time="0.004"/>
  <testcase classname="com.revolut.money.transfer.integration.ConcurrentlyTransactionCreationTest" name="testConcurrentTransactionCreationForAccount1And2" time="0.004"/>
  <testcase classname="com.revolut.money.transfer.integration.ConcurrentlyTransactionCreationTest" name="testConcurrentTransactionCreationForAccount1And2" time="0.004"/>
  <testcase classname="com.revolut.money.transfer.integration.ConcurrentlyTransactionCreationTest" name="testConcurrentTransactionCreationForAccount1And2" time="0.005"/>
  <testcase classname="com.revolut.money.transfer.integration.ConcurrentlyTransactionCreationTest" name="testConcurrentTransactionCreationForAccount1And2" time="0.005"/>
  <testcase classname="com.revolut.money.transfer.integration.ConcurrentlyTransactionCreationTest" name="testConcurrentTransactionCreationForAccount1And2" time="0.005"/>
  <testcase classname="com.revolut.money.transfer.integration.ConcurrentlyTransactionCreationTest" name="testConcurrentTransactionCreationForAccount1And2" time="0.005"/>
  <testcase classname="com.revolut.money.transfer.integration.ConcurrentlyTransactionCreationTest" name="testConcurrentTransactionCreationForAccount1And2" time="0.006"/>
  <testcase classname="com.revolut.money.transfer.integration.ConcurrentlyTransactionCreationTest" name="testConcurrentTransactionCreationForAccount1And2" time="0.006"/>
  <testcase classname="com.revolut.money.transfer.integration.ConcurrentlyTransactionCreationTest" name="testConcurrentTransactionCreationForAccount1And2" time="0.006"/>
  <testcase classname="com.revolut.money.transfer.integration.ConcurrentlyTransactionCreationTest" name="testConcurrentTransactionCreationForAccount1And2" time="0.006"/>
  <testcase classname="com.revolut.money.transfer.integration.ConcurrentlyTransactionCreationTest" name="testConcurrentTransactionCreationForAccount1And2" time="0.007"/>
  <testcase classname="com.revolut.money.transfer.integration.ConcurrentlyTransactionCreationTest" name="testConcurrentTransactionCreationForAccount1And2" time="0.007"/>
  <testcase classname="com.revolut.money.transfer.integration.ConcurrentlyTransactionCreationTest" name="testConcurrentTransactionCreationForAccount1And2" time="0.007"/>
  <testcase classname="com.revolut.money.transfer.integration.ConcurrentlyTransactionCreationTest" name="testConcurrentTransactionCreationForAccount1And2" time="0.008"/>
  <testcase classname="com.revolut.money.transfer.integration.ConcurrentlyTransactionCreationTest" name="testConcurrentTransactionCreationForAccount1And2" time="0.008"/>
  <testcase classname="com.revolut.money.transfer.integration.ConcurrentlyTransactionCreationTest" name="testConcurrentTransactionCreationForAccount1And2" time="0.008"/>
  <testcase classname="com.revolut.money.transfer.integration.ConcurrentlyTransactionCreationTest" name="testConcurrentTransactionCreationForAccount1And2" time="0.008"/>
  <testcase classname="com.revolut.money.transfer.integration.ConcurrentlyTransactionCreationTest" name="testConcurrentTransactionCreationForAccount1And2" time="0.009"/>
  <testcase classname="com.revolut.money.transfer.integration.ConcurrentlyTransactionCreationTest" name="testConcurrentTransactionCreationForAccount1And2" time="0.009"/>
  <testcase classname="com.revolut.money.transfer.integration.ConcurrentlyTransactionCreationTest" name="testConcurrentTransactionCreationForAccount1And2" time="0.009"/>
  <testcase classname="com.revolut.money.transfer.integration.ConcurrentlyTransactionCreationTest" name="testConcurrentTransactionCreationForAccount1And2" time="0.009"/>
  <testcase classname="com.revolut.money.transfer.integration.ConcurrentlyTransactionCreationTest" name="testConcurrentTransactionCreationForAccount1And2" time="0.009"/>
  <testcase classname="com.revolut.money.transfer.integration.ConcurrentlyTransactionCreationTest" name="testConcurrentTransactionCreationForAccount1And2" time="0.01"/>
  <testcase classname="com.revolut.money.transfer.integration.ConcurrentlyTransactionCreationTest" name="testConcurrentTransactionCreationForAccount1And2" time="0.01"/>
  <testcase classname="com.revolut.money.transfer.integration.ConcurrentlyTransactionCreationTest" name="testConcurrentTransactionCreationForAccount1And2" time="0.01"/>
  <testcase classname="com.revolut.money.transfer.integration.ConcurrentlyTransactionCreationTest" name="testConcurrentTransactionCreationForAccount1And2" time="0.01"/>
  <testcase classname="com.revolut.money.transfer.integration.ConcurrentlyTransactionCreationTest" name="testConcurrentTransactionCreationForAccount1And2" time="0.011"/>
  <testcase classname="com.revolut.money.transfer.integration.ConcurrentlyTransactionCreationTest" name="testConcurrentTransactionCreationForAccount1And2" time="0.011"/>
  <testcase classname="com.revolut.money.transfer.integration.ConcurrentlyTransactionCreationTest" name="testConcurrentTransactionCreationForAccount1And2" time="0.011"/>
  <testcase classname="com.revolut.money.transfer.integration.ConcurrentlyTransactionCreationTest" name="testConcurrentTransactionCreationForAccount1And2" time="0.011"/>
  <testcase classname="com.revolut.money.transfer.integration.ConcurrentlyTransactionCreationTest" name="testConcurrentTransactionCreationForAccount1And2" time="0.012"/>
  <testcase classname="com.revolut.money.transfer.integration.ConcurrentlyTransactionCreationTest" name="testConcurrentTransactionCreationForAccount1And2" time="0.012"/>
  <testcase classname="com.revolut.money.transfer.integration.ConcurrentlyTransactionCreationTest" name="testConcurrentTransactionCreationForAccount1And2" time="0.012"/>
  <testcase classname="com.revolut.money.transfer.integration.ConcurrentlyTransactionCreationTest" name="testConcurrentTransactionCreationForAccount1And2" time="0.013"/>
  <testcase classname="com.revolut.money.transfer.integration.ConcurrentlyTransactionCreationTest" name="testConcurrentTransactionCreationForAccount1And2" time="0.014"/>
  <testcase classname="com.revolut.money.transfer.integration.ConcurrentlyTransactionCreationTest" name="testConcurrentTransactionCreationForAccount1And2" time="0.014"/>
  <testcase classname="com.revolut.money.transfer.integration.ConcurrentlyTransactionCreationTest" name="testConcurrentTransactionCreationForAccount1And2" time="0.014"/>
  <testcase classname="com.revolut.money.transfer.integration.ConcurrentlyTransactionCreationTest" name="testConcurrentTransactionCreationForAccount1And2" time="0.014"/>
  <testcase classname="com.revolut.money.transfer.integration.ConcurrentlyTransactionCreationTest" name="testConcurrentTransactionCreationForAccount1And2" time="0.015"/>
  <testcase classname="com.revolut.money.transfer.integration.ConcurrentlyTransactionCreationTest" name="testConcurrentTransactionCreationForAccount1And2" time="0.015"/>
  <testcase classname="com.revolut.money.transfer.integration.ConcurrentlyTransactionCreationTest" name="testConcurrentTransactionCreationForAccount1And2" time="0.015"/>
  <testcase classname="com.revolut.money.transfer.integration.ConcurrentlyTransactionCreationTest" name="testConcurrentTransactionCreationForAccount1And2" time="0.015"/>
  <testcase classname="com.revolut.money.transfer.integration.ConcurrentlyTransactionCreationTest" name="testConcurrentTransactionCreationForAccount1And2" time="0.016"/>
  <testcase classname="com.revolut.money.transfer.integration.ConcurrentlyTransactionCreationTest" name="testConcurrentTransactionCreationForAccount1And2" time="0.016"/>
  <testcase classname="com.revolut.money.transfer.integration.ConcurrentlyTransactionCreationTest" name="testConcurrentTransactionCreationForAccount1And2" time="0.016"/>
  <testcase classname="com.revolut.money.transfer.integration.ConcurrentlyTransactionCreationTest" name="testConcurrentTransactionCreationForAccount1And2" time="0.017"/>
  <testcase classname="com.revolut.money.transfer.integration.ConcurrentlyTransactionCreationTest" name="testConcurrentTransactionCreationForAccount1And2" time="0.017"/>
  <testcase classname="com.revolut.money.transfer.integration.ConcurrentlyTransactionCreationTest" name="testConcurrentTransactionCreationForAccount1And2" time="0.017"/>
  <testcase classname="com.revolut.money.transfer.integration.ConcurrentlyTransactionCreationTest" name="testConcurrentTransactionCreationForAccount1And2" time="0.017"/>
  <testcase classname="com.revolut.money.transfer.integration.ConcurrentlyTransactionCreationTest" name="testConcurrentTransactionCreationForAccount1And2" time="0.018"/>
  <testcase classname="com.revolut.money.transfer.integration.ConcurrentlyTransactionCreationTest" name="testConcurrentTransactionCreationForAccount1And2" time="0.018"/>
  <testcase classname="com.revolut.money.transfer.integration.ConcurrentlyTransactionCreationTest" name="testConcurrentTransactionCreationForAccount1And2" time="0.018"/>
  <testcase classname="com.revolut.money.transfer.integration.ConcurrentlyTransactionCreationTest" name="testConcurrentTransactionCreationForAccount1And2" time="0.018"/>
  <testcase classname="com.revolut.money.transfer.integration.ConcurrentlyTransactionCreationTest" name="testConcurrentTransactionCreationForAccount1And2" time="0.019"/>
  <testcase classname="com.revolut.money.transfer.integration.ConcurrentlyTransactionCreationTest" name="testConcurrentTransactionCreationForAccount1And2" time="0.02"/>
  <testcase classname="com.revolut.money.transfer.integration.ConcurrentlyTransactionCreationTest" name="testConcurrentTransactionCreationForAccount1And2" time="0.02"/>
  <testcase classname="com.revolut.money.transfer.integration.ConcurrentlyTransactionCreationTest" name="testConcurrentTransactionCreationForAccount1And2" time="0.02"/>
  <testcase classname="com.revolut.money.transfer.integration.ConcurrentlyTransactionCreationTest" name="testConcurrentTransactionCreationForAccount1And2" time="0.02"/>
  <testcase classname="com.revolut.money.transfer.integration.ConcurrentlyTransactionCreationTest" name="testConcurrentTransactionCreationForAccount1And2" time="0.021"/>
  <testcase classname="com.revolut.money.transfer.integration.ConcurrentlyTransactionCreationTest" name="testConcurrentTransactionCreationForAccount1And2" time="0.021"/>
  <testcase classname="com.revolut.money.transfer.integration.ConcurrentlyTransactionCreationTest" name="testConcurrentTransactionCreationForAccount1And2" time="0.021"/>
  <testcase classname="com.revolut.money.transfer.integration.ConcurrentlyTransactionCreationTest" name="testConcurrentTransactionCreationForAccount1And2" time="0.021"/>
  <testcase classname="com.revolut.money.transfer.integration.ConcurrentlyTransactionCreationTest" name="testConcurrentTransactionCreationForAccount1And2" time="0.022"/>
  <testcase classname="com.revolut.money.transfer.integration.ConcurrentlyTransactionCreationTest" name="testConcurrentTransactionCreationForAccount1And2" time="0.022"/>
  <testcase classname="com.revolut.money.transfer.integration.ConcurrentlyTransactionCreationTest" name="testConcurrentTransactionCreationForAccount1And2" time="0.022"/>
  <testcase classname="com.revolut.money.transfer.integration.ConcurrentlyTransactionCreationTest" name="testConcurrentTransactionCreationForAccount1And2" time="0.022"/>
  <testcase classname="com.revolut.money.transfer.integration.ConcurrentlyTransactionCreationTest" name="testConcurrentTransactionCreationForAccount1And2" time="0.022"/>
  <testcase classname="com.revolut.money.transfer.integration.ConcurrentlyTransactionCreationTest" name="testConcurrentTransactionCreationForAccount1And2" time="0.023"/>
  <testcase classname="com.revolut.money.transfer.integration.ConcurrentlyTransactionCreationTest" name="testConcurrentTransactionCreationForAccount1And2" time="0.023"/>
  <testcase classname="com.revolut.money.transfer.integration.ConcurrentlyTransactionCreationTest" name="testConcurrentTransactionCreationForAccount1And2" time="0.023"/>
  <testcase classname="com.revolut.money.transfer.integration.ConcurrentlyTransactionCreationTest" name="testConcurrentTransactionCreationForAccount1And2" time="0.023"/>
  <testcase classname="com.revolut.money.transfer.integration.ConcurrentlyTransactionCreationTest" name="testConcurrentTransactionCreationForAccount1And2" time="0.024"/>
  <testcase classname="com.revolut.money.transfer.integration.ConcurrentlyTransactionCreationTest" name="testConcurrentTransactionCreationForAccount1And2" time="0.024"/>
  <testcase classname="com.revolut.money.transfer.integration.ConcurrentlyTransactionCreationTest" name="testConcurrentTransactionCreationForAccount1And2" time="0.024"/>
  <testcase classname="com.revolut.money.transfer.integration.ConcurrentlyTransactionCreationTest" name="testConcurrentTransactionCreationForAccount1And2" time="0.024"/>
  <testcase classname="com.revolut.money.transfer.integration.ConcurrentlyTransactionCreationTest" name="testConcurrentTransactionCreationForAccount1And2" time="0.025"/>
  <testcase classname="com.revolut.money.transfer.integration.ConcurrentlyTransactionCreationTest" name="testConcurrentTransactionCreationForAccount1And2" time="0.025"/>
  <testcase classname="com.revolut.money.transfer.integration.ConcurrentlyTransactionCreationTest" name="testConcurrentTransactionCreationForAccount1And2" time="0.025"/>
  <testcase classname="com.revolut.money.transfer.integration.ConcurrentlyTransactionCreationTest" name="testConcurrentTransactionCreationForAccount1And2" time="0.025"/>
  <testcase classname="com.revolut.money.transfer.integration.ConcurrentlyTransactionCreationTest" name="testConcurrentTransactionCreationForAccount1And2" time="0.026"/>
  <testcase classname="com.revolut.money.transfer.integration.ConcurrentlyTransactionCreationTest" name="testConcurrentTransactionCreationForAccount1And2" time="0.026"/>
  <testcase classname="com.revolut.money.transfer.integration.ConcurrentlyTransactionCreationTest" name="testConcurrentTransactionCreationForAccount1And2" time="0.026"/>
  <testcase classname="com.revolut.money.transfer.integration.ConcurrentlyTransactionCreationTest" name="testConcurrentTransactionCreationForAccount1And2" time="0.026"/>
  <testcase classname="com.revolut.money.transfer.integration.ConcurrentlyTransactionCreationTest" name="testConcurrentTransactionCreationForAccount1And2" time="0.027"/>
  <testcase classname="com.revolut.money.transfer.integration.ConcurrentlyTransactionCreationTest" name="testConcurrentTransactionCreationForAccount1And2" time="0.027"/>
  <testcase classname="com.revolut.money.transfer.integration.ConcurrentlyTransactionCreationTest" name="testConcurrentTransactionCreationForAccount1And2" time="0.027"/>
  <testcase classname="com.revolut.money.transfer.integration.ConcurrentlyTransactionCreationTest" name="testConcurrentTransactionCreationForAccount1And2" time="0.027"/>
  <testcase classname="com.revolut.money.transfer.integration.ConcurrentlyTransactionCreationTest" name="testConcurrentTransactionCreationForAccount1And2" time="0.028"/>
  <testcase classname="com.revolut.money.transfer.integration.ConcurrentlyTransactionCreationTest" name="testConcurrentTransactionCreationForAccount1And2" time="0.028"/>
  <testcase classname="com.revolut.money.transfer.integration.ConcurrentlyTransactionCreationTest" name="testConcurrentTransactionCreationForAccount1And2" time="0.028"/>
  <testcase classname="com.revolut.money.transfer.integration.ConcurrentlyTransactionCreationTest" name="testConcurrentTransactionCreationForAccount3And4" time="0"/>
  <testcase classname="com.revolut.money.transfer.integration.ConcurrentlyTransactionCreationTest" name="testConcurrentTransactionCreationForAccount3And4" time="0"/>
  <testcase classname="com.revolut.money.transfer.integration.ConcurrentlyTransactionCreationTest" name="testConcurrentTransactionCreationForAccount3And4" time="0"/>
  <testcase classname="com.revolut.money.transfer.integration.ConcurrentlyTransactionCreationTest" name="testConcurrentTransactionCreationForAccount3And4" time="0.001"/>
  <testcase classname="com.revolut.money.transfer.dao.TransactionDaoTest" name="testGetAllTransactionIdsByStatus" time="0.002"/>
  <testcase classname="com.revolut.money.transfer.dao.TransactionDaoTest" name="testGetAllTransactions" time="0.002"/>
  <testcase classname="com.revolut.money.transfer.dao.TransactionDaoTest" name="testTransactionCreation" time="0.007"/>
  <testcase classname="com.revolut.money.transfer.dao.TransactionDaoTest" name="testTransactionExecution" time="0.012"/>
  <testcase classname="com.revolut.money.transfer.dao.TransactionDaoTest" name="testWrongTransactionCreation" time="0.002"/>
  <testcase classname="com.revolut.money.transfer.service.TransactionsServiceImplTest" name="testAllTransactionsRetrieval" time="0.07"/>
  <testcase classname="com.revolut.money.transfer.service.TransactionsServiceImplTest" name="testCreateTransaction" time="0.003"/>
  <testcase classname="com.revolut.money.transfer.service.TransactionsServiceImplTest" name="testCreateTransactionWithNullFrom" time="0"/>
  <testcase classname="com.revolut.money.transfer.service.TransactionsServiceImplTest" name="testCreateTransactionWithNullTo" time="0.001"/>
  <testcase classname="com.revolut.money.transfer.service.TransactionsServiceImplTest" name="testCreateTransactionWithSameAccounts" time="0"/>
  <testcase classname="com.revolut.money.transfer.service.TransactionsServiceImplTest" name="testCreateTransactionWithZeroAmount" time="0"/>
</testsuite>