<?xml version="1.0" encoding="UTF-8"?>
<testng-results skipped="0" failed="0" total="2023" passed="2023">
  <reporter-output>
  </reporter-output>
  <suite name="Command line suite" duration-ms="4758" started-at="2019-06-23T06:44:10Z" finished-at="2019-06-23T06:44:15Z">
    <groups>
    </groups>
    <test name="Command line test" duration-ms="4758" started-at="2019-06-23T06:44:10Z" finished-at="2019-06-23T06:44:15Z">
      <class name="com.revolut.money.transfer.dao.TransactionDaoTest">
        <test-method status="PASS" signature="initTestData()[pri:0, instance:com.revolut.money.transfer.dao.TransactionDaoTest@1794d431]" name="initTestData" is-config="true" duration-ms="792" started-at="2019-06-23T12:14:14Z" finished-at="2019-06-23T12:14:15Z">
          <reporter-output>
          </reporter-output>
        </test-method> <!-- initTestData -->
        <test-method status="PASS" signature="testGetAllTransactionIdsByStatus()[pri:0, instance:com.revolut.money.transfer.dao.TransactionDaoTest@1794d431]" name="testGetAllTransactionIdsByStatus" duration-ms="2" started-at="2019-06-23T12:14:15Z" finished-at="2019-06-23T12:14:15Z">
          <reporter-output>
          </reporter-output>
        </test-method> <!-- testGetAllTransactionIdsByStatus -->
        <test-method status="PASS" signature="testGetAllTransactions()[pri:0, instance:com.revolut.money.transfer.dao.TransactionDaoTest@1794d431]" name="testGetAllTransactions" duration-ms="2" started-at="2019-06-23T12:14:15Z" finished-at="2019-06-23T12:14:15Z">
          <reporter-output>
          </reporter-output>
        </test-method> <!-- testGetAllTransactions -->
        <test-method status="PASS" signature="testTransactionCreation()[pri:0, instance:com.revolut.money.transfer.dao.TransactionDaoTest@1794d431]" name="testTransactionCreation" duration-ms="8" started-at="2019-06-23T12:14:15Z" finished-at="2019-06-23T12:14:15Z">
          <reporter-output>
          </reporter-output>
        </test-method> <!-- testTransactionCreation -->
        <test-method status="PASS" signature="testTransactionExecution()[pri:0, instance:com.revolut.money.transfer.dao.TransactionDaoTest@1794d431]" name="testTransactionExecution" duration-ms="12" started-at="2019-06-23T12:14:15Z" finished-at="2019-06-23T12:14:15Z">
          <reporter-output>
          </reporter-output>
        </test-method> <!-- testTransactionExecution -->
        <test-method status="PASS" signature="testWrongTransactionCreation()[pri:0, instance:com.revolut.money.transfer.dao.TransactionDaoTest@1794d431]" name="testWrongTransactionCreation" duration-ms="1" started-at="2019-06-23T12:14:15Z" finished-at="2019-06-23T12:14:15Z">
          <exception class="com.revolut.money.transfer.exceptions.ObjectModificationException">
            <message>
              <![CDATA[The entity passed has been malformed: The specified bank account could not transfer this amount of money. His balance does not have enough money]]>
            </message>
            <full-stacktrace>
              <![CDATA[com.revolut.money.transfer.exceptions.ObjectModificationException: The entity passed has been malformed: The specified bank account could not transfer this amount of money. His balance does not have enough money
	at com.revolut.money.transfer.dao.TransactionDao.createTransaction(TransactionDao.java:158)
	at com.revolut.money.transfer.dao.TransactionDaoTest.testWrongTransactionCreation(TransactionDaoTest.java:175)
	at sun.reflect.NativeMethodAccessorImpl.invoke0(Native Method)
	at sun.reflect.NativeMethodAccessorImpl.invoke(NativeMethodAccessorImpl.java:62)
	at sun.reflect.DelegatingMethodAccessorImpl.invoke(DelegatingMethodAccessorImpl.java:43)
	at java.lang.reflect.Method.invoke(Method.java:498)
	at org.testng.internal.MethodInvocationHelper.invokeMethod(MethodInvocationHelper.java:80)
	at org.testng.internal.Invoker.invokeMethod(Invoker.java:714)
	at org.testng.internal.Invoker.invokeTestMethod(Invoker.java:901)
	at org.testng.internal.Invoker.invokeTestMethods(Invoker.java:1231)
	at org.testng.internal.TestMethodWorker.invokeTestMethods(TestMethodWorker.java:127)
	at org.testng.internal.TestMethodWorker.run(TestMethodWorker.java:111)
	at org.testng.TestRunner.privateRun(TestRunner.java:767)
	at org.testng.TestRunner.run(TestRunner.java:617)
	at org.testng.SuiteRunner.runTest(SuiteRunner.java:334)
	at org.testng.SuiteRunner.runSequentially(SuiteRunner.java:329)
	at org.testng.SuiteRunner.privateRun(SuiteRunner.java:291)
	at org.testng.SuiteRunner.run(SuiteRunner.java:240)
	at org.testng.SuiteRunnerWorker.runSuite(SuiteRunnerWorker.java:52)
	at org.testng.SuiteRunnerWorker.run(SuiteRunnerWorker.java:86)
	at org.testng.TestNG.runSuitesSequentially(TestNG.java:1198)
	at org.testng.TestNG.runSuitesLocally(TestNG.java:1123)
	at org.testng.TestNG.run(TestNG.java:1031)
	at org.apache.maven.surefire.testng.TestNGExecutor.run(TestNGExecutor.java:77)
	at org.apache.maven.surefire.testng.TestNGDirectoryTestSuite.executeMulti(TestNGDirectoryTestSuite.java:159)
	at org.apache.maven.surefire.testng.TestNGDirectoryTestSuite.execute(TestNGDirectoryTestSuite.java:99)
	at org.apache.maven.surefire.testng.TestNGProvider.invoke(TestNGProvider.java:106)
	at sun.reflect.NativeMethodAccessorImpl.invoke0(Native Method)
	at sun.reflect.NativeMethodAccessorImpl.invoke(NativeMethodAccessorImpl.java:62)
	at sun.reflect.DelegatingMethodAccessorImpl.invoke(DelegatingMethodAccessorImpl.java:43)
	at java.lang.reflect.Method.invoke(Method.java:498)
	at org.apache.maven.surefire.util.ReflectionUtils.invokeMethodWithArray(ReflectionUtils.java:189)
	at org.apache.maven.surefire.booter.ProviderFactory$ProviderProxy.invoke(ProviderFactory.java:165)
	at org.apache.maven.surefire.booter.ProviderFactory.invokeProvider(ProviderFactory.java:85)
	at org.apache.maven.surefire.booter.ForkedBooter.runSuitesInProcess(ForkedBooter.java:115)
	at org.apache.maven.surefire.booter.ForkedBooter.main(ForkedBooter.java:75)
]]>
            </full-stacktrace>
          </exception> <!-- com.revolut.money.transfer.exceptions.ObjectModificationException -->
          <reporter-output>
          </reporter-output>
        </test-method> <!-- testWrongTransactionCreation -->
      </class> <!-- com.revolut.money.transfer.dao.TransactionDaoTest -->
      <class name="com.revolut.money.transfer.integration.ConcurrentlyTransactionCreationTest">
        <test-method status="PASS" signature="initData()[pri:0, instance:com.revolut.money.transfer.integration.ConcurrentlyTransactionCreationTest@57baeedf]" name="initData" is-config="true" duration-ms="1" started-at="2019-06-23T12:14:14Z" finished-at="2019-06-23T12:14:14Z">
          <reporter-output>
          </reporter-output>
        </test-method> <!-- initData -->
        <test-method status="PASS" signature="testConcurrentTransactionCreationForAccount1And2()[pri:0, instance:com.revolut.money.transfer.integration.ConcurrentlyTransactionCreationTest@57baeedf]" name="testConcurrentTransactionCreationForAccount1And2" duration-ms="1" started-at="2019-06-23T12:14:14Z" finished-at="2019-06-23T12:14:14Z">
          <reporter-output>
          </reporter-output>
        </test-method> <!-- testConcurrentTransactionCreationForAccount1And2 -->
        <test-method status="PASS" signature="testConcurrentTransactionCreationForAccount1And2()[pri:0, instance:com.revolut.money.transfer.integration.ConcurrentlyTransactionCreationTest@57baeedf]" name="testConcurrentTransactionCreationForAccount1And2" duration-ms="5" started-at="2019-06-23T12:14:14Z" finished-at="2019-06-23T12:14:14Z">
          <reporter-output>
          </reporter-output>
        </test-method> <!-- testConcurrentTransactionCreationForAccount1And2 -->
        <test-method status="PASS" signature="testConcurrentTransactionCreationForAccount1And2()[pri:0, instance:com.revolut.money.transfer.integration.ConcurrentlyTransactionCreationTest@57baeedf]" name="testConcurrentTransactionCreationForAccount1And2" duration-ms="1" started-at="2019-06-23T12:14:14Z" finished-at="2019-06-23T12:14:14Z">
          <reporter-output>
          </reporter-output>
        </test-method> <!-- testConcurrentTransactionCreationForAccount1And2 -->
        <test-method status="PASS" signature="testConcurrentTransactionCreationForAccount1And2()[pri:0, instance:com.revolut.money.transfer.integration.ConcurrentlyTransactionCreationTest@57baeedf]" name="testConcurrentTransactionCreationForAccount1And2" duration-ms="2" started-at="2019-06-23T12:14:14Z" finished-at="2019-06-23T12:14:14Z">
          <reporter-output>
          </reporter-output>
        </test-method> <!-- testConcurrentTransactionCreationForAccount1And2 -->
        <test-method status="PASS" signature="testConcurrentTransactionCreationForAccount1And2()[pri:0, instance:com.revolut.money.transfer.integration.ConcurrentlyTransactionCreationTest@57baeedf]" name="testConcurrentTransactionCreationForAccount1And2" duration-ms="2" started-at="2019-06-23T12:14:14Z" finished-at="2019-06-23T12:14:14Z">
          <reporter-output>
          </reporter-output>
        </test-method> <!-- testConcurrentTransactionCreationForAccount1And2 -->
        <test-method status="PASS" signature="testConcurrentTransactionCreationForAccount1And2()[pri:0, instance:com.revolut.money.transfer.integration.ConcurrentlyTransactionCreationTest@57baeedf]" name="testConcurrentTransactionCreationForAccount1And2" duration-ms="2" started-at="2019-06-23T12:14:14Z" finished-at="2019-06-23T12:14:14Z">
          <reporter-output>
          </reporter-output>
        </test-method> <!-- testConcurrentTransactionCreationForAccount1And2 -->
        <test-method status="PASS" signature="testConcurrentTransactionCreationForAccount1And2()[pri:0, instance:com.revolut.money.transfer.integration.ConcurrentlyTransactionCreationTest@57baeedf]" name="testConcurrentTransactionCreationForAccount1And2" duration-ms="15" started-at="2019-06-23T12:14:14Z" finished-at="2019-06-23T12:14:14Z">
          <reporter-output>
          </reporter-output>
        </test-method> <!-- testConcurrentTransactionCreationForAccount1And2 -->
        <test-method status="PASS" signature="testConcurrentTransactionCreationForAccount1And2()[pri:0, instance:com.revolut.money.transfer.integration.ConcurrentlyTransactionCreationTest@57baeedf]" name="testConcurrentTransactionCreationForAccount1And2" duration-ms="11" started-at="2019-06-23T12:14:14Z" finished-at="2019-06-23T12:14:14Z">
          <reporter-output>
          </reporter-output>
        </test-method> <!-- testConcurrentTransactionCreationForAccount1And2 -->
        <test-method status="PASS" signature="testConcurrentTransactionCreationForAccount1And2()[pri:0, instance:com.revolut.money.transfer.integration.ConcurrentlyTransactionCreationTest@57baeedf]" name="testConcurrentTransactionCreationForAccount1And2" duration-ms="4" started-at="2019-06-23T12:14:14Z" finished-at="2019-06-23T12:14:14Z">
          <reporter-output>
          </reporter-output>
        </test-method> <!-- testConcurrentTransactionCreationForAccount1And2 -->
        <test-method status="PASS" signature="testConcurrentTransactionCreationForAccount1And2()[pri:0, instance:com.revolut.money.transfer.integration.ConcurrentlyTransactionCreationTest@57baeedf]" name="testConcurrentTransactionCreationForAccount1And2" duration-ms="2" started-at="2019-06-23T12:14:14Z" finished-at="2019-06-23T12:14:14Z">
          <reporter-output>
          </reporter-output>
        </test-method> <!-- testConcurrentTransactionCreationForAccount1And2 -->
        <test-method status="PASS" signature="testConcurrentTransactionCreationForAccount1And2()[pri:0, instance:com.revolut.money.transfer.integration.ConcurrentlyTransactionCreationTest@57baeedf]" name="testConcurrentTransactionCreationForAccount1And2" duration-ms="11" started-at="2019-06-23T12:14:14Z" finished-at="2019-06-23T12:14:14Z">
          <reporter-output>
          </reporter-output>
        </test-method> <!-- testConcurrentTransactionCreationForAccount1And2 -->
        <test-method status="PASS" signature="testConcurrentTransactionCreationForAccount1And2()[pri:0, instance:com.revolut.money.transfer.integration.ConcurrentlyTransactionCreationTest@57baeedf]" name="testConcurrentTransactionCreationForAccount1And2" duration-ms="2" started-at="2019-06-23T12:14:14Z" finished-at="2019-06-23T12:14:14Z">
          <reporter-output>
          </reporter-output>
        </test-method> <!-- testConcurrentTransactionCreationForAccount1And2 -->
        <test-method status="PASS" signature="testConcurrentTransactionCreationForAccount1And2()[pri:0, instance:com.revolut.money.transfer.integration.ConcurrentlyTransactionCreationTest@57baeedf]" name="testConcurrentTransactionCreationForAccount1And2" duration-ms="4" started-at="2019-06-23T12:14:14Z" finished-at="2019-06-23T12:14:14Z">
          <reporter-output>
          </reporter-output>
        </test-method> <!-- testConcurrentTransactionCreationForAccount1And2 -->
        <test-method status="PASS" signature="testConcurrentTransactionCreationForAccount1And2()[pri:0, instance:com.revolut.money.transfer.integration.ConcurrentlyTransactionCreationTest@57baeedf]" name="testConcurrentTransactionCreationForAccount1And2" duration-ms="2" started-at="2019-06-23T12:14:14Z" finished-at="2019-06-23T12:14:14Z">
          <reporter-output>
          </reporter-output>
        </test-method> <!-- testConcurrentTransactionCreationForAccount1And2 -->
        <test-method status="PASS" signature="testConcurrentTransactionCreationForAccount1And2()[pri:0, instance:com.revolut.money.transfer.integration.ConcurrentlyTransactionCreationTest@57baeedf]" name="testConcurrentTransactionCreationForAccount1And2" duration-ms="4" started-at="2019-06-23T12:14:14Z" finished-at="2019-06-23T12:14:14Z">
          <reporter-output>
          </reporter-output>
        </test-method> <!-- testConcurrentTransactionCreationForAccount1And2 -->
        <test-method status="PASS" signature="testConcurrentTransactionCreationForAccount1And2()[pri:0, instance:com.revolut.money.transfer.integration.ConcurrentlyTransactionCreationTest@57baeedf]" name="testConcurrentTransactionCreationForAccount1And2" duration-ms="30" started-at="2019-06-23T12:14:14Z" finished-at="2019-06-23T12:14:14Z">
          <reporter-output>
          </reporter-output>
        </test-method> <!-- testConcurrentTransactionCreationForAccount1And2 -->
        <test-method status="PASS" signature="testConcurrentTransactionCreationForAccount1And2()[pri:0, instance:com.revolut.money.transfer.integration.ConcurrentlyTransactionCreationTest@57baeedf]" name="testConcurrentTransactionCreationForAccount1And2" duration-ms="0" started-at="2019-06-23T12:14:14Z" finished-at="2019-06-23T12:14:14Z">
          <reporter-output>
          </reporter-output>
        </test-method> <!-- testConcurrentTransactionCreationForAccount1And2 -->
        <test-method status="PASS" signature="testConcurrentTransactionCreationForAccount1And2()[pri:0, instance:com.revolut.money.transfer.integration.ConcurrentlyTransactionCreationTest@57baeedf]" name="testConcurrentTransactionCreationForAccount1And2" duration-ms="5" started-at="2019-06-23T12:14:14Z" finished-at="2019-06-23T12:14:14Z">
          <reporter-output>
          </reporter-output>
        </test-method> <!-- testConcurrentTransactionCreationForAccount1And2 -->
        <test-method status="PASS" signature="testConcurrentTransactionCreationForAccount1And2()[pri:0, instance:com.revolut.money.transfer.integration.ConcurrentlyTransactionCreationTest@57baeedf]" name="testConcurrentTransactionCreationForAccount1And2" duration-ms="43" started-at="2019-06-23T12:14:14Z" finished-at="2019-06-23T12:14:14Z">
          <reporter-output>
          </reporter-output>
        </test-method> <!-- testConcurrentTransactionCreationForAccount1And2 -->
        <test-method status="PASS" signature="testConcurrentTransactionCreationForAccount1And2()[pri:0, instance:com.revolut.money.transfer.integration.ConcurrentlyTransactionCreationTest@57baeedf]" name="testConcurrentTransactionCreationForAccount1And2" duration-ms="4" started-at="2019-06-23T12:14:14Z" finished-at="2019-06-23T12:14:14Z">
          <reporter-output>
          </reporter-output>
        </test-method> <!-- testConcurrentTransactionCreationForAccount1And2 -->
        <test-method status="PASS" signature="testConcurrentTransactionCreationForAccount1And2()[pri:0, instance:com.revolut.money.transfer.integration.ConcurrentlyTransactionCreationTest@57baeedf]" name="testConcurrentTransactionCreationForAccount1And2" duration-ms="5" started-at="2019-06-23T12:14:14Z" finished-at="2019-06-23T12:14:14Z">
          <reporter-output>
          </reporter-output>
        </test-method> <!-- testConcurrentTransactionCreationForAccount1And2 -->
        <test-method status="PASS" signature="testConcurrentTransactionCreationForAccount1And2()[pri:0, instance:com.revolut.money.transfer.integration.ConcurrentlyTransactionCreationTest@57baeedf]" name="testConcurrentTransactionCreationForAccount1And2" duration-ms="5" started-at="2019-06-23T12:14:14Z" finished-at="2019-06-23T12:14:14Z">
          <reporter-output>
          </reporter-output>
        </test-method> <!-- testConcurrentTransactionCreationForAccount1And2 -->
        <test-method status="PASS" signature="testConcurrentTransactionCreationForAccount1And2()[pri:0, instance:com.revolut.money.transfer.integration.ConcurrentlyTransactionCreationTest@57baeedf]" name="testConcurrentTransactionCreationForAccount1And2" duration-ms="6" started-at="2019-06-23T12:14:14Z" finished-at="2019-06-23T12:14:14Z">
          <reporter-output>
          </reporter-output>
        </test-method> <!-- testConcurrentTransactionCreationForAccount1And2 -->
        <test-method status="PASS" signature="testConcurrentTransactionCreationForAccount1And2()[pri:0, instance:com.revolut.money.transfer.integration.ConcurrentlyTransactionCreationTest@57baeedf]" name="testConcurrentTransactionCreationForAccount1And2" duration-ms="19" started-at="2019-06-23T12:14:14Z" finished-at="2019-06-23T12:14:14Z">
          <reporter-output>
          </reporter-output>
        </test-method> <!-- testConcurrentTransactionCreationForAccount1And2 -->
        <test-method status="PASS" signature="testConcurrentTransactionCreationForAccount1And2()[pri:0, instance:com.revolut.money.transfer.integration.ConcurrentlyTransactionCreationTest@57baeedf]" name="testConcurrentTransactionCreationForAccount1And2" duration-ms="4" started-at="2019-06-23T12:14:14Z" finished-at="2019-06-23T12:14:14Z">
          <reporter-output>
          </reporter-output>
        </test-method> <!-- testConcurrentTransactionCreationForAccount1And2 -->
        <test-method status="PASS" signature="testConcurrentTransactionCreationForAccount1And2()[pri:0, instance:com.revolut.money.transfer.integration.ConcurrentlyTransactionCreationTest@57baeedf]" name="testConcurrentTransactionCreationForAccount1And2" duration-ms="26" started-at="2019-06-23T12:14:14Z" finished-at="2019-06-23T12:14:14Z">
          <reporter-output>
          </reporter-output>
        </test-method> <!-- testConcurrentTransactionCreationForAccount1And2 -->
        <test-method status="PASS" signature="testConcurrentTransactionCreationForAccount1And2()[pri:0, instance:com.revolut.money.transfer.integration.ConcurrentlyTransactionCreationTest@57baeedf]" name="testConcurrentTransactionCreationForAccount1And2" duration-ms="31" started-at="2019-06-23T12:14:14Z" finished-at="2019-06-23T12:14:14Z">
          <reporter-output>
          </reporter-output>
        </test-method> <!-- testConcurrentTransactionCreationForAccount1And2 -->
        <test-method status="PASS" signature="testConcurrentTransactionCreationForAccount1And2()[pri:0, instance:com.revolut.money.transfer.integration.ConcurrentlyTransactionCreationTest@57baeedf]" name="testConcurrentTransactionCreationForAccount1And2" duration-ms="43" started-at="2019-06-23T12:14:14Z" finished-at="2019-06-23T12:14:14Z">
          <reporter-output>
          </reporter-output>
        </test-method> <!-- testConcurrentTransactionCreationForAccount1And2 -->
        <test-method status="PASS" signature="testConcurrentTransactionCreationForAccount1And2()[pri:0, instance:com.revolut.money.transfer.integration.ConcurrentlyTransactionCreationTest@57baeedf]" name="testConcurrentTransactionCreationForAccount1And2" duration-ms="1" started-at="2019-06-23T12:14:14Z" finished-at="2019-06-23T12:14:14Z">
          <reporter-output>
          </reporter-output>
        </test-method> <!-- testConcurrentTransactionCreationForAccount1And2 -->
        <test-method status="PASS" signature="testConcurrentTransactionCreationForAccount1And2()[pri:0, instance:com.revolut.money.transfer.integration.ConcurrentlyTransactionCreationTest@57baeedf]" name="testConcurrentTransactionCreationForAccount1And2" duration-ms="6" started-at="2019-06-23T12:14:14Z" finished-at="2019-06-23T12:14:14Z">
          <reporter-output>
          </reporter-output>
        </test-method> <!-- testConcurrentTransactionCreationForAccount1And2 -->
        <test-method status="PASS" signature="testConcurrentTransactionCreationForAccount1And2()[pri:0, instance:com.revolut.money.transfer.integration.ConcurrentlyTransactionCreationTest@57baeedf]" name="testConcurrentTransactionCreationForAccount1And2" duration-ms="7" started-at="2019-06-23T12:14:14Z" finished-at="2019-06-23T12:14:14Z">
          <reporter-output>
          </reporter-output>
        </test-method> <!-- testConcurrentTransactionCreationForAccount1And2 -->
        <test-method status="PASS" signature="testConcurrentTransactionCreationForAccount1And2()[pri:0, instance:com.revolut.money.transfer.integration.ConcurrentlyTransactionCreationTest@57baeedf]" name="testConcurrentTransactionCreationForAccount1And2" duration-ms="24" started-at="2019-06-23T12:14:14Z" finished-at="2019-06-23T12:14:14Z">
          <reporter-output>
          </reporter-output>
        </test-method> <!-- testConcurrentTransactionCreationForAccount1And2 -->
        <test-method status="PASS" signature="testConcurrentTransactionCreationForAccount1And2()[pri:0, instance:com.revolut.money.transfer.integration.ConcurrentlyTransactionCreationTest@57baeedf]" name="testConcurrentTransactionCreationForAccount1And2" duration-ms="6" started-at="2019-06-23T12:14:14Z" finished-at="2019-06-23T12:14:14Z">
          <reporter-output>
          </reporter-output>
        </test-method> <!-- testConcurrentTransactionCreationForAccount1And2 -->
        <test-method status="PASS" signature="testConcurrentTransactionCreationForAccount1And2()[pri:0, instance:com.revolut.money.transfer.integration.ConcurrentlyTransactionCreationTest@57baeedf]" name="testConcurrentTransactionCreationForAccount1And2" duration-ms="7" started-at="2019-06-23T12:14:14Z" finished-at="2019-06-23T12:14:14Z">
          <reporter-output>
          </reporter-output>
        </test-method> <!-- testConcurrentTransactionCreationForAccount1And2 -->
        <test-method status="PASS" signature="testConcurrentTransactionCreationForAccount1And2()[pri:0, instance:com.revolut.money.transfer.integration.ConcurrentlyTransactionCreationTest@57baeedf]" name="testConcurrentTransactionCreationForAccount1And2" duration-ms="8" started-at="2019-06-23T12:14:14Z" finished-at="2019-06-23T12:14:14Z">
          <reporter-output>
          </reporter-output>
        </test-method> <!-- testConcurrentTransactionCreationForAccount1And2 -->
        <test-method status="PASS" signature="testConcurrentTransactionCreationForAccount1And2()[pri:0, instance:com.revolut.money.transfer.integration.ConcurrentlyTransactionCreationTest@57baeedf]" name="testConcurrentTransactionCreationForAccount1And2" duration-ms="9" started-at="2019-06-23T12:14:14Z" finished-at="2019-06-23T12:14:14Z">
          <reporter-output>
          </reporter-output>
        </test-method> <!-- testConcurrentTransactionCreationForAccount1And2 -->
        <test-method status="PASS" signature="testConcurrentTransactionCreationForAccount1And2()[pri:0, instance:com.revolut.money.transfer.integration.ConcurrentlyTransactionCreationTest@57baeedf]" name="testConcurrentTransactionCreationForAccount1And2" duration-ms="9" started-at="2019-06-23T12:14:14Z" finished-at="2019-06-23T12:14:14Z">
          <reporter-output>
          </reporter-output>
        </test-method> <!-- testConcurrentTransactionCreationForAccount1And2 -->
        <test-method status="PASS" signature="testConcurrentTransactionCreationForAccount1And2()[pri:0, instance:com.revolut.money.transfer.integration.ConcurrentlyTransactionCreationTest@57baeedf]" name="testConcurrentTransactionCreationForAccount1And2" duration-ms="8" started-at="2019-06-23T12:14:14Z" finished-at="2019-06-23T12:14:14Z">
          <reporter-output>
          </reporter-output>
        </test-method> <!-- testConcurrentTransactionCreationForAccount1And2 -->
        <test-method status="PASS" signature="testConcurrentTransactionCreationForAccount1And2()[pri:0, instance:com.revolut.money.transfer.integration.ConcurrentlyTransactionCreationTest@57baeedf]" name="testConcurrentTransactionCreationForAccount1And2" duration-ms="9" started-at="2019-06-23T12:14:14Z" finished-at="2019-06-23T12:14:14Z">
          <reporter-output>
          </reporter-output>
        </test-method> <!-- testConcurrentTransactionCreationForAccount1And2 -->
        <test-method status="PASS" signature="testConcurrentTransactionCreationForAccount1And2()[pri:0, instance:com.revolut.money.transfer.integration.ConcurrentlyTransactionCreationTest@57baeedf]" name="testConcurrentTransactionCreationForAccount1And2" duration-ms="33" started-at="2019-06-23T12:14:14Z" finished-at="2019-06-23T12:14:14Z">
          <reporter-output>
          </reporter-output>
        </test-method> <!-- testConcurrentTransactionCreationForAccount1And2 -->
        <test-method status="PASS" signature="testConcurrentTransactionCreationForAccount1And2()[pri:0, instance:com.revolut.money.transfer.integration.ConcurrentlyTransactionCreationTest@57baeedf]" name="testConcurrentTransactionCreationForAccount1And2" duration-ms="0" started-at="2019-06-23T12:14:14Z" finished-at="2019-06-23T12:14:14Z">
          <reporter-output>
          </reporter-output>
        </test-method> <!-- testConcurrentTransactionCreationForAccount1And2 -->
        <test-method status="PASS" signature="testConcurrentTransactionCreationForAccount1And2()[pri:0, instance:com.revolut.money.transfer.integration.ConcurrentlyTransactionCreationTest@57baeedf]" name="testConcurrentTransactionCreationForAccount1And2" duration-ms="0" started-at="2019-06-23T12:14:14Z" finished-at="2019-06-23T12:14:14Z">
          <reporter-output>
          </reporter-output>
        </test-method> <!-- testConcurrentTransactionCreationForAccount1And2 -->
        <test-method status="PASS" signature="testConcurrentTransactionCreationForAccount1And2()[pri:0, instance:com.revolut.money.transfer.integration.ConcurrentlyTransactionCreationTest@57baeedf]" name="testConcurrentTransactionCreationForAccount1And2" duration-ms="10" started-at="2019-06-23T12:14:14Z" finished-at="2019-06-23T12:14:14Z">
          <reporter-output>
          </reporter-output>
        </test-method> <!-- testConcurrentTransactionCreationForAccount1And2 -->
        <test-method status="PASS" signature="testConcurrentTransactionCreationForAccount1And2()[pri:0, instance:com.revolut.money.transfer.integration.ConcurrentlyTransactionCreationTest@57baeedf]" name="testConcurrentTransactionCreationForAccount1And2" duration-ms="9" started-at="2019-06-23T12:14:14Z" finished-at="2019-06-23T12:14:14Z">
          <reporter-output>
          </reporter-output>
        </test-method> <!-- testConcurrentTransactionCreationForAccount1And2 -->
        <test-method status="PASS" signature="testConcurrentTransactionCreationForAccount1And2()[pri:0, instance:com.revolut.money.transfer.integration.ConcurrentlyTransactionCreationTest@57baeedf]" name="testConcurrentTransactionCreationForAccount1And2" duration-ms="10" started-at="2019-06-23T12:14:14Z" finished-at="2019-06-23T12:14:14Z">
          <reporter-output>
          </reporter-output>
        </test-method> <!-- testConcurrentTransactionCreationForAccount1And2 -->
        <test-method status="PASS" signature="testConcurrentTransactionCreationForAccount1And2()[pri:0, instance:com.revolut.money.transfer.integration.ConcurrentlyTransactionCreationTest@57baeedf]" name="testConcurrentTransactionCreationForAccount1And2" duration-ms="12" started-at="2019-06-23T12:14:14Z" finished-at="2019-06-23T12:14:14Z">
          <reporter-output>
          </reporter-output>
        </test-method> <!-- testConcurrentTransactionCreationForAccount1And2 -->
        <test-method status="PASS" signature="testConcurrentTransactionCreationForAccount1And2()[pri:0, instance:com.revolut.money.transfer.integration.ConcurrentlyTransactionCreationTest@57baeedf]" name="testConcurrentTransactionCreationForAccount1And2" duration-ms="10" started-at="2019-06-23T12:14:14Z" finished-at="2019-06-23T12:14:14Z">
          <reporter-output>
          </reporter-output>
        </test-method> <!-- testConcurrentTransactionCreationForAccount1And2 -->
        <test-method status="PASS" signature="testConcurrentTransactionCreationForAccount1And2()[pri:0, instance:com.revolut.money.transfer.integration.ConcurrentlyTransactionCreationTest@57baeedf]" name="testConcurrentTransactionCreationForAccount1And2" duration-ms="10" started-at="2019-06-23T12:14:14Z" finished-at="2019-06-23T12:14:14Z">
          <reporter-output>
          </reporter-output>
        </test-method> <!-- testConcurrentTransactionCreationForAccount1And2 -->
        <test-method status="PASS" signature="testConcurrentTransactionCreationForAccount1And2()[pri:0, instance:com.revolut.money.transfer.integration.ConcurrentlyTransactionCreationTest@57baeedf]" name="testConcurrentTransactionCreationForAccount1And2" duration-ms="12" started-at="2019-06-23T12:14:14Z" finished-at="2019-06-23T12:14:14Z">
          <reporter-output>
          </reporter-output>
        </test-method> <!-- testConcurrentTransactionCreationForAccount1And2 -->
        <test-method status="PASS" signature="testConcurrentTransactionCreationForAccount1And2()[pri:0, instance:com.revolut.money.transfer.integration.ConcurrentlyTransactionCreationTest@57baeedf]" name="testConcurrentTransactionCreationForAccount1And2" duration-ms="9" started-at="2019-06-23T12:14:14Z" finished-at="2019-06-23T12:14:14Z">
          <reporter-output>
          </reporter-output>
        </test-method> <!-- testConcurrentTransactionCreationForAccount1And2 -->
        <test-method status="PASS" signature="testConcurrentTransactionCreationForAccount1And2()[pri:0, instance:com.revolut.money.transfer.integration.ConcurrentlyTransactionCreationTest@57baeedf]" name="testConcurrentTransactionCreationForAccount1And2" duration-ms="9" started-at="2019-06-23T12:14:14Z" finished-at="2019-06-23T12:14:14Z">
          <reporter-output>
          </reporter-output>
        </test-method> <!-- testConcurrentTransactionCreationForAccount1And2 -->
        <test-method status="PASS" signature="testConcurrentTransactionCreationForAccount1And2()[pri:0, instance:com.revolut.money.transfer.integration.ConcurrentlyTransactionCreationTest@57baeedf]" name="testConcurrentTransactionCreationForAccount1And2" duration-ms="9" started-at="2019-06-23T12:14:14Z" finished-at="2019-06-23T12:14:14Z">
          <reporter-output>
          </reporter-output>
        </test-method> <!-- testConcurrentTransactionCreationForAccount1And2 -->
        <test-method status="PASS" signature="testConcurrentTransactionCreationForAccount1And2()[pri:0, instance:com.revolut.money.transfer.integration.ConcurrentlyTransactionCreationTest@57baeedf]" name="testConcurrentTransactionCreationForAccount1And2" duration-ms="10" started-at="2019-06-23T12:14:14Z" finished-at="2019-06-23T12:14:14Z">
          <reporter-output>
          </reporter-output>
        </test-method> <!-- testConcurrentTransactionCreationForAccount1And2 -->
        <test-method status="PASS" signature="testConcurrentTransactionCreationForAccount1And2()[pri:0, instance:com.revolut.money.transfer.integration.ConcurrentlyTransactionCreationTest@57baeedf]" name="testConcurrentTransactionCreationForAccount1And2" duration-ms="1" started-at="2019-06-23T12:14:14Z" finished-at="2019-06-23T12:14:14Z">
          <reporter-output>
          </reporter-output>
        </test-method> <!-- testConcurrentTransactionCreationForAccount1And2 -->
        <test-method status="PASS" signature="testConcurrentTransactionCreationForAccount1And2()[pri:0, instance:com.revolut.money.transfer.integration.ConcurrentlyTransactionCreationTest@57baeedf]" name="testConcurrentTransactionCreationForAccount1And2" duration-ms="37" started-at="2019-06-23T12:14:14Z" finished-at="2019-06-23T12:14:14Z">
          <reporter-output>
          </reporter-output>
        </test-method> <!-- testConcurrentTransactionCreationForAccount1And2 -->
        <test-method status="PASS" signature="testConcurrentTransactionCreationForAccount1And2()[pri:0, instance:com.revolut.money.transfer.integration.ConcurrentlyTransactionCreationTest@57baeedf]" name="testConcurrentTransactionCreationForAccount1And2" duration-ms="35" started-at="2019-06-23T12:14:14Z" finished-at="2019-06-23T12:14:14Z">
          <reporter-output>
          </reporter-output>
        </test-method> <!-- testConcurrentTransactionCreationForAccount1And2 -->
        <test-method status="PASS" signature="testConcurrentTransactionCreationForAccount1And2()[pri:0, instance:com.revolut.money.transfer.integration.ConcurrentlyTransactionCreationTest@57baeedf]" name="testConcurrentTransactionCreationForAccount1And2" duration-ms="36" started-at="2019-06-23T12:14:14Z" finished-at="2019-06-23T12:14:14Z">
          <reporter-output>
          </reporter-output>
        </test-method> <!-- testConcurrentTransactionCreationForAccount1And2 -->
        <test-method status="PASS" signature="testConcurrentTransactionCreationForAccount1And2()[pri:0, instance:com.revolut.money.transfer.integration.ConcurrentlyTransactionCreationTest@57baeedf]" name="testConcurrentTransactionCreationForAccount1And2" duration-ms="14" started-at="2019-06-23T12:14:14Z" finished-at="2019-06-23T12:14:14Z">
          <reporter-output>
          </reporter-output>
        </test-method> <!-- testConcurrentTransactionCreationForAccount1And2 -->
        <test-method status="PASS" signature="testConcurrentTransactionCreationForAccount1And2()[pri:0, instance:com.revolut.money.transfer.integration.ConcurrentlyTransactionCreationTest@57baeedf]" name="testConcurrentTransactionCreationForAccount1And2" duration-ms="36" started-at="2019-06-23T12:14:14Z" finished-at="2019-06-23T12:14:14Z">
          <reporter-output>
          </reporter-output>
        </test-method> <!-- testConcurrentTransactionCreationForAccount1And2 -->
        <test-method status="PASS" signature="testConcurrentTransactionCreationForAccount1And2()[pri:0, instance:com.revolut.money.transfer.integration.ConcurrentlyTransactionCreationTest@57baeedf]" name="testConcurrentTransactionCreationForAccount1And2" duration-ms="36" started-at="2019-06-23T12:14:14Z" finished-at="2019-06-23T12:14:14Z">
          <reporter-output>
          </reporter-output>
        </test-method> <!-- testConcurrentTransactionCreationForAccount1And2 -->
        <test-method status="PASS" signature="testConcurrentTransactionCreationForAccount1And2()[pri:0, instance:com.revolut.money.transfer.integration.ConcurrentlyTransactionCreationTest@57baeedf]" name="testConcurrentTransactionCreationForAccount1And2" duration-ms="36" started-at="2019-06-23T12:14:14Z" finished-at="2019-06-23T12:14:14Z">
          <reporter-output>
          </reporter-output>
        </test-method> <!-- testConcurrentTransactionCreationForAccount1And2 -->
        <test-method status="PASS" signature="testConcurrentTransactionCreationForAccount1And2()[pri:0, instance:com.revolut.money.transfer.integration.ConcurrentlyTransactionCreationTest@57baeedf]" name="testConcurrentTransactionCreationForAccount1And2" duration-ms="37" started-at="2019-06-23T12:14:14Z" finished-at="2019-06-23T12:14:14Z">
          <reporter-output>
          </reporter-output>
        </test-method> <!-- testConcurrentTransactionCreationForAccount1And2 -->
        <test-method status="PASS" signature="testConcurrentTransactionCreationForAccount1And2()[pri:0, instance:com.revolut.money.transfer.integration.ConcurrentlyTransactionCreationTest@57baeedf]" name="testConcurrentTransactionCreationForAccount1And2" duration-ms="36" started-at="2019-06-23T12:14:14Z" finished-at="2019-06-23T12:14:14Z">
          <reporter-output>
          </reporter-output>
        </test-method> <!-- testConcurrentTransactionCreationForAccount1And2 -->
        <test-method status="PASS" signature="testConcurrentTransactionCreationForAccount1And2()[pri:0, instance:com.revolut.money.transfer.integration.ConcurrentlyTransactionCreationTest@57baeedf]" name="testConcurrentTransactionCreationForAccount1And2" duration-ms="38" started-at="2019-06-23T12:14:14Z" finished-at="2019-06-23T12:14:14Z">
          <reporter-output>
          </reporter-output>
        </test-method> <!-- testConcurrentTransactionCreationForAccount1And2 -->
        <test-method status="PASS" signature="testConcurrentTransactionCreationForAccount1And2()[pri:0, instance:com.revolut.money.transfer.integration.ConcurrentlyTransactionCreationTest@57baeedf]" name="testConcurrentTransactionCreationForAccount1And2" duration-ms="16" started-at="2019-06-23T12:14:14Z" finished-at="2019-06-23T12:14:14Z">
          <reporter-output>
          </reporter-output>
        </test-method> <!-- testConcurrentTransactionCreationForAccount1And2 -->
        <test-method status="PASS" signature="testConcurrentTransactionCreationForAccount1And2()[pri:0, instance:com.revolut.money.transfer.integration.ConcurrentlyTransactionCreationTest@57baeedf]" name="testConcurrentTransactionCreationForAccount1And2" duration-ms="37" started-at="2019-06-23T12:14:14Z" finished-at="2019-06-23T12:14:14Z">
          <reporter-output>
          </reporter-output>
        </test-method> <!-- testConcurrentTransactionCreationForAccount1And2 -->
        <test-method status="PASS" signature="testConcurrentTransactionCreationForAccount1And2()[pri:0, instance:com.revolut.money.transfer.integration.ConcurrentlyTransactionCreationTest@57baeedf]" name="testConcurrentTransactionCreationForAccount1And2" duration-ms="15" started-at="2019-06-23T12:14:14Z" finished-at="2019-06-23T12:14:14Z">
          <reporter-output>
          </reporter-output>
        </test-method> <!-- testConcurrentTransactionCreationForAccount1And2 -->
        <test-method status="PASS" signature="testConcurrentTransactionCreationForAccount1And2()[pri:0, instance:com.revolut.money.transfer.integration.ConcurrentlyTransactionCreationTest@57baeedf]" name="testConcurrentTransactionCreationForAccount1And2" duration-ms="0" started-at="2019-06-23T12:14:14Z" finished-at="2019-06-23T12:14:14Z">
          <reporter-output>
          </reporter-output>
        </test-method> <!-- testConcurrentTransactionCreationForAccount1And2 -->
        <test-method status="PASS" signature="testConcurrentTransactionCreationForAccount1And2()[pri:0, instance:com.revolut.money.transfer.integration.ConcurrentlyTransactionCreationTest@57baeedf]" name="testConcurrentTransactionCreationForAccount1And2" duration-ms="15" started-at="2019-06-23T12:14:14Z" finished-at="2019-06-23T12:14:14Z">
          <reporter-output>
          </reporter-output>
        </test-method> <!-- testConcurrentTransactionCreationForAccount1And2 -->
        <test-method status="PASS" signature="testConcurrentTransactionCreationForAccount1And2()[pri:0, instance:com.revolut.money.transfer.integration.ConcurrentlyTransactionCreationTest@57baeedf]" name="testConcurrentTransactionCreationForAccount1And2" duration-ms="37" started-at="2019-06-23T12:14:14Z" finished-at="2019-06-23T12:14:14Z">
          <reporter-output>
          </reporter-output>
        </test-method> <!-- testConcurrentTransactionCreationForAccount1And2 -->
        <test-method status="PASS" signature="testConcurrentTransactionCreationForAccount1And2()[pri:0, instance:com.revolut.money.transfer.integration.ConcurrentlyTransactionCreationTest@57baeedf]" name="testConcurrentTransactionCreationForAccount1And2" duration-ms="15" started-at="2019-06-23T12:14:14Z" finished-at="2019-06-23T12:14:14Z">
          <reporter-output>
          </reporter-output>
        </test-method> <!-- testConcurrentTransactionCreationForAccount1And2 -->
        <test-method status="PASS" signature="testConcurrentTransactionCreationForAccount1And2()[pri:0, instance:com.revolut.money.transfer.integration.ConcurrentlyTransactionCreationTest@57baeedf]" name="testConcurrentTransactionCreationForAccount1And2" duration-ms="14" started-at="2019-06-23T12:14:14Z" finished-at="2019-06-23T12:14:14Z">
          <reporter-output>
          </reporter-output>
        </test-method> <!-- testConcurrentTransactionCreationForAccount1And2 -->
        <test-method status="PASS" signature="testConcurrentTransactionCreationForAccount1And2()[pri:0, instance:com.revolut.money.transfer.integration.ConcurrentlyTransactionCreationTest@57baeedf]" name="testConcurrentTransactionCreationForAccount1And2" duration-ms="37" started-at="2019-06-23T12:14:14Z" finished-at="2019-06-23T12:14:14Z">
          <reporter-output>
          </reporter-output>
        </test-method> <!-- testConcurrentTransactionCreationForAccount1And2 -->
        <test-method status="PASS" signature="testConcurrentTransactionCreationForAccount1And2()[pri:0, instance:com.revolut.money.transfer.integration.ConcurrentlyTransactionCreationTest@57baeedf]" name="testConcurrentTransactionCreationForAccount1And2" duration-ms="17" started-at="2019-06-23T12:14:14Z" finished-at="2019-06-23T12:14:14Z">
          <reporter-output>
          </reporter-output>
        </test-method> <!-- testConcurrentTransactionCreationForAccount1And2 -->
        <test-method status="PASS" signature="testConcurrentTransactionCreationForAccount1And2()[pri:0, instance:com.revolut.money.transfer.integration.ConcurrentlyTransactionCreationTest@57baeedf]" name="testConcurrentTransactionCreationForAccount1And2" duration-ms="37" started-at="2019-06-23T12:14:14Z" finished-at="2019-06-23T12:14:14Z">
          <reporter-output>
          </reporter-output>
        </test-method> <!-- testConcurrentTransactionCreationForAccount1And2 -->
        <test-method status="PASS" signature="testConcurrentTransactionCreationForAccount1And2()[pri:0, instance:com.revolut.money.transfer.integration.ConcurrentlyTransactionCreationTest@57baeedf]" name="testConcurrentTransactionCreationForAccount1And2" duration-ms="17" started-at="2019-06-23T12:14:14Z" finished-at="2019-06-23T12:14:14Z">
          <reporter-output>
          </reporter-output>
        </test-method> <!-- testConcurrentTransactionCreationForAccount1And2 -->
        <test-method status="PASS" signature="testConcurrentTransactionCreationForAccount1And2()[pri:0, instance:com.revolut.money.transfer.integration.ConcurrentlyTransactionCreationTest@57baeedf]" name="testConcurrentTransactionCreationForAccount1And2" duration-ms="38" started-at="2019-06-23T12:14:14Z" finished-at="2019-06-23T12:14:14Z">
          <reporter-output>
          </reporter-output>
        </test-method> <!-- testConcurrentTransactionCreationForAccount1And2 -->
        <test-method status="PASS" signature="testConcurrentTransactionCreationForAccount1And2()[pri:0, instance:com.revolut.money.transfer.integration.ConcurrentlyTransactionCreationTest@57baeedf]" name="testConcurrentTransactionCreationForAccount1And2" duration-ms="38" started-at="2019-06-23T12:14:14Z" finished-at="2019-06-23T12:14:14Z">
          <reporter-output>
          </reporter-output>
        </test-method> <!-- testConcurrentTransactionCreationForAccount1And2 -->
        <test-method status="PASS" signature="testConcurrentTransactionCreationForAccount1And2()[pri:0, instance:com.revolut.money.transfer.integration.ConcurrentlyTransactionCreationTest@57baeedf]" name="testConcurrentTransactionCreationForAccount1And2" duration-ms="18" started-at="2019-06-23T12:14:14Z" finished-at="2019-06-23T12:14:14Z">
          <reporter-output>
          </reporter-output>
        </test-method> <!-- testConcurrentTransactionCreationForAccount1And2 -->
        <test-method status="PASS" signature="testConcurrentTransactionCreationForAccount1And2()[pri:0, instance:com.revolut.money.transfer.integration.ConcurrentlyTransactionCreationTest@57baeedf]" name="testConcurrentTransactionCreationForAccount1And2" duration-ms="0" started-at="2019-06-23T12:14:14Z" finished-at="2019-06-23T12:14:14Z">
          <reporter-output>
          </reporter-output>
        </test-method> <!-- testConcurrentTransactionCreationForAccount1And2 -->
        <test-method status="PASS" signature="testConcurrentTransactionCreationForAccount1And2()[pri:0, instance:com.revolut.money.transfer.integration.ConcurrentlyTransactionCreationTest@57baeedf]" name="testConcurrentTransactionCreationForAccount1And2" duration-ms="39" started-at="2019-06-23T12:14:14Z" finished-at="2019-06-23T12:14:14Z">
          <reporter-output>
          </reporter-output>
        </test-method> <!-- testConcurrentTransactionCreationForAccount1And2 -->
        <test-method status="PASS" signature="testConcurrentTransactionCreationForAccount1And2()[pri:0, instance:com.revolut.money.transfer.integration.ConcurrentlyTransactionCreationTest@57baeedf]" name="testConcurrentTransactionCreationForAccount1And2" duration-ms="16" started-at="2019-06-23T12:14:14Z" finished-at="2019-06-23T12:14:14Z">
          <reporter-output>
          </reporter-output>
        </test-method> <!-- testConcurrentTransactionCreationForAccount1And2 -->
        <test-method status="PASS" signature="testConcurrentTransactionCreationForAccount1And2()[pri:0, instance:com.revolut.money.transfer.integration.ConcurrentlyTransactionCreationTest@57baeedf]" name="testConcurrentTransactionCreationForAccount1And2" duration-ms="1" started-at="2019-06-23T12:14:14Z" finished-at="2019-06-23T12:14:14Z">
          <reporter-output>
          </reporter-output>
        </test-method> <!-- testConcurrentTransactionCreationForAccount1And2 -->
        <test-method status="PASS" signature="testConcurrentTransactionCreationForAccount1And2()[pri:0, instance:com.revolut.money.transfer.integration.ConcurrentlyTransactionCreationTest@57baeedf]" name="testConcurrentTransactionCreationForAccount1And2" duration-ms="19" started-at="2019-06-23T12:14:14Z" finished-at="2019-06-23T12:14:14Z">
          <reporter-output>
          </reporter-output>
        </test-method> <!-- testConcurrentTransactionCreationForAccount1And2 -->
        <test-method status="PASS" signature="testConcurrentTransactionCreationForAccount1And2()[pri:0, instance:com.revolut.money.transfer.integration.ConcurrentlyTransactionCreationTest@57baeedf]" name="testConcurrentTransactionCreationForAccount1And2" duration-ms="18" started-at="2019-06-23T12:14:14Z" finished-at="2019-06-23T12:14:14Z">
          <reporter-output>
          </reporter-output>
        </test-method> <!-- testConcurrentTransactionCreationForAccount1And2 -->
        <test-method status="PASS" signature="testConcurrentTransactionCreationForAccount1And2()[pri:0, instance:com.revolut.money.transfer.integration.ConcurrentlyTransactionCreationTest@57baeedf]" name="testConcurrentTransactionCreationForAccount1And2" duration-ms="17" started-at="2019-06-23T12:14:14Z" finished-at="2019-06-23T12:14:14Z">
          <reporter-output>
          </reporter-output>
        </test-method> <!-- testConcurrentTransactionCreationForAccount1And2 -->
        <test-method status="PASS" signature="testConcurrentTransactionCreationForAccount1And2()[pri:0, instance:com.revolut.money.transfer.integration.ConcurrentlyTransactionCreationTest@57baeedf]" name="testConcurrentTransactionCreationForAccount1And2" duration-ms="19" started-at="2019-06-23T12:14:14Z" finished-at="2019-06-23T12:14:14Z">
          <reporter-output>
          </reporter-output>
        </test-method> <!-- testConcurrentTransactionCreationForAccount1And2 -->
        <test-method status="PASS" signature="testConcurrentTransactionCreationForAccount1And2()[pri:0, instance:com.revolut.money.transfer.integration.ConcurrentlyTransactionCreationTest@57baeedf]" name="testConcurrentTransactionCreationForAccount1And2" duration-ms="18" started-at="2019-06-23T12:14:14Z" finished-at="2019-06-23T12:14:14Z">
          <reporter-output>
          </reporter-output>
        </test-method> <!-- testConcurrentTransactionCreationForAccount1And2 -->
        <test-method status="PASS" signature="testConcurrentTransactionCreationForAccount1And2()[pri:0, instance:com.revolut.money.transfer.integration.ConcurrentlyTransactionCreationTest@57baeedf]" name="testConcurrentTransactionCreationForAccount1And2" duration-ms="38" started-at="2019-06-23T12:14:14Z" finished-at="2019-06-23T12:14:14Z">
          <reporter-output>
          </reporter-output>
        </test-method> <!-- testConcurrentTransactionCreationForAccount1And2 -->
        <test-method status="PASS" signature="testConcurrentTransactionCreationForAccount1And2()[pri:0, instance:com.revolut.money.transfer.integration.ConcurrentlyTransactionCreationTest@57baeedf]" name="testConcurrentTransactionCreationForAccount1And2" duration-ms="18" started-at="2019-06-23T12:14:14Z" finished-at="2019-06-23T12:14:14Z">
          <reporter-output>
          </reporter-output>
        </test-method> <!-- testConcurrentTransactionCreationForAccount1And2 -->
        <test-method status="PASS" signature="testConcurrentTransactionCreationForAccount1And2()[pri:0, instance:com.revolut.money.transfer.integration.ConcurrentlyTransactionCreationTest@57baeedf]" name="testConcurrentTransactionCreationForAccount1And2" duration-ms="17" started-at="2019-06-23T12:14:14Z" finished-at="2019-06-23T12:14:14Z">
          <reporter-output>
          </reporter-output>
        </test-method> <!-- testConcurrentTransactionCreationForAccount1And2 -->
        <test-method status="PASS" signature="testConcurrentTransactionCreationForAccount1And2()[pri:0, instance:com.revolut.money.transfer.integration.ConcurrentlyTransactionCreationTest@57baeedf]" name="testConcurrentTransactionCreationForAccount1And2" duration-ms="0" started-at="2019-06-23T12:14:14Z" finished-at="2019-06-23T12:14:14Z">
          <reporter-output>
          </reporter-output>
        </test-method> <!-- testConcurrentTransactionCreationForAccount1And2 -->
        <test-method status="PASS" signature="testConcurrentTransactionCreationForAccount1And2()[pri:0, instance:com.revolut.money.transfer.integration.ConcurrentlyTransactionCreationTest@57baeedf]" name="testConcurrentTransactionCreationForAccount1And2" duration-ms="20" started-at="2019-06-23T12:14:14Z" finished-at="2019-06-23T12:14:14Z">
          <reporter-output>
          </reporter-output>
        </test-method> <!-- testConcurrentTransactionCreationForAccount1And2 -->
        <test-method status="PASS" signature="testConcurrentTransactionCreationForAccount1And2()[pri:0, instance:com.revolut.money.transfer.integration.ConcurrentlyTransactionCreationTest@57baeedf]" name="testConcurrentTransactionCreationForAccount1And2" duration-ms="21" started-at="2019-06-23T12:14:14Z" finished-at="2019-06-23T12:14:14Z">
          <reporter-output>
          </reporter-output>
        </test-method> <!-- testConcurrentTransactionCreationForAccount1And2 -->
        <test-method status="PASS" signature="testConcurrentTransactionCreationForAccount1And2()[pri:0, instance:com.revolut.money.transfer.integration.ConcurrentlyTransactionCreationTest@57baeedf]" name="testConcurrentTransactionCreationForAccount1And2" duration-ms="20" started-at="2019-06-23T12:14:14Z" finished-at="2019-06-23T12:14:14Z">
          <reporter-output>
          </reporter-output>
        </test-method> <!-- testConcurrentTransactionCreationForAccount1And2 -->
        <test-method status="PASS" signature="testConcurrentTransactionCreationForAccount1And2()[pri:0, instance:com.revolut.money.transfer.integration.ConcurrentlyTransactionCreationTest@57baeedf]" name="testConcurrentTransactionCreationForAccount1And2" duration-ms="22" started-at="2019-06-23T12:14:14Z" finished-at="2019-06-23T12:14:14Z">
          <reporter-output>
          </reporter-output>
        </test-method> <!-- testConcurrentTransactionCreationForAccount1And2 -->
        <test-method status="PASS" signature="testConcurrentTransactionCreationForAccount1And2()[pri:0, instance:com.revolut.money.transfer.integration.ConcurrentlyTransactionCreationTest@57baeedf]" name="testConcurrentTransactionCreationForAccount1And2" duration-ms="0" started-at="2019-06-23T12:14:14Z" finished-at="2019-06-23T12:14:14Z">
          <reporter-output>
          </reporter-output>
        </test-method> <!-- testConcurrentTransactionCreationForAccount1And2 -->
        <test-method status="PASS" signature="testConcurrentTransactionCreationForAccount1And2()[pri:0, instance:com.revolut.money.transfer.integration.ConcurrentlyTransactionCreationTest@57baeedf]" name="testConcurrentTransactionCreationForAccount1And2" duration-ms="22" started-at="2019-06-23T12:14:14Z" finished-at="2019-06-23T12:14:14Z">
          <reporter-output>
          </reporter-output>
        </test-method> <!-- testConcurrentTransactionCreationForAccount1And2 -->
        <test-method status="PASS" signature="testConcurrentTransactionCreationForAccount1And2()[pri:0, instance:com.revolut.money.transfer.integration.ConcurrentlyTransactionCreationTest@57baeedf]" name="testConcurrentTransactionCreationForAccount1And2" duration-ms="23" started-at="2019-06-23T12:14:14Z" finished-at="2019-06-23T12:14:14Z">
          <reporter-output>
          </reporter-output>
        </test-method> <!-- testConcurrentTransactionCreationForAccount1And2 -->
        <test-method status="PASS" signature="testConcurrentTransactionCreationForAccount1And2()[pri:0, instance:com.revolut.money.transfer.integration.ConcurrentlyTransactionCreationTest@57baeedf]" name="testConcurrentTransactionCreationForAccount1And2" duration-ms="22" started-at="2019-06-23T12:14:14Z" finished-at="2019-06-23T12:14:14Z">
          <reporter-output>
          </reporter-output>
        </test-method> <!-- testConcurrentTransactionCreationForAccount1And2 -->
        <test-method status="PASS" signature="testConcurrentTransactionCreationForAccount1And2()[pri:0, instance:com.revolut.money.transfer.integration.ConcurrentlyTransactionCreationTest@57baeedf]" name="testConcurrentTransactionCreationForAccount1And2" duration-ms="20" started-at="2019-06-23T12:14:14Z" finished-at="2019-06-23T12:14:14Z">
          <reporter-output>
          </reporter-output>
        </test-method> <!-- testConcurrentTransactionCreationForAccount1And2 -->
        <test-method status="PASS" signature="testConcurrentTransactionCreationForAccount1And2()[pri:0, instance:com.revolut.money.transfer.integration.ConcurrentlyTransactionCreationTest@57baeedf]" name="testConcurrentTransactionCreationForAccount1And2" duration-ms="18" started-at="2019-06-23T12:14:14Z" finished-at="2019-06-23T12:14:14Z">
          <reporter-output>
          </reporter-output>
        </test-method> <!-- testConcurrentTransactionCreationForAccount1And2 -->
        <test-method status="PASS" signature="testConcurrentTransactionCreationForAccount1And2()[pri:0, instance:com.revolut.money.transfer.integration.ConcurrentlyTransactionCreationTest@57baeedf]" name="testConcurrentTransactionCreationForAccount1And2" duration-ms="22" started-at="2019-06-23T12:14:14Z" finished-at="2019-06-23T12:14:14Z">
          <reporter-output>
          </reporter-output>
        </test-method> <!-- testConcurrentTransactionCreationForAccount1And2 -->
        <test-method status="PASS" signature="testConcurrentTransactionCreationForAccount1And2()[pri:0, instance:com.revolut.money.transfer.integration.ConcurrentlyTransactionCreationTest@57baeedf]" name="testConcurrentTransactionCreationForAccount1And2" duration-ms="19" started-at="2019-06-23T12:14:14Z" finished-at="2019-06-23T12:14:14Z">
          <reporter-output>
          </reporter-output>
        </test-method> <!-- testConcurrentTransactionCreationForAccount1And2 -->
        <test-method status="PASS" signature="testConcurrentTransactionCreationForAccount1And2()[pri:0, instance:com.revolut.money.transfer.integration.ConcurrentlyTransactionCreationTest@57baeedf]" name="testConcurrentTransactionCreationForAccount1And2" duration-ms="18" started-at="2019-06-23T12:14:14Z" finished-at="2019-06-23T12:14:14Z">
          <reporter-output>
          </reporter-output>
        </test-method> <!-- testConcurrentTransactionCreationForAccount1And2 -->
        <test-method status="PASS" signature="testConcurrentTransactionCreationForAccount1And2()[pri:0, instance:com.revolut.money.transfer.integration.ConcurrentlyTransactionCreationTest@57baeedf]" name="testConcurrentTransactionCreationForAccount1And2" duration-ms="20" started-at="2019-06-23T12:14:14Z" finished-at="2019-06-23T12:14:14Z">
          <reporter-output>
          </reporter-output>
        </test-method> <!-- testConcurrentTransactionCreationForAccount1And2 -->
        <test-method status="PASS" signature="testConcurrentTransactionCreationForAccount1And2()[pri:0, instance:com.revolut.money.transfer.integration.ConcurrentlyTransactionCreationTest@57baeedf]" name="testConcurrentTransactionCreationForAccount1And2" duration-ms="21" started-at="2019-06-23T12:14:14Z" finished-at="2019-06-23T12:14:14Z">
          <reporter-output>
          </reporter-output>
        </test-method> <!-- testConcurrentTransactionCreationForAccount1And2 -->
        <test-method status="PASS" signature="testConcurrentTransactionCreationForAccount1And2()[pri:0, instance:com.revolut.money.transfer.integration.ConcurrentlyTransactionCreationTest@57baeedf]" name="testConcurrentTransactionCreationForAccount1And2" duration-ms="19" started-at="2019-06-23T12:14:14Z" finished-at="2019-06-23T12:14:14Z">
          <reporter-output>
          </reporter-output>
        </test-method> <!-- testConcurrentTransactionCreationForAccount1And2 -->
        <test-method status="PASS" signature="testConcurrentTransactionCreationForAccount1And2()[pri:0, instance:com.revolut.money.transfer.integration.ConcurrentlyTransactionCreationTest@57baeedf]" name="testConcurrentTransactionCreationForAccount1And2" duration-ms="1" started-at="2019-06-23T12:14:14Z" finished-at="2019-06-23T12:14:14Z">
          <reporter-output>
          </reporter-output>
        </test-method> <!-- testConcurrentTransactionCreationForAccount1And2 -->
        <test-method status="PASS" signature="testConcurrentTransactionCreationForAccount1And2()[pri:0, instance:com.revolut.money.transfer.integration.ConcurrentlyTransactionCreationTest@57baeedf]" name="testConcurrentTransactionCreationForAccount1And2" duration-ms="22" started-at="2019-06-23T12:14:14Z" finished-at="2019-06-23T12:14:14Z">
          <reporter-output>
          </reporter-output>
        </test-method> <!-- testConcurrentTransactionCreationForAccount1And2 -->
        <test-method status="PASS" signature="testConcurrentTransactionCreationForAccount1And2()[pri:0, instance:com.revolut.money.transfer.integration.ConcurrentlyTransactionCreationTest@57baeedf]" name="testConcurrentTransactionCreationForAccount1And2" duration-ms="22" started-at="2019-06-23T12:14:14Z" finished-at="2019-06-23T12:14:14Z">
          <reporter-output>
          </reporter-output>
        </test-method> <!-- testConcurrentTransactionCreationForAccount1And2 -->
        <test-method status="PASS" signature="testConcurrentTransactionCreationForAccount1And2()[pri:0, instance:com.revolut.money.transfer.integration.ConcurrentlyTransactionCreationTest@57baeedf]" name="testConcurrentTransactionCreationForAccount1And2" duration-ms="25" started-at="2019-06-23T12:14:14Z" finished-at="2019-06-23T12:14:14Z">
          <reporter-output>
          </reporter-output>
        </test-method> <!-- testConcurrentTransactionCreationForAccount1And2 -->
        <test-method status="PASS" signature="testConcurrentTransactionCreationForAccount1And2()[pri:0, instance:com.revolut.money.transfer.integration.ConcurrentlyTransactionCreationTest@57baeedf]" name="testConcurrentTransactionCreationForAccount1And2" duration-ms="24" started-at="2019-06-23T12:14:14Z" finished-at="2019-06-23T12:14:14Z">
          <reporter-output>
          </reporter-output>
        </test-method> <!-- testConcurrentTransactionCreationForAccount1And2 -->
        <test-method status="PASS" signature="testConcurrentTransactionCreationForAccount1And2()[pri:0, instance:com.revolut.money.transfer.integration.ConcurrentlyTransactionCreationTest@57baeedf]" name="testConcurrentTransactionCreationForAccount1And2" duration-ms="27" started-at="2019-06-23T12:14:14Z" finished-at="2019-06-23T12:14:14Z">
          <reporter-output>
          </reporter-output>
        </test-method> <!-- testConcurrentTransactionCreationForAccount1And2 -->
        <test-method status="PASS" signature="testConcurrentTransactionCreationForAccount1And2()[pri:0, instance:com.revolut.money.transfer.integration.ConcurrentlyTransactionCreationTest@57baeedf]" name="testConcurrentTransactionCreationForAccount1And2" duration-ms="23" started-at="2019-06-23T12:14:14Z" finished-at="2019-06-23T12:14:14Z">
          <reporter-output>
          </reporter-output>
        </test-method> <!-- testConcurrentTransactionCreationForAccount1And2 -->
        <test-method status="PASS" signature="testConcurrentTransactionCreationForAccount1And2()[pri:0, instance:com.revolut.money.transfer.integration.ConcurrentlyTransactionCreationTest@57baeedf]" name="testConcurrentTransactionCreationForAccount1And2" duration-ms="0" started-at="2019-06-23T12:14:14Z" finished-at="2019-06-23T12:14:14Z">
          <reporter-output>
          </reporter-output>
        </test-method> <!-- testConcurrentTransactionCreationForAccount1And2 -->
        <test-method status="PASS" signature="testConcurrentTransactionCreationForAccount1And2()[pri:0, instance:com.revolut.money.transfer.integration.ConcurrentlyTransactionCreationTest@57baeedf]" name="testConcurrentTransactionCreationForAccount1And2" duration-ms="26" started-at="2019-06-23T12:14:14Z" finished-at="2019-06-23T12:14:14Z">
          <reporter-output>
          </reporter-output>
        </test-method> <!-- testConcurrentTransactionCreationForAccount1And2 -->
        <test-method status="PASS" signature="testConcurrentTransactionCreationForAccount1And2()[pri:0, instance:com.revolut.money.transfer.integration.ConcurrentlyTransactionCreationTest@57baeedf]" name="testConcurrentTransactionCreationForAccount1And2" duration-ms="22" started-at="2019-06-23T12:14:14Z" finished-at="2019-06-23T12:14:14Z">
          <reporter-output>
          </reporter-output>
        </test-method> <!-- testConcurrentTransactionCreationForAccount1And2 -->
        <test-method status="PASS" signature="testConcurrentTransactionCreationForAccount1And2()[pri:0, instance:com.revolut.money.transfer.integration.ConcurrentlyTransactionCreationTest@57baeedf]" name="testConcurrentTransactionCreationForAccount1And2" duration-ms="26" started-at="2019-06-23T12:14:14Z" finished-at="2019-06-23T12:14:14Z">
          <reporter-output>
          </reporter-output>
        </test-method> <!-- testConcurrentTransactionCreationForAccount1And2 -->
        <test-method status="PASS" signature="testConcurrentTransactionCreationForAccount1And2()[pri:0, instance:com.revolut.money.transfer.integration.ConcurrentlyTransactionCreationTest@57baeedf]" name="testConcurrentTransactionCreationForAccount1And2" duration-ms="25" started-at="2019-06-23T12:14:14Z" finished-at="2019-06-23T12:14:14Z">
          <reporter-output>
          </reporter-output>
        </test-method> <!-- testConcurrentTransactionCreationForAccount1And2 -->
        <test-method status="PASS" signature="testConcurrentTransactionCreationForAccount1And2()[pri:0, instance:com.revolut.money.transfer.integration.ConcurrentlyTransactionCreationTest@57baeedf]" name="testConcurrentTransactionCreationForAccount1And2" duration-ms="27" started-at="2019-06-23T12:14:14Z" finished-at="2019-06-23T12:14:14Z">
          <reporter-output>
          </reporter-output>
        </test-method> <!-- testConcurrentTransactionCreationForAccount1And2 -->
        <test-method status="PASS" signature="testConcurrentTransactionCreationForAccount1And2()[pri:0, instance:com.revolut.money.transfer.integration.ConcurrentlyTransactionCreationTest@57baeedf]" name="testConcurrentTransactionCreationForAccount1And2" duration-ms="26" started-at="2019-06-23T12:14:14Z" finished-at="2019-06-23T12:14:14Z">
          <reporter-output>
          </reporter-output>
        </test-method> <!-- testConcurrentTransactionCreationForAccount1And2 -->
        <test-method status="PASS" signature="testConcurrentTransactionCreationForAccount1And2()[pri:0, instance:com.revolut.money.transfer.integration.ConcurrentlyTransactionCreationTest@57baeedf]" name="testConcurrentTransactionCreationForAccount1And2" duration-ms="22" started-at="2019-06-23T12:14:14Z" finished-at="2019-06-23T12:14:14Z">
          <reporter-output>
          </reporter-output>
        </test-method> <!-- testConcurrentTransactionCreationForAccount1And2 -->
        <test-method status="PASS" signature="testConcurrentTransactionCreationForAccount1And2()[pri:0, instance:com.revolut.money.transfer.integration.ConcurrentlyTransactionCreationTest@57baeedf]" name="testConcurrentTransactionCreationForAccount1And2" duration-ms="23" started-at="2019-06-23T12:14:14Z" finished-at="2019-06-23T12:14:14Z">
          <reporter-output>
          </reporter-output>
        </test-method> <!-- testConcurrentTransactionCreationForAccount1And2 -->
        <test-method status="PASS" signature="testConcurrentTransactionCreationForAccount1And2()[pri:0, instance:com.revolut.money.transfer.integration.ConcurrentlyTransactionCreationTest@57baeedf]" name="testConcurrentTransactionCreationForAccount1And2" duration-ms="24" started-at="2019-06-23T12:14:14Z" finished-at="2019-06-23T12:14:14Z">
          <reporter-output>
          </reporter-output>
        </test-method> <!-- testConcurrentTransactionCreationForAccount1And2 -->
        <test-method status="PASS" signature="testConcurrentTransactionCreationForAccount1And2()[pri:0, instance:com.revolut.money.transfer.integration.ConcurrentlyTransactionCreationTest@57baeedf]" name="testConcurrentTransactionCreationForAccount1And2" duration-ms="25" started-at="2019-06-23T12:14:14Z" finished-at="2019-06-23T12:14:14Z">
          <reporter-output>
          </reporter-output>
        </test-method> <!-- testConcurrentTransactionCreationForAccount1And2 -->
        <test-method status="PASS" signature="testConcurrentTransactionCreationForAccount1And2()[pri:0, instance:com.revolut.money.transfer.integration.ConcurrentlyTransactionCreationTest@57baeedf]" name="testConcurrentTransactionCreationForAccount1And2" duration-ms="25" started-at="2019-06-23T12:14:14Z" finished-at="2019-06-23T12:14:14Z">
          <reporter-output>
          </reporter-output>
        </test-method> <!-- testConcurrentTransactionCreationForAccount1And2 -->
        <test-method status="PASS" signature="testConcurrentTransactionCreationForAccount1And2()[pri:0, instance:com.revolut.money.transfer.integration.ConcurrentlyTransactionCreationTest@57baeedf]" name="testConcurrentTransactionCreationForAccount1And2" duration-ms="24" started-at="2019-06-23T12:14:14Z" finished-at="2019-06-23T12:14:14Z">
          <reporter-output>
          </reporter-output>
        </test-method> <!-- testConcurrentTransactionCreationForAccount1And2 -->
        <test-method status="PASS" signature="testConcurrentTransactionCreationForAccount1And2()[pri:0, instance:com.revolut.money.transfer.integration.ConcurrentlyTransactionCreationTest@57baeedf]" name="testConcurrentTransactionCreationForAccount1And2" duration-ms="25" started-at="2019-06-23T12:14:14Z" finished-at="2019-06-23T12:14:14Z">
          <reporter-output>
          </reporter-output>
        </test-method> <!-- testConcurrentTransactionCreationForAccount1And2 -->
        <test-method status="PASS" signature="testConcurrentTransactionCreationForAccount1And2()[pri:0, instance:com.revolut.money.transfer.integration.ConcurrentlyTransactionCreationTest@57baeedf]" name="testConcurrentTransactionCreationForAccount1And2" duration-ms="24" started-at="2019-06-23T12:14:14Z" finished-at="2019-06-23T12:14:14Z">
          <reporter-output>
          </reporter-output>
        </test-method> <!-- testConcurrentTransactionCreationForAccount1And2 -->
        <test-method status="PASS" signature="testConcurrentTransactionCreationForAccount1And2()[pri:0, instance:com.revolut.money.transfer.integration.ConcurrentlyTransactionCreationTest@57baeedf]" name="testConcurrentTransactionCreationForAccount1And2" duration-ms="0" started-at="2019-06-23T12:14:14Z" finished-at="2019-06-23T12:14:14Z">
          <reporter-output>
          </reporter-output>
        </test-method> <!-- testConcurrentTransactionCreationForAccount1And2 -->
        <test-method status="PASS" signature="testConcurrentTransactionCreationForAccount1And2()[pri:0, instance:com.revolut.money.transfer.integration.ConcurrentlyTransactionCreationTest@57baeedf]" name="testConcurrentTransactionCreationForAccount1And2" duration-ms="22" started-at="2019-06-23T12:14:14Z" finished-at="2019-06-23T12:14:14Z">
          <reporter-output>
          </reporter-output>
        </test-method> <!-- testConcurrentTransactionCreationForAccount1And2 -->
        <test-method status="PASS" signature="testConcurrentTransactionCreationForAccount1And2()[pri:0, instance:com.revolut.money.transfer.integration.ConcurrentlyTransactionCreationTest@57baeedf]" name="testConcurrentTransactionCreationForAccount1And2" duration-ms="26" started-at="2019-06-23T12:14:14Z" finished-at="2019-06-23T12:14:14Z">
          <reporter-output>
          </reporter-output>
        </test-method> <!-- testConcurrentTransactionCreationForAccount1And2 -->
        <test-method status="PASS" signature="testConcurrentTransactionCreationForAccount1And2()[pri:0, instance:com.revolut.money.transfer.integration.ConcurrentlyTransactionCreationTest@57baeedf]" name="testConcurrentTransactionCreationForAccount1And2" duration-ms="24" started-at="2019-06-23T12:14:14Z" finished-at="2019-06-23T12:14:14Z">
          <reporter-output>
          </reporter-output>
        </test-method> <!-- testConcurrentTransactionCreationForAccount1And2 -->
        <test-method status="PASS" signature="testConcurrentTransactionCreationForAccount1And2()[pri:0, instance:com.revolut.money.transfer.integration.ConcurrentlyTransactionCreationTest@57baeedf]" name="testConcurrentTransactionCreationForAccount1And2" duration-ms="23" started-at="2019-06-23T12:14:14Z" finished-at="2019-06-23T12:14:14Z">
          <reporter-output>
          </reporter-output>
        </test-method> <!-- testConcurrentTransactionCreationForAccount1And2 -->
        <test-method status="PASS" signature="testConcurrentTransactionCreationForAccount1And2()[pri:0, instance:com.revolut.money.transfer.integration.ConcurrentlyTransactionCreationTest@57baeedf]" name="testConcurrentTransactionCreationForAccount1And2" duration-ms="27" started-at="2019-06-23T12:14:14Z" finished-at="2019-06-23T12:14:14Z">
          <reporter-output>
          </reporter-output>
        </test-method> <!-- testConcurrentTransactionCreationForAccount1And2 -->
        <test-method status="PASS" signature="testConcurrentTransactionCreationForAccount1And2()[pri:0, instance:com.revolut.money.transfer.integration.ConcurrentlyTransactionCreationTest@57baeedf]" name="testConcurrentTransactionCreationForAccount1And2" duration-ms="26" started-at="2019-06-23T12:14:14Z" finished-at="2019-06-23T12:14:14Z">
          <reporter-output>
          </reporter-output>
        </test-method> <!-- testConcurrentTransactionCreationForAccount1And2 -->
        <test-method status="PASS" signature="testConcurrentTransactionCreationForAccount1And2()[pri:0, instance:com.revolut.money.transfer.integration.ConcurrentlyTransactionCreationTest@57baeedf]" name="testConcurrentTransactionCreationForAccount1And2" duration-ms="26" started-at="2019-06-23T12:14:14Z" finished-at="2019-06-23T12:14:14Z">
          <reporter-output>
          </reporter-output>
        </test-method> <!-- testConcurrentTransactionCreationForAccount1And2 -->
        <test-method status="PASS" signature="testConcurrentTransactionCreationForAccount1And2()[pri:0, instance:com.revolut.money.transfer.integration.ConcurrentlyTransactionCreationTest@57baeedf]" name="testConcurrentTransactionCreationForAccount1And2" duration-ms="26" started-at="2019-06-23T12:14:14Z" finished-at="2019-06-23T12:14:14Z">
          <reporter-output>
          </reporter-output>
        </test-method> <!-- testConcurrentTransactionCreationForAccount1And2 -->
        <test-method status="PASS" signature="testConcurrentTransactionCreationForAccount1And2()[pri:0, instance:com.revolut.money.transfer.integration.ConcurrentlyTransactionCreationTest@57baeedf]" name="testConcurrentTransactionCreationForAccount1And2" duration-ms="26" started-at="2019-06-23T12:14:14Z" finished-at="2019-06-23T12:14:14Z">
          <reporter-output>
          </reporter-output>
        </test-method> <!-- testConcurrentTransactionCreationForAccount1And2 -->
        <test-method status="PASS" signature="testConcurrentTransactionCreationForAccount1And2()[pri:0, instance:com.revolut.money.transfer.integration.ConcurrentlyTransactionCreationTest@57baeedf]" name="testConcurrentTransactionCreationForAccount1And2" duration-ms="26" started-at="2019-06-23T12:14:14Z" finished-at="2019-06-23T12:14:14Z">
          <reporter-output>
          </reporter-output>
        </test-method> <!-- testConcurrentTransactionCreationForAccount1And2 -->
        <test-method status="PASS" signature="testConcurrentTransactionCreationForAccount1And2()[pri:0, instance:com.revolut.money.transfer.integration.ConcurrentlyTransactionCreationTest@57baeedf]" name="testConcurrentTransactionCreationForAccount1And2" duration-ms="26" started-at="2019-06-23T12:14:14Z" finished-at="2019-06-23T12:14:14Z">
          <reporter-output>
          </reporter-output>
        </test-method> <!-- testConcurrentTransactionCreationForAccount1And2 -->
        <test-method status="PASS" signature="testConcurrentTransactionCreationForAccount1And2()[pri:0, instance:com.revolut.money.transfer.integration.ConcurrentlyTransactionCreationTest@57baeedf]" name="testConcurrentTransactionCreationForAccount1And2" duration-ms="26" started-at="2019-06-23T12:14:14Z" finished-at="2019-06-23T12:14:14Z">
          <reporter-output>
          </reporter-output>
        </test-method> <!-- testConcurrentTransactionCreationForAccount1And2 -->
        <test-method status="PASS" signature="testConcurrentTransactionCreationForAccount1And2()[pri:0, instance:com.revolut.money.transfer.integration.ConcurrentlyTransactionCreationTest@57baeedf]" name="testConcurrentTransactionCreationForAccount1And2" duration-ms="25" started-at="2019-06-23T12:14:14Z" finished-at="2019-06-23T12:14:14Z">
          <reporter-output>
          </reporter-output>
        </test-method> <!-- testConcurrentTransactionCreationForAccount1And2 -->
        <test-method status="PASS" signature="testConcurrentTransactionCreationForAccount1And2()[pri:0, instance:com.revolut.money.transfer.integration.ConcurrentlyTransactionCreationTest@57baeedf]" name="testConcurrentTransactionCreationForAccount1And2" duration-ms="25" started-at="2019-06-23T12:14:14Z" finished-at="2019-06-23T12:14:14Z">
          <reporter-output>
          </reporter-output>
        </test-method> <!-- testConcurrentTransactionCreationForAccount1And2 -->
        <test-method status="PASS" signature="testConcurrentTransactionCreationForAccount1And2()[pri:0, instance:com.revolut.money.transfer.integration.ConcurrentlyTransactionCreationTest@57baeedf]" name="testConcurrentTransactionCreationForAccount1And2" duration-ms="26" started-at="2019-06-23T12:14:14Z" finished-at="2019-06-23T12:14:14Z">
          <reporter-output>
          </reporter-output>
        </test-method> <!-- testConcurrentTransactionCreationForAccount1And2 -->
        <test-method status="PASS" signature="testConcurrentTransactionCreationForAccount1And2()[pri:0, instance:com.revolut.money.transfer.integration.ConcurrentlyTransactionCreationTest@57baeedf]" name="testConcurrentTransactionCreationForAccount1And2" duration-ms="26" started-at="2019-06-23T12:14:14Z" finished-at="2019-06-23T12:14:14Z">
          <reporter-output>
          </reporter-output>
        </test-method> <!-- testConcurrentTransactionCreationForAccount1And2 -->
        <test-method status="PASS" signature="testConcurrentTransactionCreationForAccount1And2()[pri:0, instance:com.revolut.money.transfer.integration.ConcurrentlyTransactionCreationTest@57baeedf]" name="testConcurrentTransactionCreationForAccount1And2" duration-ms="26" started-at="2019-06-23T12:14:14Z" finished-at="2019-06-23T12:14:14Z">
          <reporter-output>
          </reporter-output>
        </test-method> <!-- testConcurrentTransactionCreationForAccount1And2 -->
        <test-method status="PASS" signature="testConcurrentTransactionCreationForAccount1And2()[pri:0, instance:com.revolut.money.transfer.integration.ConcurrentlyTransactionCreationTest@57baeedf]" name="testConcurrentTransactionCreationForAccount1And2" duration-ms="25" started-at="2019-06-23T12:14:14Z" finished-at="2019-06-23T12:14:14Z">
          <reporter-output>
          </reporter-output>
        </test-method> <!-- testConcurrentTransactionCreationForAccount1And2 -->
        <test-method status="PASS" signature="testConcurrentTransactionCreationForAccount1And2()[pri:0, instance:com.revolut.money.transfer.integration.ConcurrentlyTransactionCreationTest@57baeedf]" name="testConcurrentTransactionCreationForAccount1And2" duration-ms="25" started-at="2019-06-23T12:14:14Z" finished-at="2019-06-23T12:14:14Z">
          <reporter-output>
          </reporter-output>
        </test-method> <!-- testConcurrentTransactionCreationForAccount1And2 -->
        <test-method status="PASS" signature="testConcurrentTransactionCreationForAccount1And2()[pri:0, instance:com.revolut.money.transfer.integration.ConcurrentlyTransactionCreationTest@57baeedf]" name="testConcurrentTransactionCreationForAccount1And2" duration-ms="25" started-at="2019-06-23T12:14:14Z" finished-at="2019-06-23T12:14:14Z">
          <reporter-output>
          </reporter-output>
        </test-method> <!-- testConcurrentTransactionCreationForAccount1And2 -->
        <test-method status="PASS" signature="testConcurrentTransactionCreationForAccount1And2()[pri:0, instance:com.revolut.money.transfer.integration.ConcurrentlyTransactionCreationTest@57baeedf]" name="testConcurrentTransactionCreationForAccount1And2" duration-ms="25" started-at="2019-06-23T12:14:14Z" finished-at="2019-06-23T12:14:14Z">
          <reporter-output>
          </reporter-output>
        </test-method> <!-- testConcurrentTransactionCreationForAccount1And2 -->
[...]
          <reporter-output>
          </reporter-output>
        </test-method> <!-- testConcurrentTransactionCreation -->
        <test-method status="PASS" signature="testConcurrentTransactionCreation()[pri:0, instance:com.revolut.money.transfer.integration.ConcurrentlyTransactionCreationAndExecutionTest@42e26948]" name="testConcurrentTransactionCreation" duration-ms="39" started-at="2019-06-23T12:14:13Z" finished-at="2019-06-23T12:14:13Z">
          <reporter-output>
          </reporter-output>
        </test-method> <!-- testConcurrentTransactionCreation -->
        <test-method status="PASS" signature="testConcurrentTransactionCreation()[pri:0, instance:com.revolut.money.transfer.integration.ConcurrentlyTransactionCreationAndExecutionTest@42e26948]" name="testConcurrentTransactionCreation" duration-ms="103" started-at="2019-06-23T12:14:13Z" finished-at="2019-06-23T12:14:13Z">
          <reporter-output>
          </reporter-output>
        </test-method> <!-- testConcurrentTransactionCreation -->
        <test-method status="PASS" signature="testConcurrentTransactionCreation()[pri:0, instance:com.revolut.money.transfer.integration.ConcurrentlyTransactionCreationAndExecutionTest@42e26948]" name="testConcurrentTransactionCreation" duration-ms="80" started-at="2019-06-23T12:14:13Z" finished-at="2019-06-23T12:14:13Z">
          <reporter-output>
          </reporter-output>
        </test-method> <!-- testConcurrentTransactionCreation -->
        <test-method status="PASS" signature="testConcurrentTransactionCreation()[pri:0, instance:com.revolut.money.transfer.integration.ConcurrentlyTransactionCreationAndExecutionTest@42e26948]" name="testConcurrentTransactionCreation" duration-ms="81" started-at="2019-06-23T12:14:13Z" finished-at="2019-06-23T12:14:13Z">
          <reporter-output>
          </reporter-output>
        </test-method> <!-- testConcurrentTransactionCreation -->
        <test-method status="PASS" signature="testConcurrentTransactionCreation()[pri:0, instance:com.revolut.money.transfer.integration.ConcurrentlyTransactionCreationAndExecutionTest@42e26948]" name="testConcurrentTransactionCreation" duration-ms="41" started-at="2019-06-23T12:14:13Z" finished-at="2019-06-23T12:14:13Z">
          <reporter-output>
          </reporter-output>
        </test-method> <!-- testConcurrentTransactionCreation -->
        <test-method status="PASS" signature="testConcurrentTransactionCreation()[pri:0, instance:com.revolut.money.transfer.integration.ConcurrentlyTransactionCreationAndExecutionTest@42e26948]" name="testConcurrentTransactionCreation" duration-ms="41" started-at="2019-06-23T12:14:13Z" finished-at="2019-06-23T12:14:13Z">
          <reporter-output>
          </reporter-output>
        </test-method> <!-- testConcurrentTransactionCreation -->
        <test-method status="PASS" signature="testConcurrentTransactionCreation()[pri:0, instance:com.revolut.money.transfer.integration.ConcurrentlyTransactionCreationAndExecutionTest@42e26948]" name="testConcurrentTransactionCreation" duration-ms="100" started-at="2019-06-23T12:14:13Z" finished-at="2019-06-23T12:14:13Z">
          <reporter-output>
          </reporter-output>
        </test-method> <!-- testConcurrentTransactionCreation -->
        <test-method status="PASS" signature="testConcurrentTransactionCreation()[pri:0, instance:com.revolut.money.transfer.integration.ConcurrentlyTransactionCreationAndExecutionTest@42e26948]" name="testConcurrentTransactionCreation" duration-ms="0" started-at="2019-06-23T12:14:13Z" finished-at="2019-06-23T12:14:13Z">
          <reporter-output>
          </reporter-output>
        </test-method> <!-- testConcurrentTransactionCreation -->
        <test-method status="PASS" signature="testConcurrentTransactionCreation()[pri:0, instance:com.revolut.money.transfer.integration.ConcurrentlyTransactionCreationAndExecutionTest@42e26948]" name="testConcurrentTransactionCreation" duration-ms="41" started-at="2019-06-23T12:14:13Z" finished-at="2019-06-23T12:14:13Z">
          <reporter-output>
          </reporter-output>
        </test-method> <!-- testConcurrentTransactionCreation -->
        <test-method status="PASS" signature="testConcurrentTransactionCreation()[pri:0, instance:com.revolut.money.transfer.integration.ConcurrentlyTransactionCreationAndExecutionTest@42e26948]" name="testConcurrentTransactionCreation" duration-ms="41" started-at="2019-06-23T12:14:13Z" finished-at="2019-06-23T12:14:13Z">
          <reporter-output>
          </reporter-output>
        </test-method> <!-- testConcurrentTransactionCreation -->
        <test-method status="PASS" signature="testConcurrentTransactionCreation()[pri:0, instance:com.revolut.money.transfer.integration.ConcurrentlyTransactionCreationAndExecutionTest@42e26948]" name="testConcurrentTransactionCreation" duration-ms="41" started-at="2019-06-23T12:14:13Z" finished-at="2019-06-23T12:14:13Z">
          <reporter-output>
          </reporter-output>
        </test-method> <!-- testConcurrentTransactionCreation -->
        <test-method status="PASS" signature="testConcurrentTransactionCreation()[pri:0, instance:com.revolut.money.transfer.integration.ConcurrentlyTransactionCreationAndExecutionTest@42e26948]" name="testConcurrentTransactionCreation" duration-ms="41" started-at="2019-06-23T12:14:13Z" finished-at="2019-06-23T12:14:13Z">
          <reporter-output>
          </reporter-output>
        </test-method> <!-- testConcurrentTransactionCreation -->
        <test-method status="PASS" signature="testConcurrentTransactionCreation()[pri:0, instance:com.revolut.money.transfer.integration.ConcurrentlyTransactionCreationAndExecutionTest@42e26948]" name="testConcurrentTransactionCreation" duration-ms="48" started-at="2019-06-23T12:14:13Z" finished-at="2019-06-23T12:14:13Z">
          <reporter-output>
          </reporter-output>
        </test-method> <!-- testConcurrentTransactionCreation -->
        <test-method status="PASS" signature="testConcurrentTransactionCreation()[pri:0, instance:com.revolut.money.transfer.integration.ConcurrentlyTransactionCreationAndExecutionTest@42e26948]" name="testConcurrentTransactionCreation" duration-ms="77" started-at="2019-06-23T12:14:13Z" finished-at="2019-06-23T12:14:13Z">
          <reporter-output>
          </reporter-output>
        </test-method> <!-- testConcurrentTransactionCreation -->
        <test-method status="PASS" signature="testConcurrentTransactionCreation()[pri:0, instance:com.revolut.money.transfer.integration.ConcurrentlyTransactionCreationAndExecutionTest@42e26948]" name="testConcurrentTransactionCreation" duration-ms="77" started-at="2019-06-23T12:14:13Z" finished-at="2019-06-23T12:14:13Z">
          <reporter-output>
          </reporter-output>
        </test-method> <!-- testConcurrentTransactionCreation -->
        <test-method status="PASS" signature="testConcurrentTransactionCreation()[pri:0, instance:com.revolut.money.transfer.integration.ConcurrentlyTransactionCreationAndExecutionTest@42e26948]" name="testConcurrentTransactionCreation" duration-ms="44" started-at="2019-06-23T12:14:13Z" finished-at="2019-06-23T12:14:13Z">
          <reporter-output>
          </reporter-output>
        </test-method> <!-- testConcurrentTransactionCreation -->
        <test-method status="PASS" signature="testConcurrentTransactionCreation()[pri:0, instance:com.revolut.money.transfer.integration.ConcurrentlyTransactionCreationAndExecutionTest@42e26948]" name="testConcurrentTransactionCreation" duration-ms="76" started-at="2019-06-23T12:14:13Z" finished-at="2019-06-23T12:14:13Z">
          <reporter-output>
          </reporter-output>
        </test-method> <!-- testConcurrentTransactionCreation -->
        <test-method status="PASS" signature="testConcurrentTransactionCreation()[pri:0, instance:com.revolut.money.transfer.integration.ConcurrentlyTransactionCreationAndExecutionTest@42e26948]" name="testConcurrentTransactionCreation" duration-ms="76" started-at="2019-06-23T12:14:13Z" finished-at="2019-06-23T12:14:13Z">
          <reporter-output>
          </reporter-output>
        </test-method> <!-- testConcurrentTransactionCreation -->
        <test-method status="PASS" signature="testConcurrentTransactionCreation()[pri:0, instance:com.revolut.money.transfer.integration.ConcurrentlyTransactionCreationAndExecutionTest@42e26948]" name="testConcurrentTransactionCreation" duration-ms="45" started-at="2019-06-23T12:14:13Z" finished-at="2019-06-23T12:14:13Z">
          <reporter-output>
          </reporter-output>
        </test-method> <!-- testConcurrentTransactionCreation -->
        <test-method status="PASS" signature="testConcurrentTransactionCreation()[pri:0, instance:com.revolut.money.transfer.integration.ConcurrentlyTransactionCreationAndExecutionTest@42e26948]" name="testConcurrentTransactionCreation" duration-ms="45" started-at="2019-06-23T12:14:13Z" finished-at="2019-06-23T12:14:13Z">
          <reporter-output>
          </reporter-output>
        </test-method> <!-- testConcurrentTransactionCreation -->
        <test-method status="PASS" signature="testConcurrentTransactionCreation()[pri:0, instance:com.revolut.money.transfer.integration.ConcurrentlyTransactionCreationAndExecutionTest@42e26948]" name="testConcurrentTransactionCreation" duration-ms="46" started-at="2019-06-23T12:14:13Z" finished-at="2019-06-23T12:14:13Z">
          <reporter-output>
          </reporter-output>
        </test-method> <!-- testConcurrentTransactionCreation -->
        <test-method status="PASS" signature="testConcurrentTransactionCreation()[pri:0, instance:com.revolut.money.transfer.integration.ConcurrentlyTransactionCreationAndExecutionTest@42e26948]" name="testConcurrentTransactionCreation" duration-ms="45" started-at="2019-06-23T12:14:13Z" finished-at="2019-06-23T12:14:13Z">
          <reporter-output>
          </reporter-output>
        </test-method> <!-- testConcurrentTransactionCreation -->
        <test-method status="PASS" signature="testConcurrentTransactionCreation()[pri:0, instance:com.revolut.money.transfer.integration.ConcurrentlyTransactionCreationAndExecutionTest@42e26948]" name="testConcurrentTransactionCreation" duration-ms="88" started-at="2019-06-23T12:14:13Z" finished-at="2019-06-23T12:14:13Z">
          <reporter-output>
          </reporter-output>
        </test-method> <!-- testConcurrentTransactionCreation -->
        <test-method status="PASS" signature="testConcurrentTransactionCreation()[pri:0, instance:com.revolut.money.transfer.integration.ConcurrentlyTransactionCreationAndExecutionTest@42e26948]" name="testConcurrentTransactionCreation" duration-ms="46" started-at="2019-06-23T12:14:13Z" finished-at="2019-06-23T12:14:13Z">
          <reporter-output>
          </reporter-output>
        </test-method> <!-- testConcurrentTransactionCreation -->
        <test-method status="PASS" signature="testConcurrentTransactionCreation()[pri:0, instance:com.revolut.money.transfer.integration.ConcurrentlyTransactionCreationAndExecutionTest@42e26948]" name="testConcurrentTransactionCreation" duration-ms="46" started-at="2019-06-23T12:14:13Z" finished-at="2019-06-23T12:14:13Z">
          <reporter-output>
          </reporter-output>
        </test-method> <!-- testConcurrentTransactionCreation -->
        <test-method status="PASS" signature="testConcurrentTransactionCreation()[pri:0, instance:com.revolut.money.transfer.integration.ConcurrentlyTransactionCreationAndExecutionTest@42e26948]" name="testConcurrentTransactionCreation" duration-ms="71" started-at="2019-06-23T12:14:13Z" finished-at="2019-06-23T12:14:13Z">
          <reporter-output>
          </reporter-output>
        </test-method> <!-- testConcurrentTransactionCreation -->
        <test-method status="PASS" signature="testConcurrentTransactionCreation()[pri:0, instance:com.revolut.money.transfer.integration.ConcurrentlyTransactionCreationAndExecutionTest@42e26948]" name="testConcurrentTransactionCreation" duration-ms="72" started-at="2019-06-23T12:14:13Z" finished-at="2019-06-23T12:14:13Z">
          <reporter-output>
          </reporter-output>
        </test-method> <!-- testConcurrentTransactionCreation -->
        <test-method status="PASS" signature="testConcurrentTransactionCreation()[pri:0, instance:com.revolut.money.transfer.integration.ConcurrentlyTransactionCreationAndExecutionTest@42e26948]" name="testConcurrentTransactionCreation" duration-ms="84" started-at="2019-06-23T12:14:13Z" finished-at="2019-06-23T12:14:13Z">
          <reporter-output>
          </reporter-output>
        </test-method> <!-- testConcurrentTransactionCreation -->
        <test-method status="PASS" signature="testConcurrentTransactionCreation()[pri:0, instance:com.revolut.money.transfer.integration.ConcurrentlyTransactionCreationAndExecutionTest@42e26948]" name="testConcurrentTransactionCreation" duration-ms="43" started-at="2019-06-23T12:14:13Z" finished-at="2019-06-23T12:14:13Z">
          <reporter-output>
          </reporter-output>
        </test-method> <!-- testConcurrentTransactionCreation -->
        <test-method status="PASS" signature="testConcurrentTransactionCreation()[pri:0, instance:com.revolut.money.transfer.integration.ConcurrentlyTransactionCreationAndExecutionTest@42e26948]" name="testConcurrentTransactionCreation" duration-ms="75" started-at="2019-06-23T12:14:13Z" finished-at="2019-06-23T12:14:13Z">
          <reporter-output>
          </reporter-output>
        </test-method> <!-- testConcurrentTransactionCreation -->
        <test-method status="PASS" signature="testConcurrentTransactionCreation()[pri:0, instance:com.revolut.money.transfer.integration.ConcurrentlyTransactionCreationAndExecutionTest@42e26948]" name="testConcurrentTransactionCreation" duration-ms="74" started-at="2019-06-23T12:14:13Z" finished-at="2019-06-23T12:14:13Z">
          <reporter-output>
          </reporter-output>
        </test-method> <!-- testConcurrentTransactionCreation -->
        <test-method status="PASS" signature="testConcurrentTransactionCreation()[pri:0, instance:com.revolut.money.transfer.integration.ConcurrentlyTransactionCreationAndExecutionTest@42e26948]" name="testConcurrentTransactionCreation" duration-ms="64" started-at="2019-06-23T12:14:13Z" finished-at="2019-06-23T12:14:13Z">
          <reporter-output>
          </reporter-output>
        </test-method> <!-- testConcurrentTransactionCreation -->
        <test-method status="PASS" signature="testConcurrentTransactionCreation()[pri:0, instance:com.revolut.money.transfer.integration.ConcurrentlyTransactionCreationAndExecutionTest@42e26948]" name="testConcurrentTransactionCreation" duration-ms="76" started-at="2019-06-23T12:14:13Z" finished-at="2019-06-23T12:14:13Z">
          <reporter-output>
          </reporter-output>
        </test-method> <!-- testConcurrentTransactionCreation -->
        <test-method status="PASS" signature="testConcurrentTransactionCreation()[pri:0, instance:com.revolut.money.transfer.integration.ConcurrentlyTransactionCreationAndExecutionTest@42e26948]" name="testConcurrentTransactionCreation" duration-ms="41" started-at="2019-06-23T12:14:13Z" finished-at="2019-06-23T12:14:13Z">
          <reporter-output>
          </reporter-output>
        </test-method> <!-- testConcurrentTransactionCreation -->
        <test-method status="PASS" signature="testConcurrentTransactionCreation()[pri:0, instance:com.revolut.money.transfer.integration.ConcurrentlyTransactionCreationAndExecutionTest@42e26948]" name="testConcurrentTransactionCreation" duration-ms="40" started-at="2019-06-23T12:14:13Z" finished-at="2019-06-23T12:14:13Z">
          <reporter-output>
          </reporter-output>
        </test-method> <!-- testConcurrentTransactionCreation -->
        <test-method status="PASS" signature="testConcurrentTransactionCreation()[pri:0, instance:com.revolut.money.transfer.integration.ConcurrentlyTransactionCreationAndExecutionTest@42e26948]" name="testConcurrentTransactionCreation" duration-ms="40" started-at="2019-06-23T12:14:13Z" finished-at="2019-06-23T12:14:13Z">
          <reporter-output>
          </reporter-output>
        </test-method> <!-- testConcurrentTransactionCreation -->
        <test-method status="PASS" signature="testConcurrentTransactionCreation()[pri:0, instance:com.revolut.money.transfer.integration.ConcurrentlyTransactionCreationAndExecutionTest@42e26948]" name="testConcurrentTransactionCreation" duration-ms="60" started-at="2019-06-23T12:14:13Z" finished-at="2019-06-23T12:14:13Z">
          <reporter-output>
          </reporter-output>
        </test-method> <!-- testConcurrentTransactionCreation -->
        <test-method status="PASS" signature="testConcurrentTransactionCreation()[pri:0, instance:com.revolut.money.transfer.integration.ConcurrentlyTransactionCreationAndExecutionTest@42e26948]" name="testConcurrentTransactionCreation" duration-ms="70" started-at="2019-06-23T12:14:13Z" finished-at="2019-06-23T12:14:13Z">
          <reporter-output>
          </reporter-output>
        </test-method> <!-- testConcurrentTransactionCreation -->
        <test-method status="PASS" signature="testConcurrentTransactionCreation()[pri:0, instance:com.revolut.money.transfer.integration.ConcurrentlyTransactionCreationAndExecutionTest@42e26948]" name="testConcurrentTransactionCreation" duration-ms="60" started-at="2019-06-23T12:14:13Z" finished-at="2019-06-23T12:14:13Z">
          <reporter-output>
          </reporter-output>
        </test-method> <!-- testConcurrentTransactionCreation -->
        <test-method status="PASS" signature="testConcurrentTransactionCreation()[pri:0, instance:com.revolut.money.transfer.integration.ConcurrentlyTransactionCreationAndExecutionTest@42e26948]" name="testConcurrentTransactionCreation" duration-ms="40" started-at="2019-06-23T12:14:13Z" finished-at="2019-06-23T12:14:13Z">
          <reporter-output>
          </reporter-output>
        </test-method> <!-- testConcurrentTransactionCreation -->
        <test-method status="PASS" signature="testConcurrentTransactionCreation()[pri:0, instance:com.revolut.money.transfer.integration.ConcurrentlyTransactionCreationAndExecutionTest@42e26948]" name="testConcurrentTransactionCreation" duration-ms="39" started-at="2019-06-23T12:14:13Z" finished-at="2019-06-23T12:14:13Z">
          <reporter-output>
          </reporter-output>
        </test-method> <!-- testConcurrentTransactionCreation -->
        <test-method status="PASS" signature="testConcurrentTransactionCreation()[pri:0, instance:com.revolut.money.transfer.integration.ConcurrentlyTransactionCreationAndExecutionTest@42e26948]" name="testConcurrentTransactionCreation" duration-ms="57" started-at="2019-06-23T12:14:13Z" finished-at="2019-06-23T12:14:13Z">
          <reporter-output>
          </reporter-output>
        </test-method> <!-- testConcurrentTransactionCreation -->
        <test-method status="PASS" signature="testConcurrentTransactionCreation()[pri:0, instance:com.revolut.money.transfer.integration.ConcurrentlyTransactionCreationAndExecutionTest@42e26948]" name="testConcurrentTransactionCreation" duration-ms="66" started-at="2019-06-23T12:14:13Z" finished-at="2019-06-23T12:14:13Z">
          <reporter-output>
          </reporter-output>
        </test-method> <!-- testConcurrentTransactionCreation -->
        <test-method status="PASS" signature="checkResults()[pri:0, instance:com.revolut.money.transfer.integration.ConcurrentlyTransactionCreationAndExecutionTest@42e26948]" name="checkResults" is-config="true" duration-ms="1" started-at="2019-06-23T12:14:14Z" finished-at="2019-06-23T12:14:14Z">
          <reporter-output>
          </reporter-output>
        </test-method> <!-- checkResults -->
      </class> <!-- com.revolut.money.transfer.integration.ConcurrentlyTransactionCreationAndExecutionTest -->
    </test> <!-- Command line test -->
  </suite> <!-- Command line suite -->
</testng-results>
